<?xml version="1.0" encoding="UTF-8"?>
<testsuites>
  <testsuite name="addStaggeredEntry" timestamp="2023-10-02T12:41:00Z" hostname="e4e74b54f7e1" tests="10" skipped="0" failures="0" errors="0" time="0.157">
    <testcase time="0.018" classname="addStaggeredEntry" name="addStaggeredEntry_works_as_expected_if_no_staggered_study_entry_is_present"/>
    <testcase time="0.026" classname="addStaggeredEntry" name="addStaggeredEntry_works_as_expected_if_no_staggered_study_entry_is_present"/>
    <testcase time="0.0859999999999999" classname="addStaggeredEntry" name="addStaggeredEntry_works_as_expected_if_staggered_study_entry_is_specified_by_accrual_parameter_time"/>
    <testcase time="0.004" classname="addStaggeredEntry" name="addStaggeredEntry_works_as_expected_if_staggered_study_entry_is_specified_by_accrual_parameter_time"/>
    <testcase time="0.004" classname="addStaggeredEntry" name="addStaggeredEntry_works_as_expected_if_staggered_study_entry_is_specified_by_accrual_parameter_time"/>
    <testcase time="0.002" classname="addStaggeredEntry" name="addStaggeredEntry_works_as_expected_if_staggered_study_entry_is_specified_by_accrual_parameter_time"/>
    <testcase time="0.00800000000000001" classname="addStaggeredEntry" name="addStaggeredEntry_works_as_expected_if_staggered_study_entry_is_specified_by_accrual_parameter_intensity"/>
    <testcase time="0.004" classname="addStaggeredEntry" name="addStaggeredEntry_works_as_expected_if_staggered_study_entry_is_specified_by_accrual_parameter_intensity"/>
    <testcase time="0.004" classname="addStaggeredEntry" name="addStaggeredEntry_works_as_expected_if_staggered_study_entry_is_specified_by_accrual_parameter_intensity"/>
    <testcase time="0.00100000000000011" classname="addStaggeredEntry" name="addStaggeredEntry_works_as_expected_if_staggered_study_entry_is_specified_by_accrual_parameter_intensity"/>
  </testsuite>
  <testsuite name="assertions" timestamp="2023-10-02T12:41:00Z" hostname="e4e74b54f7e1" tests="11" skipped="0" failures="0" errors="0" time="0.068">
    <testcase time="0.018" classname="assertions" name="assert_positive_number_works_as_expected"/>
    <testcase time="0.002" classname="assertions" name="assert_positive_number_works_as_expected"/>
    <testcase time="0.00800000000000001" classname="assertions" name="assert_positive_number_works_as_expected"/>
    <testcase time="0.00600000000000001" classname="assertions" name="assert_positive_number_works_as_expected"/>
    <testcase time="0.00499999999999989" classname="assertions" name="assert_positive_number_works_as_expected"/>
    <testcase time="0.00600000000000001" classname="assertions" name="assert_intervals_works_as_expected"/>
    <testcase time="0.00100000000000011" classname="assertions" name="assert_intervals_works_as_expected"/>
    <testcase time="0.00600000000000001" classname="assertions" name="assert_intervals_works_as_expected"/>
    <testcase time="0.00499999999999989" classname="assertions" name="assert_intervals_works_as_expected"/>
    <testcase time="0.00500000000000012" classname="assertions" name="assert_intervals_works_as_expected"/>
    <testcase time="0.00599999999999978" classname="assertions" name="assert_intervals_works_as_expected"/>
  </testsuite>
  <testsuite name="empSignificant" timestamp="2023-10-02T12:41:00Z" hostname="e4e74b54f7e1" tests="5" skipped="0" failures="0" errors="0" time="1.646">
    <testcase time="0.05" classname="empSignificant" name="logRankTest_works_as_expected"/>
    <testcase time="0.00500000000000012" classname="empSignificant" name="logRankTest_works_as_expected"/>
    <testcase time="0.081" classname="empSignificant" name="passedLogRank_works_as_expected"/>
    <testcase time="0.014" classname="empSignificant" name="passedLogRank_works_as_expected"/>
    <testcase time="1.496" classname="empSignificant" name="empSignificant_works_as_expected"/>
  </testsuite>
  <testsuite name="eventTracking" timestamp="2023-10-02T12:41:02Z" hostname="e4e74b54f7e1" tests="15" skipped="0" failures="0" errors="0" time="0.136">
    <testcase time="0.0289999999999999" classname="eventTracking" name="getTimePoint_works_as_expected"/>
    <testcase time="0.00200000000000022" classname="eventTracking" name="getTimePoint_works_as_expected"/>
    <testcase time="0.02" classname="eventTracking" name="getTimePoint_works_as_expected_by_Arm"/>
    <testcase time="0.00099999999999989" classname="eventTracking" name="getTimePoint_works_as_expected_by_Arm"/>
    <testcase time="0.00099999999999989" classname="eventTracking" name="getTimePoint_works_as_expected_by_Arm"/>
    <testcase time="0.00200000000000022" classname="eventTracking" name="getTimePoint_works_as_expected_by_Arm"/>
    <testcase time="0.0219999999999998" classname="eventTracking" name="censoringByNumberEvents_works_as_expected"/>
    <testcase time="0.00099999999999989" classname="eventTracking" name="censoringByNumberEvents_works_as_expected"/>
    <testcase time="0.02" classname="eventTracking" name="trackEventsPerTrial_works_as_expected_by_arm"/>
    <testcase time="0.00500000000000034" classname="eventTracking" name="trackEventsPerTrial_works_as_expected_by_arm"/>
    <testcase time="0.00099999999999989" classname="eventTracking" name="trackEventsPerTrial_works_as_expected_by_arm"/>
    <testcase time="0.004" classname="eventTracking" name="trackEventsPerTrial_works_as_expected_by_arm"/>
    <testcase time="0.00700000000000012" classname="eventTracking" name="getCensoredData_works_as_expected"/>
    <testcase time="0.016" classname="eventTracking" name="getEventsAll_works_as_expected"/>
    <testcase time="0.00499999999999989" classname="eventTracking" name="getNumberEvents_works_as_expected"/>
  </testsuite>
  <testsuite name="getClinicalTrials" timestamp="2023-10-02T12:41:02Z" hostname="e4e74b54f7e1" tests="16" skipped="0" failures="0" errors="0" time="0.356">
    <testcase time="0.0329999999999999" classname="getClinicalTrials" name="getOneClinicalTrial_works_as_expected"/>
    <testcase time="0.004" classname="getClinicalTrials" name="getOneClinicalTrial_works_as_expected"/>
    <testcase time="0.004" classname="getClinicalTrials" name="getOneClinicalTrial_works_as_expected"/>
    <testcase time="0.0289999999999999" classname="getClinicalTrials" name="getOneClinicalTrial_works_as_expected_accrual_and_dropout_as_list"/>
    <testcase time="0.004" classname="getClinicalTrials" name="getOneClinicalTrial_works_as_expected_accrual_and_dropout_as_list"/>
    <testcase time="0.004" classname="getClinicalTrials" name="getOneClinicalTrial_works_as_expected_accrual_and_dropout_as_list"/>
    <testcase time="0.016" classname="getClinicalTrials" name="getOneClinicalTrial_creates_expected_data_set"/>
    <testcase time="0.0920000000000001" classname="getClinicalTrials" name="getClinicalTrials_works_as_expected_if_it_creates_1_row_per_patient"/>
    <testcase time="0.00099999999999989" classname="getClinicalTrials" name="getClinicalTrials_works_as_expected_if_it_creates_1_row_per_patient"/>
    <testcase time="0.004" classname="getClinicalTrials" name="getClinicalTrials_works_as_expected_if_it_creates_1_row_per_patient"/>
    <testcase time="0.0960000000000001" classname="getClinicalTrials" name="getClinicalTrials_works_as_expected_if_accrual_and_dropout_are_lists"/>
    <testcase time="0.00099999999999989" classname="getClinicalTrials" name="getClinicalTrials_works_as_expected_if_accrual_and_dropout_are_lists"/>
    <testcase time="0.004" classname="getClinicalTrials" name="getClinicalTrials_works_as_expected_if_accrual_and_dropout_are_lists"/>
    <testcase time="0.0580000000000003" classname="getClinicalTrials" name="getClinicalTrials_works_as_expected_if_it_creates_1_row_per_transition"/>
    <testcase time="0.00199999999999978" classname="getClinicalTrials" name="getClinicalTrials_works_as_expected_if_it_creates_1_row_per_transition"/>
    <testcase time="0.004" classname="getClinicalTrials" name="getClinicalTrials_works_as_expected_if_it_creates_1_row_per_transition"/>
  </testsuite>
  <testsuite name="getDatsetWideFormat" timestamp="2023-10-02T12:41:03Z" hostname="e4e74b54f7e1" tests="7" skipped="0" failures="0" errors="0" time="0.045">
    <testcase time="0.0249999999999999" classname="getDatsetWideFormat" name="getDatasetWideFormat_works_as_expected"/>
    <testcase time="0.00300000000000011" classname="getDatsetWideFormat" name="getDatasetWideFormat_works_as_expected"/>
    <testcase time="0.004" classname="getDatsetWideFormat" name="getDatasetWideFormat_works_as_expected"/>
    <testcase time="0.004" classname="getDatsetWideFormat" name="getDatasetWideFormat_works_as_expected"/>
    <testcase time="0.004" classname="getDatsetWideFormat" name="getDatasetWideFormat_works_as_expected"/>
    <testcase time="0.004" classname="getDatsetWideFormat" name="getDatasetWideFormat_works_as_expected"/>
    <testcase time="0.00099999999999989" classname="getDatsetWideFormat" name="getDatasetWideFormat_works_as_expected"/>
  </testsuite>
  <testsuite name="getSimulatedData" timestamp="2023-10-02T12:41:03Z" hostname="e4e74b54f7e1" tests="17" skipped="0" failures="0" errors="0" time="0.087">
    <testcase time="0.0110000000000001" classname="getSimulatedData" name="getOneToTwoRows_works_as_expected"/>
    <testcase time="0.004" classname="getSimulatedData" name="getOneToTwoRows_works_as_expected"/>
    <testcase time="0.004" classname="getSimulatedData" name="getOneToTwoRows_works_as_expected"/>
    <testcase time="0.004" classname="getSimulatedData" name="getOneToTwoRows_works_as_expected"/>
    <testcase time="0.00300000000000011" classname="getSimulatedData" name="getOneToTwoRows_works_as_expected"/>
    <testcase time="0.00800000000000001" classname="getSimulatedData" name="getOneToTwoRows_works_as_expected"/>
    <testcase time="0.00999999999999979" classname="getSimulatedData" name="getSimulatedData_works_as_expected_if_no_random_censoring_is_present"/>
    <testcase time="0.00100000000000033" classname="getSimulatedData" name="getSimulatedData_works_as_expected_if_no_random_censoring_is_present"/>
    <testcase time="0.00299999999999967" classname="getSimulatedData" name="getSimulatedData_works_as_expected_if_no_random_censoring_is_present"/>
    <testcase time="0.004" classname="getSimulatedData" name="getSimulatedData_works_as_expected_if_no_random_censoring_is_present"/>
    <testcase time="0.004" classname="getSimulatedData" name="getSimulatedData_works_as_expected_if_no_random_censoring_is_present"/>
    <testcase time="0.0100000000000002" classname="getSimulatedData" name="getSimulatedData_works_as_expected_if_random_censoring_is_present"/>
    <testcase time="0.00099999999999989" classname="getSimulatedData" name="getSimulatedData_works_as_expected_if_random_censoring_is_present"/>
    <testcase time="0.004" classname="getSimulatedData" name="getSimulatedData_works_as_expected_if_random_censoring_is_present"/>
    <testcase time="0.004" classname="getSimulatedData" name="getSimulatedData_works_as_expected_if_random_censoring_is_present"/>
    <testcase time="0.004" classname="getSimulatedData" name="getSimulatedData_works_as_expected_if_random_censoring_is_present"/>
    <testcase time="0.00800000000000001" classname="getSimulatedData" name="getSimulatedData_creates_expected_data_set"/>
  </testsuite>
  <testsuite name="getSimulatedDataDistib" timestamp="2023-10-02T12:41:03Z" hostname="e4e74b54f7e1" tests="3" skipped="0" failures="0" errors="0" time="120.299">
    <testcase time="15.762" classname="getSimulatedDataDistib" name="getSimulatedData_generates_distributions_as_expected_Exponential"/>
    <testcase time="62.531" classname="getSimulatedDataDistib" name="getSimulatedData_generates_distributions_as_expected_Weibull"/>
    <testcase time="42.006" classname="getSimulatedDataDistib" name="getSimulatedData_generates_distributions_as_expected_PW"/>
  </testsuite>
  <testsuite name="hazardFunctions" timestamp="2023-10-02T12:43:03Z" hostname="e4e74b54f7e1" tests="7" skipped="0" failures="0" errors="0" time="0.03">
    <testcase time="0.00800000000000978" classname="hazardFunctions" name="ExpHazOS_works_as_expected"/>
    <testcase time="0.000999999999990564" classname="hazardFunctions" name="ExpHazOS_works_as_expected"/>
    <testcase time="0.00500000000000966" classname="hazardFunctions" name="ExpHazOS_works_also_with_vector_of_times_t"/>
    <testcase time="0.00499999999999545" classname="hazardFunctions" name="avgHRIntegExpOS_works_as_expected"/>
    <testcase time="0.000999999999990564" classname="hazardFunctions" name="avgHRIntegExpOS_works_as_expected"/>
    <testcase time="0.007000000000005" classname="hazardFunctions" name="avgHRExpOS_works_as_expected"/>
    <testcase time="0.00300000000000011" classname="hazardFunctions" name="avgHRExpOS_works_as_expected"/>
  </testsuite>
  <testsuite name="piecewiseDistrb" timestamp="2023-10-02T12:43:03Z" hostname="e4e74b54f7e1" tests="4" skipped="0" failures="0" errors="0" time="0.021">
    <testcase time="0.007000000000005" classname="piecewiseDistrb" name="getPCWDistr_works_as_expected_for_constant_hazards_after_time_shift"/>
    <testcase time="0.00499999999999545" classname="piecewiseDistrb" name="getPCWDistr_works_as_expected_for_pwc_hazards_without_time_shift"/>
    <testcase time="0.00499999999999545" classname="piecewiseDistrb" name="getPCWDistr_works_as_expected_for_piecewise_constant_hazards_with_time_shift"/>
    <testcase time="0.00400000000000489" classname="piecewiseDistrb" name="PCWInversionMethod_works_as_expected"/>
  </testsuite>
  <testsuite name="piecewiseHazards" timestamp="2023-10-02T12:43:03Z" hostname="e4e74b54f7e1" tests="2" skipped="0" failures="0" errors="0" time="0.012">
    <testcase time="0.00799999999999557" classname="piecewiseHazards" name="getPCWHazard_works_as_expected"/>
    <testcase time="0.00400000000000489" classname="piecewiseHazards" name="getSumPCW_works_as_expected"/>
  </testsuite>
  <testsuite name="survivalFunctions" timestamp="2023-10-02T12:43:03Z" hostname="e4e74b54f7e1" tests="19" skipped="0" failures="0" errors="0" time="0.096">
    <testcase time="0.00900000000000034" classname="survivalFunctions" name="ExpSurvPFS_works_as_expected"/>
    <testcase time="0.00100000000000477" classname="survivalFunctions" name="ExpSurvPFS_works_as_expected"/>
    <testcase time="0.00499999999999545" classname="survivalFunctions" name="ExpSurvPFS_works_also_with_vector_of_times_t"/>
    <testcase time="0.00400000000000489" classname="survivalFunctions" name="ExpSurvOS_works_as_expected"/>
    <testcase time="0.00199999999999534" classname="survivalFunctions" name="ExpSurvOS_works_as_expected"/>
    <testcase time="0.00400000000000489" classname="survivalFunctions" name="ExpSurvOS_works_also_with_vector_of_times_t"/>
    <testcase time="0.00499999999999545" classname="survivalFunctions" name="WeibSurvPFS_works_as_expected"/>
    <testcase time="0.00100000000000477" classname="survivalFunctions" name="WeibSurvPFS_works_as_expected"/>
    <testcase time="0.00600000000000023" classname="survivalFunctions" name="WeibSurvOS_works_as_expected"/>
    <testcase time="0.000999999999990564" classname="survivalFunctions" name="WeibSurvOS_works_as_expected"/>
    <testcase time="0.00500000000000966" classname="survivalFunctions" name="pwA_works_as_expected"/>
    <testcase time="0.00499999999999545" classname="survivalFunctions" name="PWCsurvPFS_works_as_expected"/>
    <testcase time="0.00100000000000477" classname="survivalFunctions" name="PWCsurvPFS_works_as_expected"/>
    <testcase time="0.00199999999999534" classname="survivalFunctions" name="PWCsurvPFS_works_as_expected"/>
    <testcase time="0.00799999999999557" classname="survivalFunctions" name="PWCsurvOS_works_as_expected"/>
    <testcase time="0.00500000000000966" classname="survivalFunctions" name="integrateVector_works_as_expected"/>
    <testcase time="0.00699999999999079" classname="survivalFunctions" name="singleExpQuantOS_works_as_expected"/>
    <testcase time="0.0150000000000006" classname="survivalFunctions" name="ExpQuantOS_works_as_expected"/>
    <testcase time="0.0100000000000051" classname="survivalFunctions" name="ExpQuantOS_works_also_with_vector_of_quantiles_q"/>
  </testsuite>
  <testsuite name="transitionParameters" timestamp="2023-10-02T12:43:03Z" hostname="e4e74b54f7e1" tests="19" skipped="0" failures="0" errors="0" time="0.065">
    <testcase time="0.00799999999999557" classname="transitionParameters" name="exponential_transition_works_as_expected"/>
    <testcase time="0.00100000000000477" classname="transitionParameters" name="exponential_transition_works_as_expected"/>
    <testcase time="0.000999999999990564" classname="transitionParameters" name="exponential_transition_works_as_expected"/>
    <testcase time="0.00100000000000477" classname="transitionParameters" name="exponential_transition_works_as_expected"/>
    <testcase time="0.00600000000000023" classname="transitionParameters" name="exponential_transition_works_as_expected"/>
    <testcase time="0.00499999999999545" classname="transitionParameters" name="exponential_transition_works_as_expected"/>
    <testcase time="0.00400000000000489" classname="transitionParameters" name="piecewise_exponential_works_as_expected"/>
    <testcase time="0.00100000000000477" classname="transitionParameters" name="piecewise_exponential_works_as_expected"/>
    <testcase time="0.00199999999999534" classname="transitionParameters" name="piecewise_exponential_works_as_expected"/>
    <testcase time="0.00100000000000477" classname="transitionParameters" name="piecewise_exponential_works_as_expected"/>
    <testcase time="0.00499999999999545" classname="transitionParameters" name="piecewise_exponential_works_as_expected"/>
    <testcase time="0.00600000000000023" classname="transitionParameters" name="piecewise_exponential_works_as_expected"/>
    <testcase time="0.00499999999999545" classname="transitionParameters" name="piecewise_exponential_works_as_expected"/>
    <testcase time="0.00500000000000966" classname="transitionParameters" name="weibull_transition_works_as_expected"/>
    <testcase time="0.000999999999990564" classname="transitionParameters" name="weibull_transition_works_as_expected"/>
    <testcase time="0.00100000000000477" classname="transitionParameters" name="weibull_transition_works_as_expected"/>
    <testcase time="0.00100000000000477" classname="transitionParameters" name="weibull_transition_works_as_expected"/>
    <testcase time="0.00600000000000023" classname="transitionParameters" name="weibull_transition_works_as_expected"/>
    <testcase time="0.00499999999999545" classname="transitionParameters" name="weibull_transition_works_as_expected"/>
  </testsuite>
  <testsuite name="waitTimeSum" timestamp="2023-10-02T12:43:03Z" hostname="e4e74b54f7e1" tests="3" skipped="0" failures="0" errors="0" time="0.017">
    <testcase time="0.00799999999999557" classname="waitTimeSum" name="getWaitTimeSum_works_as_expected_for_sum_of_constant_hazards"/>
    <testcase time="0.00400000000000489" classname="waitTimeSum" name="getWaitTimeSum_works_as_expected_for_sum_of_hazards_entry_0_"/>
    <testcase time="0.00499999999999545" classname="waitTimeSum" name="getWaitTimeSum_works_as_expected_for_sum_of_hazards_entry_0_"/>
  </testsuite>
</testsuites>
