<?xml version="1.0" encoding="UTF-8"?>
<testsuites>
  <testsuite name="addStaggeredEntry" timestamp="2023-11-28T10:36:11Z" hostname="5a5b05c33052" tests="10" skipped="0" failures="0" errors="0" time="0.136">
    <testcase time="0.0600000000000001" classname="addStaggeredEntry" name="addStaggeredEntry_works_as_expected_if_no_staggered_study_entry_is_present"/>
    <testcase time="0.034" classname="addStaggeredEntry" name="addStaggeredEntry_works_as_expected_if_no_staggered_study_entry_is_present"/>
    <testcase time="0.014" classname="addStaggeredEntry" name="addStaggeredEntry_works_as_expected_if_staggered_study_entry_is_specified_by_accrual_parameter_time"/>
    <testcase time="0.00299999999999989" classname="addStaggeredEntry" name="addStaggeredEntry_works_as_expected_if_staggered_study_entry_is_specified_by_accrual_parameter_time"/>
    <testcase time="0.00300000000000011" classname="addStaggeredEntry" name="addStaggeredEntry_works_as_expected_if_staggered_study_entry_is_specified_by_accrual_parameter_time"/>
    <testcase time="0.00499999999999989" classname="addStaggeredEntry" name="addStaggeredEntry_works_as_expected_if_staggered_study_entry_is_specified_by_accrual_parameter_time"/>
    <testcase time="0.00800000000000001" classname="addStaggeredEntry" name="addStaggeredEntry_works_as_expected_if_staggered_study_entry_is_specified_by_accrual_parameter_intensity"/>
    <testcase time="0.00300000000000011" classname="addStaggeredEntry" name="addStaggeredEntry_works_as_expected_if_staggered_study_entry_is_specified_by_accrual_parameter_intensity"/>
    <testcase time="0.00299999999999989" classname="addStaggeredEntry" name="addStaggeredEntry_works_as_expected_if_staggered_study_entry_is_specified_by_accrual_parameter_intensity"/>
    <testcase time="0.00300000000000011" classname="addStaggeredEntry" name="addStaggeredEntry_works_as_expected_if_staggered_study_entry_is_specified_by_accrual_parameter_intensity"/>
  </testsuite>
  <testsuite name="assertions" timestamp="2023-11-28T10:36:11Z" hostname="5a5b05c33052" tests="11" skipped="0" failures="0" errors="0" time="0.062">
    <testcase time="0.0149999999999999" classname="assertions" name="assert_positive_number_works_as_expected"/>
    <testcase time="0.002" classname="assertions" name="assert_positive_number_works_as_expected"/>
    <testcase time="0.0110000000000001" classname="assertions" name="assert_positive_number_works_as_expected"/>
    <testcase time="0.004" classname="assertions" name="assert_positive_number_works_as_expected"/>
    <testcase time="0.00499999999999989" classname="assertions" name="assert_positive_number_works_as_expected"/>
    <testcase time="0.00600000000000001" classname="assertions" name="assert_intervals_works_as_expected"/>
    <testcase time="0.00100000000000011" classname="assertions" name="assert_intervals_works_as_expected"/>
    <testcase time="0.00499999999999989" classname="assertions" name="assert_intervals_works_as_expected"/>
    <testcase time="0.004" classname="assertions" name="assert_intervals_works_as_expected"/>
    <testcase time="0.004" classname="assertions" name="assert_intervals_works_as_expected"/>
    <testcase time="0.00499999999999989" classname="assertions" name="assert_intervals_works_as_expected"/>
  </testsuite>
  <testsuite name="corPFSOS" timestamp="2023-11-28T10:36:11Z" hostname="5a5b05c33052" tests="1" skipped="0" failures="0" errors="0" time="2.341">
    <testcase time="2.341" classname="corPFSOS" name="corPFSOS_returns_correct_central_estimate"/>
  </testsuite>
  <testsuite name="empSignificant" timestamp="2023-11-28T10:36:14Z" hostname="5a5b05c33052" tests="5" skipped="0" failures="0" errors="0" time="1.152">
    <testcase time="0.0300000000000002" classname="empSignificant" name="logRankTest_works_as_expected"/>
    <testcase time="0.00599999999999978" classname="empSignificant" name="logRankTest_works_as_expected"/>
    <testcase time="0.0620000000000003" classname="empSignificant" name="passedLogRank_works_as_expected"/>
    <testcase time="0.012" classname="empSignificant" name="passedLogRank_works_as_expected"/>
    <testcase time="1.042" classname="empSignificant" name="empSignificant_works_as_expected"/>
  </testsuite>
  <testsuite name="estimateParams" timestamp="2023-11-28T10:36:15Z" hostname="5a5b05c33052" tests="22" skipped="1" failures="0" errors="0" time="26.008">
    <testcase time="0.0469999999999997" classname="estimateParams" name="prepareData_works_as_expected">
      <skipped message="Reason: On CRAN ('test-estimateParams.R:15:3')"/>
    </testcase>
    <testcase time="0.0360000000000005" classname="estimateParams" name="negLogLik_works_as_expected_for_Exponential"/>
    <testcase time="0.0220000000000002" classname="estimateParams" name="negLogLik_works_as_expected_for_Weibull"/>
    <testcase time="0.00699999999999967" classname="estimateParams" name="haz_works_as_expected_for_Exponential"/>
    <testcase time="0.00300000000000011" classname="estimateParams" name="haz_works_as_expected_for_Exponential"/>
    <testcase time="0.00800000000000001" classname="estimateParams" name="haz_works_as_expected_for_Weibull"/>
    <testcase time="0.00300000000000011" classname="estimateParams" name="haz_works_as_expected_for_Weibull"/>
    <testcase time="0.00699999999999967" classname="estimateParams" name="survTrans_works_as_expected_for_Exponential"/>
    <testcase time="0.00800000000000001" classname="estimateParams" name="survTrans_works_as_expected_for_Weibull"/>
    <testcase time="0.00699999999999967" classname="estimateParams" name="getInit_works_as_expected_for_Exponential"/>
    <testcase time="0.0110000000000001" classname="estimateParams" name="getInit_works_as_expected_for_Weibull"/>
    <testcase time="0.0170000000000003" classname="estimateParams" name="getTarget_works_as_expected_for_Exponential"/>
    <testcase time="0.0209999999999999" classname="estimateParams" name="getTarget_works_as_expected_for_Weibull"/>
    <testcase time="0.00699999999999967" classname="estimateParams" name="getResults_works_as_expected_for_Exponential"/>
    <testcase time="0.00800000000000001" classname="estimateParams" name="getResults_works_as_expected_for_weibull"/>
    <testcase time="0.00300000000000011" classname="estimateParams" name="getResults_works_as_expected_for_weibull"/>
    <testcase time="7.228" classname="estimateParams" name="estimateParams_estimates_the_true_parameters_correctly_for_Exponential"/>
    <testcase time="0.00300000000000011" classname="estimateParams" name="estimateParams_estimates_the_true_parameters_correctly_for_Exponential"/>
    <testcase time="0.00300000000000011" classname="estimateParams" name="estimateParams_estimates_the_true_parameters_correctly_for_Exponential"/>
    <testcase time="18.55" classname="estimateParams" name="estimateParams_estimates_the_true_parameters_correctly_for_Weibull"/>
    <testcase time="0.00600000000000023" classname="estimateParams" name="estimateParams_estimates_the_true_parameters_correctly_for_Weibull"/>
    <testcase time="0.00300000000000011" classname="estimateParams" name="estimateParams_estimates_the_true_parameters_correctly_for_Weibull"/>
  </testsuite>
  <testsuite name="eventTracking" timestamp="2023-11-28T10:36:41Z" hostname="5a5b05c33052" tests="15" skipped="0" failures="0" errors="0" time="0.144">
    <testcase time="0.0229999999999997" classname="eventTracking" name="getTimePoint_works_as_expected"/>
    <testcase time="0.00300000000000011" classname="eventTracking" name="getTimePoint_works_as_expected"/>
    <testcase time="0.0189999999999984" classname="eventTracking" name="getTimePoint_works_as_expected_by_Arm"/>
    <testcase time="0.00400000000000134" classname="eventTracking" name="getTimePoint_works_as_expected_by_Arm"/>
    <testcase time="0.00300000000000011" classname="eventTracking" name="getTimePoint_works_as_expected_by_Arm"/>
    <testcase time="0.00399999999999778" classname="eventTracking" name="getTimePoint_works_as_expected_by_Arm"/>
    <testcase time="0.022000000000002" classname="eventTracking" name="censoringByNumberEvents_works_as_expected"/>
    <testcase time="0.00300000000000011" classname="eventTracking" name="censoringByNumberEvents_works_as_expected"/>
    <testcase time="0.0199999999999996" classname="eventTracking" name="trackEventsPerTrial_works_as_expected_by_arm"/>
    <testcase time="0.00300000000000011" classname="eventTracking" name="trackEventsPerTrial_works_as_expected_by_arm"/>
    <testcase time="0.00300000000000011" classname="eventTracking" name="trackEventsPerTrial_works_as_expected_by_arm"/>
    <testcase time="0.00300000000000011" classname="eventTracking" name="trackEventsPerTrial_works_as_expected_by_arm"/>
    <testcase time="0.0109999999999992" classname="eventTracking" name="getCensoredData_works_as_expected"/>
    <testcase time="0.0160000000000018" classname="eventTracking" name="getEventsAll_works_as_expected"/>
    <testcase time="0.0069999999999979" classname="eventTracking" name="getNumberEvents_works_as_expected"/>
  </testsuite>
  <testsuite name="getClinicalTrials" timestamp="2023-11-28T10:36:41Z" hostname="5a5b05c33052" tests="28" skipped="0" failures="0" errors="0" time="4.816">
    <testcase time="0.0240000000000009" classname="getClinicalTrials" name="getOneClinicalTrial_works_as_expected"/>
    <testcase time="0.00300000000000011" classname="getClinicalTrials" name="getOneClinicalTrial_works_as_expected"/>
    <testcase time="0.00300000000000011" classname="getClinicalTrials" name="getOneClinicalTrial_works_as_expected"/>
    <testcase time="0.0210000000000008" classname="getClinicalTrials" name="getOneClinicalTrial_works_as_expected_accrual_and_dropout_as_list"/>
    <testcase time="0.00300000000000011" classname="getClinicalTrials" name="getOneClinicalTrial_works_as_expected_accrual_and_dropout_as_list"/>
    <testcase time="0.00300000000000011" classname="getClinicalTrials" name="getOneClinicalTrial_works_as_expected_accrual_and_dropout_as_list"/>
    <testcase time="0.0189999999999984" classname="getClinicalTrials" name="getOneClinicalTrial_creates_expected_data_set"/>
    <testcase time="0.0100000000000016" classname="getClinicalTrials" name="getOneClinicalTrial_also_works_in_edge_case"/>
    <testcase time="0.00300000000000011" classname="getClinicalTrials" name="getOneClinicalTrial_also_works_in_edge_case"/>
    <testcase time="0.00599999999999667" classname="getClinicalTrials" name="getOneClinicalTrial_also_works_in_edge_case"/>
    <testcase time="0.0120000000000005" classname="getClinicalTrials" name="getOneClinicalTrial_gives_a_warning_if_there_are_no_progression_to_death_transitions_at_all"/>
    <testcase time="0.00300000000000011" classname="getClinicalTrials" name="getOneClinicalTrial_gives_a_warning_if_there_are_no_progression_to_death_transitions_at_all"/>
    <testcase time="0.00300000000000011" classname="getClinicalTrials" name="getOneClinicalTrial_gives_a_warning_if_there_are_no_progression_to_death_transitions_at_all"/>
    <testcase time="0.0690000000000026" classname="getClinicalTrials" name="getClinicalTrials_works_as_expected_if_it_creates_1_row_per_patient"/>
    <testcase time="0.00199999999999889" classname="getClinicalTrials" name="getClinicalTrials_works_as_expected_if_it_creates_1_row_per_patient"/>
    <testcase time="0.00300000000000011" classname="getClinicalTrials" name="getClinicalTrials_works_as_expected_if_it_creates_1_row_per_patient"/>
    <testcase time="0.0719999999999992" classname="getClinicalTrials" name="getClinicalTrials_works_as_expected_if_accrual_and_dropout_are_lists"/>
    <testcase time="0.00100000000000122" classname="getClinicalTrials" name="getClinicalTrials_works_as_expected_if_accrual_and_dropout_are_lists"/>
    <testcase time="0.00399999999999778" classname="getClinicalTrials" name="getClinicalTrials_works_as_expected_if_accrual_and_dropout_are_lists"/>
    <testcase time="0.0450000000000017" classname="getClinicalTrials" name="getClinicalTrials_works_as_expected_if_it_creates_1_row_per_transition"/>
    <testcase time="0.00199999999999889" classname="getClinicalTrials" name="getClinicalTrials_works_as_expected_if_it_creates_1_row_per_transition"/>
    <testcase time="0.00300000000000011" classname="getClinicalTrials" name="getClinicalTrials_works_as_expected_if_it_creates_1_row_per_transition"/>
    <testcase time="0.0380000000000003" classname="getClinicalTrials" name="getClinicalTrials_works_as_expected_and_generates_data_according_to_Exponential"/>
    <testcase time="0.00300000000000011" classname="getClinicalTrials" name="getClinicalTrials_works_as_expected_and_generates_data_according_to_Exponential"/>
    <testcase time="0.864000000000001" classname="getClinicalTrials" name="getClinicalTrials_works_as_expected_and_generates_data_according_to_Weibull"/>
    <testcase time="0.00300000000000011" classname="getClinicalTrials" name="getClinicalTrials_works_as_expected_and_generates_data_according_to_Weibull"/>
    <testcase time="3.591" classname="getClinicalTrials" name="getClinicalTrials_works_as_expected_and_generates_data_according_to_PWC"/>
    <testcase time="0.00300000000000011" classname="getClinicalTrials" name="getClinicalTrials_works_as_expected_and_generates_data_according_to_PWC"/>
  </testsuite>
  <testsuite name="getDatsetWideFormat" timestamp="2023-11-28T10:36:46Z" hostname="5a5b05c33052" tests="7" skipped="0" failures="0" errors="0" time="0.039">
    <testcase time="0.019999999999996" classname="getDatsetWideFormat" name="getDatasetWideFormat_works_as_expected"/>
    <testcase time="0.00300000000000011" classname="getDatsetWideFormat" name="getDatasetWideFormat_works_as_expected"/>
    <testcase time="0.00600000000000023" classname="getDatsetWideFormat" name="getDatasetWideFormat_works_as_expected"/>
    <testcase time="0.00300000000000011" classname="getDatsetWideFormat" name="getDatasetWideFormat_works_as_expected"/>
    <testcase time="0.00300000000000011" classname="getDatsetWideFormat" name="getDatasetWideFormat_works_as_expected"/>
    <testcase time="0.00300000000000011" classname="getDatsetWideFormat" name="getDatasetWideFormat_works_as_expected"/>
    <testcase time="0.00100000000000477" classname="getDatsetWideFormat" name="getDatasetWideFormat_works_as_expected"/>
  </testsuite>
  <testsuite name="getSimulatedData" timestamp="2023-11-28T10:36:46Z" hostname="5a5b05c33052" tests="22" skipped="0" failures="0" errors="0" time="0.104">
    <testcase time="0.00999999999999801" classname="getSimulatedData" name="getOneToTwoRows_works_as_expected"/>
    <testcase time="0.00300000000000011" classname="getSimulatedData" name="getOneToTwoRows_works_as_expected"/>
    <testcase time="0.00300000000000011" classname="getSimulatedData" name="getOneToTwoRows_works_as_expected"/>
    <testcase time="0.00300000000000011" classname="getSimulatedData" name="getOneToTwoRows_works_as_expected"/>
    <testcase time="0.00300000000000011" classname="getSimulatedData" name="getOneToTwoRows_works_as_expected"/>
    <testcase time="0.00300000000000011" classname="getSimulatedData" name="getOneToTwoRows_works_as_expected"/>
    <testcase time="0.00900000000000034" classname="getSimulatedData" name="getSimulatedData_works_as_expected_if_no_random_censoring_is_present"/>
    <testcase time="0.000999999999997669" classname="getSimulatedData" name="getSimulatedData_works_as_expected_if_no_random_censoring_is_present"/>
    <testcase time="0.00300000000000011" classname="getSimulatedData" name="getSimulatedData_works_as_expected_if_no_random_censoring_is_present"/>
    <testcase time="0.00300000000000011" classname="getSimulatedData" name="getSimulatedData_works_as_expected_if_no_random_censoring_is_present"/>
    <testcase time="0.00300000000000011" classname="getSimulatedData" name="getSimulatedData_works_as_expected_if_no_random_censoring_is_present"/>
    <testcase time="0.00900000000000034" classname="getSimulatedData" name="getSimulatedData_works_as_expected_if_random_censoring_is_present"/>
    <testcase time="0.000999999999997669" classname="getSimulatedData" name="getSimulatedData_works_as_expected_if_random_censoring_is_present"/>
    <testcase time="0.00300000000000011" classname="getSimulatedData" name="getSimulatedData_works_as_expected_if_random_censoring_is_present"/>
    <testcase time="0.00300000000000011" classname="getSimulatedData" name="getSimulatedData_works_as_expected_if_random_censoring_is_present"/>
    <testcase time="0.00300000000000011" classname="getSimulatedData" name="getSimulatedData_works_as_expected_if_random_censoring_is_present"/>
    <testcase time="0.0120000000000005" classname="getSimulatedData" name="getSimulatedData_creates_expected_data_set_for_exponential_transitions"/>
    <testcase time="0.0140000000000029" classname="getSimulatedData" name="getSimulatedData_creates_expected_data_set_for_Weibull_transitions"/>
    <testcase time="0.00799999999999557" classname="getSimulatedData" name="getSimulatedData_works_also_without_progression_to_death_transitions"/>
    <testcase time="0.00100000000000477" classname="getSimulatedData" name="getSimulatedData_works_also_without_progression_to_death_transitions"/>
    <testcase time="0.00300000000000011" classname="getSimulatedData" name="getSimulatedData_works_also_without_progression_to_death_transitions"/>
    <testcase time="0.00300000000000011" classname="getSimulatedData" name="getSimulatedData_works_also_without_progression_to_death_transitions"/>
  </testsuite>
  <testsuite name="getSimulatedDataDistib" timestamp="2023-11-28T10:36:46Z" hostname="5a5b05c33052" tests="3" skipped="0" failures="0" errors="0" time="96.67">
    <testcase time="11.435" classname="getSimulatedDataDistib" name="getSimulatedData_generates_distributions_as_expected_Exponential"/>
    <testcase time="50.476" classname="getSimulatedDataDistib" name="getSimulatedData_generates_distributions_as_expected_Weibull"/>
    <testcase time="34.759" classname="getSimulatedDataDistib" name="getSimulatedData_generates_distributions_as_expected_PW"/>
  </testsuite>
  <testsuite name="hazardFunctions" timestamp="2023-11-28T10:38:23Z" hostname="5a5b05c33052" tests="7" skipped="0" failures="0" errors="0" time="0.057">
    <testcase time="0.00999999999999091" classname="hazardFunctions" name="ExpHazOS_works_as_expected"/>
    <testcase time="0.00300000000001432" classname="hazardFunctions" name="ExpHazOS_works_as_expected"/>
    <testcase time="0.0190000000000055" classname="hazardFunctions" name="ExpHazOS_works_also_with_vector_of_times_t"/>
    <testcase time="0.00799999999998136" classname="hazardFunctions" name="avgHRIntegExpOS_works_as_expected"/>
    <testcase time="0.00300000000001432" classname="hazardFunctions" name="avgHRIntegExpOS_works_as_expected"/>
    <testcase time="0.00999999999999091" classname="hazardFunctions" name="avgHRExpOS_works_as_expected"/>
    <testcase time="0.0040000000000191" classname="hazardFunctions" name="avgHRExpOS_works_as_expected"/>
  </testsuite>
  <testsuite name="piecewiseDistrb" timestamp="2023-11-28T10:38:23Z" hostname="5a5b05c33052" tests="4" skipped="0" failures="0" errors="0" time="0.031">
    <testcase time="0.00899999999998613" classname="piecewiseDistrb" name="getPCWDistr_works_as_expected_for_constant_hazards_after_time_shift"/>
    <testcase time="0.007000000000005" classname="piecewiseDistrb" name="getPCWDistr_works_as_expected_for_pwc_hazards_without_time_shift"/>
    <testcase time="0.00800000000000978" classname="piecewiseDistrb" name="getPCWDistr_works_as_expected_for_piecewise_constant_hazards_with_time_shift"/>
    <testcase time="0.00699999999997658" classname="piecewiseDistrb" name="PCWInversionMethod_works_as_expected"/>
  </testsuite>
  <testsuite name="piecewiseHazards" timestamp="2023-11-28T10:38:23Z" hostname="5a5b05c33052" tests="2" skipped="0" failures="0" errors="0" time="0.019">
    <testcase time="0.00900000000001455" classname="piecewiseHazards" name="getPCWHazard_works_as_expected"/>
    <testcase time="0.00999999999999091" classname="piecewiseHazards" name="getSumPCW_works_as_expected"/>
  </testsuite>
  <testsuite name="survivalFunctions" timestamp="2023-11-28T10:38:23Z" hostname="5a5b05c33052" tests="26" skipped="0" failures="0" errors="0" time="0.181">
    <testcase time="0.0100000000000193" classname="survivalFunctions" name="ExpSurvPFS_works_as_expected"/>
    <testcase time="0.0029999999999859" classname="survivalFunctions" name="ExpSurvPFS_works_as_expected"/>
    <testcase time="0.00800000000000978" classname="survivalFunctions" name="ExpSurvPFS_works_also_with_vector_of_times_t"/>
    <testcase time="0.0180000000000007" classname="survivalFunctions" name="ExpSurvOS_works_as_expected"/>
    <testcase time="0.0029999999999859" classname="survivalFunctions" name="ExpSurvOS_works_as_expected"/>
    <testcase time="0.00300000000001432" classname="survivalFunctions" name="ExpSurvOS_works_as_expected"/>
    <testcase time="0.00799999999998136" classname="survivalFunctions" name="ExpSurvOS_works_also_with_vector_of_times_t"/>
    <testcase time="0.007000000000005" classname="survivalFunctions" name="WeibSurvPFS_works_as_expected"/>
    <testcase time="0.00300000000001432" classname="survivalFunctions" name="WeibSurvPFS_works_as_expected"/>
    <testcase time="0.00799999999998136" classname="survivalFunctions" name="WeibSurvOS_works_as_expected"/>
    <testcase time="0.0040000000000191" classname="survivalFunctions" name="WeibSurvOS_works_as_expected"/>
    <testcase time="0.0029999999999859" classname="survivalFunctions" name="WeibSurvOS_works_as_expected"/>
    <testcase time="0.007000000000005" classname="survivalFunctions" name="pwA_works_as_expected"/>
    <testcase time="0.00800000000000978" classname="survivalFunctions" name="PWCsurvPFS_works_as_expected"/>
    <testcase time="0.0029999999999859" classname="survivalFunctions" name="PWCsurvPFS_works_as_expected"/>
    <testcase time="0.00300000000001432" classname="survivalFunctions" name="PWCsurvPFS_works_as_expected"/>
    <testcase time="0.00999999999999091" classname="survivalFunctions" name="PWCsurvOS_works_as_expected"/>
    <testcase time="0.00600000000000023" classname="survivalFunctions" name="PWCsurvOS_works_as_expected"/>
    <testcase time="0.00399999999999068" classname="survivalFunctions" name="PWCsurvOS_works_as_expected"/>
    <testcase time="0.007000000000005" classname="survivalFunctions" name="PwcOSInt_works_as_expected"/>
    <testcase time="0.0029999999999859" classname="survivalFunctions" name="PwcOSInt_works_as_expected"/>
    <testcase time="0.0040000000000191" classname="survivalFunctions" name="PwcOSInt_works_as_expected"/>
    <testcase time="0.0180000000000007" classname="survivalFunctions" name="integrateVector_works_as_expected"/>
    <testcase time="0.00999999999999091" classname="survivalFunctions" name="singleExpQuantOS_works_as_expected"/>
    <testcase time="0.00899999999998613" classname="survivalFunctions" name="ExpQuantOS_works_as_expected"/>
    <testcase time="0.0110000000000241" classname="survivalFunctions" name="ExpQuantOS_works_also_with_vector_of_quantiles_q"/>
  </testsuite>
  <testsuite name="transitionParameters" timestamp="2023-11-28T10:38:23Z" hostname="5a5b05c33052" tests="19" skipped="0" failures="0" errors="0" time="0.095">
    <testcase time="0.00999999999999091" classname="transitionParameters" name="exponential_transition_works_as_expected"/>
    <testcase time="0.0029999999999859" classname="transitionParameters" name="exponential_transition_works_as_expected"/>
    <testcase time="0.00300000000001432" classname="transitionParameters" name="exponential_transition_works_as_expected"/>
    <testcase time="0.0029999999999859" classname="transitionParameters" name="exponential_transition_works_as_expected"/>
    <testcase time="0.00500000000002387" classname="transitionParameters" name="exponential_transition_works_as_expected"/>
    <testcase time="0.00399999999999068" classname="transitionParameters" name="exponential_transition_works_as_expected"/>
    <testcase time="0.007000000000005" classname="transitionParameters" name="piecewise_exponential_works_as_expected"/>
    <testcase time="0.0029999999999859" classname="transitionParameters" name="piecewise_exponential_works_as_expected"/>
    <testcase time="0.00300000000001432" classname="transitionParameters" name="piecewise_exponential_works_as_expected"/>
    <testcase time="0.0029999999999859" classname="transitionParameters" name="piecewise_exponential_works_as_expected"/>
    <testcase time="0.00499999999999545" classname="transitionParameters" name="piecewise_exponential_works_as_expected"/>
    <testcase time="0.00500000000002387" classname="transitionParameters" name="piecewise_exponential_works_as_expected"/>
    <testcase time="0.00399999999999068" classname="transitionParameters" name="piecewise_exponential_works_as_expected"/>
    <testcase time="0.007000000000005" classname="transitionParameters" name="weibull_transition_works_as_expected"/>
    <testcase time="0.0139999999999816" classname="transitionParameters" name="weibull_transition_works_as_expected"/>
    <testcase time="0.00300000000001432" classname="transitionParameters" name="weibull_transition_works_as_expected"/>
    <testcase time="0.0029999999999859" classname="transitionParameters" name="weibull_transition_works_as_expected"/>
    <testcase time="0.00499999999999545" classname="transitionParameters" name="weibull_transition_works_as_expected"/>
    <testcase time="0.00500000000002387" classname="transitionParameters" name="weibull_transition_works_as_expected"/>
  </testsuite>
  <testsuite name="waitTimeSum" timestamp="2023-11-28T10:38:23Z" hostname="5a5b05c33052" tests="3" skipped="0" failures="0" errors="0" time="0.024">
    <testcase time="0.00899999999998613" classname="waitTimeSum" name="getWaitTimeSum_works_as_expected_for_sum_of_constant_hazards"/>
    <testcase time="0.007000000000005" classname="waitTimeSum" name="getWaitTimeSum_works_as_expected_for_sum_of_hazards_entry_0_"/>
    <testcase time="0.00800000000000978" classname="waitTimeSum" name="getWaitTimeSum_works_as_expected_for_sum_of_hazards_entry_0_"/>
  </testsuite>
</testsuites>
