<?xml version="1.0" encoding="UTF-8"?>
<testsuites>
  <testsuite name="addStaggeredEntry" timestamp="2023-10-17T19:02:50Z" hostname="ecae3d5a4faa" tests="10" skipped="0" failures="0" errors="0" time="0.151">
    <testcase time="0.0190000000000001" classname="addStaggeredEntry" name="addStaggeredEntry_works_as_expected_if_no_staggered_study_entry_is_present"/>
    <testcase time="0.024" classname="addStaggeredEntry" name="addStaggeredEntry_works_as_expected_if_no_staggered_study_entry_is_present"/>
    <testcase time="0.081" classname="addStaggeredEntry" name="addStaggeredEntry_works_as_expected_if_staggered_study_entry_is_specified_by_accrual_parameter_time"/>
    <testcase time="0.004" classname="addStaggeredEntry" name="addStaggeredEntry_works_as_expected_if_staggered_study_entry_is_specified_by_accrual_parameter_time"/>
    <testcase time="0.00299999999999989" classname="addStaggeredEntry" name="addStaggeredEntry_works_as_expected_if_staggered_study_entry_is_specified_by_accrual_parameter_time"/>
    <testcase time="0.002" classname="addStaggeredEntry" name="addStaggeredEntry_works_as_expected_if_staggered_study_entry_is_specified_by_accrual_parameter_time"/>
    <testcase time="0.00900000000000012" classname="addStaggeredEntry" name="addStaggeredEntry_works_as_expected_if_staggered_study_entry_is_specified_by_accrual_parameter_intensity"/>
    <testcase time="0.00299999999999989" classname="addStaggeredEntry" name="addStaggeredEntry_works_as_expected_if_staggered_study_entry_is_specified_by_accrual_parameter_intensity"/>
    <testcase time="0.004" classname="addStaggeredEntry" name="addStaggeredEntry_works_as_expected_if_staggered_study_entry_is_specified_by_accrual_parameter_intensity"/>
    <testcase time="0.002" classname="addStaggeredEntry" name="addStaggeredEntry_works_as_expected_if_staggered_study_entry_is_specified_by_accrual_parameter_intensity"/>
  </testsuite>
  <testsuite name="assertions" timestamp="2023-10-17T19:02:50Z" hostname="ecae3d5a4faa" tests="11" skipped="0" failures="0" errors="0" time="0.068">
    <testcase time="0.016" classname="assertions" name="assert_positive_number_works_as_expected"/>
    <testcase time="0.002" classname="assertions" name="assert_positive_number_works_as_expected"/>
    <testcase time="0.00900000000000012" classname="assertions" name="assert_positive_number_works_as_expected"/>
    <testcase time="0.00600000000000001" classname="assertions" name="assert_positive_number_works_as_expected"/>
    <testcase time="0.00499999999999989" classname="assertions" name="assert_positive_number_works_as_expected"/>
    <testcase time="0.00600000000000001" classname="assertions" name="assert_intervals_works_as_expected"/>
    <testcase time="0.002" classname="assertions" name="assert_intervals_works_as_expected"/>
    <testcase time="0.00500000000000012" classname="assertions" name="assert_intervals_works_as_expected"/>
    <testcase time="0.00600000000000001" classname="assertions" name="assert_intervals_works_as_expected"/>
    <testcase time="0.00499999999999989" classname="assertions" name="assert_intervals_works_as_expected"/>
    <testcase time="0.00600000000000001" classname="assertions" name="assert_intervals_works_as_expected"/>
  </testsuite>
  <testsuite name="empSignificant" timestamp="2023-10-17T19:02:50Z" hostname="ecae3d5a4faa" tests="5" skipped="0" failures="0" errors="0" time="1.525">
    <testcase time="0.048" classname="empSignificant" name="logRankTest_works_as_expected"/>
    <testcase time="0.00499999999999989" classname="empSignificant" name="logRankTest_works_as_expected"/>
    <testcase time="0.0760000000000001" classname="empSignificant" name="passedLogRank_works_as_expected"/>
    <testcase time="0.014" classname="empSignificant" name="passedLogRank_works_as_expected"/>
    <testcase time="1.382" classname="empSignificant" name="empSignificant_works_as_expected"/>
  </testsuite>
  <testsuite name="eventTracking" timestamp="2023-10-17T19:02:51Z" hostname="ecae3d5a4faa" tests="15" skipped="0" failures="0" errors="0" time="0.127">
    <testcase time="0.0230000000000001" classname="eventTracking" name="getTimePoint_works_as_expected"/>
    <testcase time="0.00199999999999978" classname="eventTracking" name="getTimePoint_works_as_expected"/>
    <testcase time="0.0190000000000001" classname="eventTracking" name="getTimePoint_works_as_expected_by_Arm"/>
    <testcase time="0.00199999999999978" classname="eventTracking" name="getTimePoint_works_as_expected_by_Arm"/>
    <testcase time="0.00099999999999989" classname="eventTracking" name="getTimePoint_works_as_expected_by_Arm"/>
    <testcase time="0.00200000000000022" classname="eventTracking" name="getTimePoint_works_as_expected_by_Arm"/>
    <testcase time="0.0219999999999998" classname="eventTracking" name="censoringByNumberEvents_works_as_expected"/>
    <testcase time="0.00200000000000022" classname="eventTracking" name="censoringByNumberEvents_works_as_expected"/>
    <testcase time="0.0190000000000001" classname="eventTracking" name="trackEventsPerTrial_works_as_expected_by_arm"/>
    <testcase time="0.004" classname="eventTracking" name="trackEventsPerTrial_works_as_expected_by_arm"/>
    <testcase time="0.00199999999999978" classname="eventTracking" name="trackEventsPerTrial_works_as_expected_by_arm"/>
    <testcase time="0.004" classname="eventTracking" name="trackEventsPerTrial_works_as_expected_by_arm"/>
    <testcase time="0.00600000000000023" classname="eventTracking" name="getCensoredData_works_as_expected"/>
    <testcase time="0.0139999999999998" classname="eventTracking" name="getEventsAll_works_as_expected"/>
    <testcase time="0.00500000000000034" classname="eventTracking" name="getNumberEvents_works_as_expected"/>
  </testsuite>
  <testsuite name="getClinicalTrials" timestamp="2023-10-17T19:02:52Z" hostname="ecae3d5a4faa" tests="22" skipped="0" failures="0" errors="0" time="3.639">
    <testcase time="0.0339999999999998" classname="getClinicalTrials" name="getOneClinicalTrial_works_as_expected"/>
    <testcase time="0.004" classname="getClinicalTrials" name="getOneClinicalTrial_works_as_expected"/>
    <testcase time="0.004" classname="getClinicalTrials" name="getOneClinicalTrial_works_as_expected"/>
    <testcase time="0.0249999999999999" classname="getClinicalTrials" name="getOneClinicalTrial_works_as_expected_accrual_and_dropout_as_list"/>
    <testcase time="0.004" classname="getClinicalTrials" name="getOneClinicalTrial_works_as_expected_accrual_and_dropout_as_list"/>
    <testcase time="0.004" classname="getClinicalTrials" name="getOneClinicalTrial_works_as_expected_accrual_and_dropout_as_list"/>
    <testcase time="0.016" classname="getClinicalTrials" name="getOneClinicalTrial_creates_expected_data_set"/>
    <testcase time="0.0840000000000001" classname="getClinicalTrials" name="getClinicalTrials_works_as_expected_if_it_creates_1_row_per_patient"/>
    <testcase time="0.00099999999999989" classname="getClinicalTrials" name="getClinicalTrials_works_as_expected_if_it_creates_1_row_per_patient"/>
    <testcase time="0.00800000000000001" classname="getClinicalTrials" name="getClinicalTrials_works_as_expected_if_it_creates_1_row_per_patient"/>
    <testcase time="0.0840000000000001" classname="getClinicalTrials" name="getClinicalTrials_works_as_expected_if_accrual_and_dropout_are_lists"/>
    <testcase time="0.00200000000000022" classname="getClinicalTrials" name="getClinicalTrials_works_as_expected_if_accrual_and_dropout_are_lists"/>
    <testcase time="0.004" classname="getClinicalTrials" name="getClinicalTrials_works_as_expected_if_accrual_and_dropout_are_lists"/>
    <testcase time="0.0549999999999997" classname="getClinicalTrials" name="getClinicalTrials_works_as_expected_if_it_creates_1_row_per_transition"/>
    <testcase time="0.00099999999999989" classname="getClinicalTrials" name="getClinicalTrials_works_as_expected_if_it_creates_1_row_per_transition"/>
    <testcase time="0.004" classname="getClinicalTrials" name="getClinicalTrials_works_as_expected_if_it_creates_1_row_per_transition"/>
    <testcase time="0.052" classname="getClinicalTrials" name="getClinicalTrials_works_as_expected_and_generates_data_according_to_Exponential"/>
    <testcase time="0.004" classname="getClinicalTrials" name="getClinicalTrials_works_as_expected_and_generates_data_according_to_Exponential"/>
    <testcase time="0.684" classname="getClinicalTrials" name="getClinicalTrials_works_as_expected_and_generates_data_according_to_Weibull"/>
    <testcase time="0.00500000000000078" classname="getClinicalTrials" name="getClinicalTrials_works_as_expected_and_generates_data_according_to_Weibull"/>
    <testcase time="2.556" classname="getClinicalTrials" name="getClinicalTrials_works_as_expected_and_generates_data_according_to_PWC"/>
    <testcase time="0.00399999999999956" classname="getClinicalTrials" name="getClinicalTrials_works_as_expected_and_generates_data_according_to_PWC"/>
  </testsuite>
  <testsuite name="getDatsetWideFormat" timestamp="2023-10-17T19:02:55Z" hostname="ecae3d5a4faa" tests="7" skipped="0" failures="0" errors="0" time="0.045">
    <testcase time="0.024" classname="getDatsetWideFormat" name="getDatasetWideFormat_works_as_expected"/>
    <testcase time="0.00400000000000045" classname="getDatsetWideFormat" name="getDatasetWideFormat_works_as_expected"/>
    <testcase time="0.00399999999999956" classname="getDatsetWideFormat" name="getDatasetWideFormat_works_as_expected"/>
    <testcase time="0.00400000000000045" classname="getDatsetWideFormat" name="getDatasetWideFormat_works_as_expected"/>
    <testcase time="0.00399999999999956" classname="getDatsetWideFormat" name="getDatasetWideFormat_works_as_expected"/>
    <testcase time="0.00300000000000011" classname="getDatsetWideFormat" name="getDatasetWideFormat_works_as_expected"/>
    <testcase time="0.00199999999999978" classname="getDatsetWideFormat" name="getDatasetWideFormat_works_as_expected"/>
  </testsuite>
  <testsuite name="getSimulatedData" timestamp="2023-10-17T19:02:55Z" hostname="ecae3d5a4faa" tests="18" skipped="0" failures="0" errors="0" time="0.096">
    <testcase time="0.0110000000000001" classname="getSimulatedData" name="getOneToTwoRows_works_as_expected"/>
    <testcase time="0.00400000000000045" classname="getSimulatedData" name="getOneToTwoRows_works_as_expected"/>
    <testcase time="0.00399999999999956" classname="getSimulatedData" name="getOneToTwoRows_works_as_expected"/>
    <testcase time="0.00300000000000011" classname="getSimulatedData" name="getOneToTwoRows_works_as_expected"/>
    <testcase time="0.00399999999999956" classname="getSimulatedData" name="getOneToTwoRows_works_as_expected"/>
    <testcase time="0.00400000000000045" classname="getSimulatedData" name="getOneToTwoRows_works_as_expected"/>
    <testcase time="0.00999999999999979" classname="getSimulatedData" name="getSimulatedData_works_as_expected_if_no_random_censoring_is_present"/>
    <testcase time="0.00100000000000033" classname="getSimulatedData" name="getSimulatedData_works_as_expected_if_no_random_censoring_is_present"/>
    <testcase time="0.00399999999999956" classname="getSimulatedData" name="getSimulatedData_works_as_expected_if_no_random_censoring_is_present"/>
    <testcase time="0.00400000000000045" classname="getSimulatedData" name="getSimulatedData_works_as_expected_if_no_random_censoring_is_present"/>
    <testcase time="0.00399999999999956" classname="getSimulatedData" name="getSimulatedData_works_as_expected_if_no_random_censoring_is_present"/>
    <testcase time="0.0129999999999999" classname="getSimulatedData" name="getSimulatedData_works_as_expected_if_random_censoring_is_present"/>
    <testcase time="0.00100000000000033" classname="getSimulatedData" name="getSimulatedData_works_as_expected_if_random_censoring_is_present"/>
    <testcase time="0.00399999999999956" classname="getSimulatedData" name="getSimulatedData_works_as_expected_if_random_censoring_is_present"/>
    <testcase time="0.00400000000000045" classname="getSimulatedData" name="getSimulatedData_works_as_expected_if_random_censoring_is_present"/>
    <testcase time="0.00399999999999956" classname="getSimulatedData" name="getSimulatedData_works_as_expected_if_random_censoring_is_present"/>
    <testcase time="0.00800000000000001" classname="getSimulatedData" name="getSimulatedData_creates_expected_data_set_for_exponential_transitions"/>
    <testcase time="0.00900000000000034" classname="getSimulatedData" name="getSimulatedData_creates_expected_data_set_for_Weibull_transitions"/>
  </testsuite>
  <testsuite name="getSimulatedDataDistib" timestamp="2023-10-17T19:02:55Z" hostname="ecae3d5a4faa" tests="3" skipped="0" failures="0" errors="0" time="118.158">
    <testcase time="14.524" classname="getSimulatedDataDistib" name="getSimulatedData_generates_distributions_as_expected_Exponential"/>
    <testcase time="61.702" classname="getSimulatedDataDistib" name="getSimulatedData_generates_distributions_as_expected_Weibull"/>
    <testcase time="41.932" classname="getSimulatedDataDistib" name="getSimulatedData_generates_distributions_as_expected_PW"/>
  </testsuite>
  <testsuite name="hazardFunctions" timestamp="2023-10-17T19:04:53Z" hostname="ecae3d5a4faa" tests="7" skipped="0" failures="0" errors="0" time="0.031">
    <testcase time="0.00799999999999557" classname="hazardFunctions" name="ExpHazOS_works_as_expected"/>
    <testcase time="0.00200000000000955" classname="hazardFunctions" name="ExpHazOS_works_as_expected"/>
    <testcase time="0.00399999999999068" classname="hazardFunctions" name="ExpHazOS_works_also_with_vector_of_times_t"/>
    <testcase time="0.00499999999999545" classname="hazardFunctions" name="avgHRIntegExpOS_works_as_expected"/>
    <testcase time="0.00200000000000955" classname="hazardFunctions" name="avgHRIntegExpOS_works_as_expected"/>
    <testcase time="0.00699999999999079" classname="hazardFunctions" name="avgHRExpOS_works_as_expected"/>
    <testcase time="0.00300000000000011" classname="hazardFunctions" name="avgHRExpOS_works_as_expected"/>
  </testsuite>
  <testsuite name="piecewiseDistrb" timestamp="2023-10-17T19:04:53Z" hostname="ecae3d5a4faa" tests="4" skipped="0" failures="0" errors="0" time="0.022">
    <testcase time="0.00800000000000978" classname="piecewiseDistrb" name="getPCWDistr_works_as_expected_for_constant_hazards_after_time_shift"/>
    <testcase time="0.00499999999999545" classname="piecewiseDistrb" name="getPCWDistr_works_as_expected_for_pwc_hazards_without_time_shift"/>
    <testcase time="0.00499999999999545" classname="piecewiseDistrb" name="getPCWDistr_works_as_expected_for_piecewise_constant_hazards_with_time_shift"/>
    <testcase time="0.00400000000000489" classname="piecewiseDistrb" name="PCWInversionMethod_works_as_expected"/>
  </testsuite>
  <testsuite name="piecewiseHazards" timestamp="2023-10-17T19:04:54Z" hostname="ecae3d5a4faa" tests="2" skipped="0" failures="0" errors="0" time="0.033">
    <testcase time="0.027000000000001" classname="piecewiseHazards" name="getPCWHazard_works_as_expected"/>
    <testcase time="0.00600000000000023" classname="piecewiseHazards" name="getSumPCW_works_as_expected"/>
  </testsuite>
  <testsuite name="survivalFunctions" timestamp="2023-10-17T19:04:54Z" hostname="ecae3d5a4faa" tests="20" skipped="0" failures="0" errors="0" time="0.091">
    <testcase time="0.00900000000000034" classname="survivalFunctions" name="ExpSurvPFS_works_as_expected"/>
    <testcase time="0.00100000000000477" classname="survivalFunctions" name="ExpSurvPFS_works_as_expected"/>
    <testcase time="0.00499999999999545" classname="survivalFunctions" name="ExpSurvPFS_works_also_with_vector_of_times_t"/>
    <testcase time="0.00499999999999545" classname="survivalFunctions" name="ExpSurvOS_works_as_expected"/>
    <testcase time="0.00100000000000477" classname="survivalFunctions" name="ExpSurvOS_works_as_expected"/>
    <testcase time="0.00199999999999534" classname="survivalFunctions" name="ExpSurvOS_works_as_expected"/>
    <testcase time="0.00500000000000966" classname="survivalFunctions" name="ExpSurvOS_works_also_with_vector_of_times_t"/>
    <testcase time="0.00499999999999545" classname="survivalFunctions" name="WeibSurvPFS_works_as_expected"/>
    <testcase time="0.00100000000000477" classname="survivalFunctions" name="WeibSurvPFS_works_as_expected"/>
    <testcase time="0.00499999999999545" classname="survivalFunctions" name="WeibSurvOS_works_as_expected"/>
    <testcase time="0.00199999999999534" classname="survivalFunctions" name="WeibSurvOS_works_as_expected"/>
    <testcase time="0.00500000000000966" classname="survivalFunctions" name="pwA_works_as_expected"/>
    <testcase time="0.00499999999999545" classname="survivalFunctions" name="PWCsurvPFS_works_as_expected"/>
    <testcase time="0.00199999999999534" classname="survivalFunctions" name="PWCsurvPFS_works_as_expected"/>
    <testcase time="0.00200000000000955" classname="survivalFunctions" name="PWCsurvPFS_works_as_expected"/>
    <testcase time="0.00699999999999079" classname="survivalFunctions" name="PWCsurvOS_works_as_expected"/>
    <testcase time="0.00499999999999545" classname="survivalFunctions" name="integrateVector_works_as_expected"/>
    <testcase time="0.007000000000005" classname="survivalFunctions" name="singleExpQuantOS_works_as_expected"/>
    <testcase time="0.007000000000005" classname="survivalFunctions" name="ExpQuantOS_works_as_expected"/>
    <testcase time="0.00999999999999091" classname="survivalFunctions" name="ExpQuantOS_works_also_with_vector_of_quantiles_q"/>
  </testsuite>
  <testsuite name="transitionParameters" timestamp="2023-10-17T19:04:54Z" hostname="ecae3d5a4faa" tests="19" skipped="0" failures="0" errors="0" time="0.092">
    <testcase time="0.00800000000000978" classname="transitionParameters" name="exponential_transition_works_as_expected"/>
    <testcase time="0.00199999999999534" classname="transitionParameters" name="exponential_transition_works_as_expected"/>
    <testcase time="0.00100000000000477" classname="transitionParameters" name="exponential_transition_works_as_expected"/>
    <testcase time="0.00199999999999534" classname="transitionParameters" name="exponential_transition_works_as_expected"/>
    <testcase time="0.00600000000000023" classname="transitionParameters" name="exponential_transition_works_as_expected"/>
    <testcase time="0.0240000000000009" classname="transitionParameters" name="exponential_transition_works_as_expected"/>
    <testcase time="0.00499999999999545" classname="transitionParameters" name="piecewise_exponential_works_as_expected"/>
    <testcase time="0.00200000000000955" classname="transitionParameters" name="piecewise_exponential_works_as_expected"/>
    <testcase time="0.000999999999990564" classname="transitionParameters" name="piecewise_exponential_works_as_expected"/>
    <testcase time="0.00200000000000955" classname="transitionParameters" name="piecewise_exponential_works_as_expected"/>
    <testcase time="0.00600000000000023" classname="transitionParameters" name="piecewise_exponential_works_as_expected"/>
    <testcase time="0.00600000000000023" classname="transitionParameters" name="piecewise_exponential_works_as_expected"/>
    <testcase time="0.00600000000000023" classname="transitionParameters" name="piecewise_exponential_works_as_expected"/>
    <testcase time="0.00499999999999545" classname="transitionParameters" name="weibull_transition_works_as_expected"/>
    <testcase time="0.00100000000000477" classname="transitionParameters" name="weibull_transition_works_as_expected"/>
    <testcase time="0.00199999999999534" classname="transitionParameters" name="weibull_transition_works_as_expected"/>
    <testcase time="0.00100000000000477" classname="transitionParameters" name="weibull_transition_works_as_expected"/>
    <testcase time="0.00600000000000023" classname="transitionParameters" name="weibull_transition_works_as_expected"/>
    <testcase time="0.00599999999998602" classname="transitionParameters" name="weibull_transition_works_as_expected"/>
  </testsuite>
  <testsuite name="waitTimeSum" timestamp="2023-10-17T19:04:54Z" hostname="ecae3d5a4faa" tests="3" skipped="0" failures="0" errors="0" time="0.017">
    <testcase time="0.007000000000005" classname="waitTimeSum" name="getWaitTimeSum_works_as_expected_for_sum_of_constant_hazards"/>
    <testcase time="0.00499999999999545" classname="waitTimeSum" name="getWaitTimeSum_works_as_expected_for_sum_of_hazards_entry_0_"/>
    <testcase time="0.00500000000000966" classname="waitTimeSum" name="getWaitTimeSum_works_as_expected_for_sum_of_hazards_entry_0_"/>
  </testsuite>
</testsuites>
