<?xml version="1.0" encoding="UTF-8"?>
<testsuites>
  <testsuite name="addStaggeredEntry" timestamp="2023-09-20T13:34:17Z" hostname="655b81548871" tests="10" skipped="0" failures="0" errors="0" time="0.165">
    <testcase time="0.045" classname="addStaggeredEntry" name="addStaggeredEntry_works_as_expected_if_no_staggered_study_entry_is_present"/>
    <testcase time="0.02" classname="addStaggeredEntry" name="addStaggeredEntry_works_as_expected_if_no_staggered_study_entry_is_present"/>
    <testcase time="0.0710000000000001" classname="addStaggeredEntry" name="addStaggeredEntry_works_as_expected_if_staggered_study_entry_is_specified_by_accrual_parameter_time"/>
    <testcase time="0.00499999999999989" classname="addStaggeredEntry" name="addStaggeredEntry_works_as_expected_if_staggered_study_entry_is_specified_by_accrual_parameter_time"/>
    <testcase time="0.004" classname="addStaggeredEntry" name="addStaggeredEntry_works_as_expected_if_staggered_study_entry_is_specified_by_accrual_parameter_time"/>
    <testcase time="0.001" classname="addStaggeredEntry" name="addStaggeredEntry_works_as_expected_if_staggered_study_entry_is_specified_by_accrual_parameter_time"/>
    <testcase time="0.011" classname="addStaggeredEntry" name="addStaggeredEntry_works_as_expected_if_staggered_study_entry_is_specified_by_accrual_parameter_intensity"/>
    <testcase time="0.004" classname="addStaggeredEntry" name="addStaggeredEntry_works_as_expected_if_staggered_study_entry_is_specified_by_accrual_parameter_intensity"/>
    <testcase time="0.003" classname="addStaggeredEntry" name="addStaggeredEntry_works_as_expected_if_staggered_study_entry_is_specified_by_accrual_parameter_intensity"/>
    <testcase time="0.001" classname="addStaggeredEntry" name="addStaggeredEntry_works_as_expected_if_staggered_study_entry_is_specified_by_accrual_parameter_intensity"/>
  </testsuite>
  <testsuite name="assertions" timestamp="2023-09-20T13:34:17Z" hostname="655b81548871" tests="11" skipped="0" failures="0" errors="0" time="0.063">
    <testcase time="0.016" classname="assertions" name="assert_positive_number_works_as_expected"/>
    <testcase time="0.002" classname="assertions" name="assert_positive_number_works_as_expected"/>
    <testcase time="0.00800000000000001" classname="assertions" name="assert_positive_number_works_as_expected"/>
    <testcase time="0.005" classname="assertions" name="assert_positive_number_works_as_expected"/>
    <testcase time="0.005" classname="assertions" name="assert_positive_number_works_as_expected"/>
    <testcase time="0.005" classname="assertions" name="assert_intervals_works_as_expected"/>
    <testcase time="0.002" classname="assertions" name="assert_intervals_works_as_expected"/>
    <testcase time="0.005" classname="assertions" name="assert_intervals_works_as_expected"/>
    <testcase time="0.005" classname="assertions" name="assert_intervals_works_as_expected"/>
    <testcase time="0.005" classname="assertions" name="assert_intervals_works_as_expected"/>
    <testcase time="0.005" classname="assertions" name="assert_intervals_works_as_expected"/>
  </testsuite>
  <testsuite name="eventTracking" timestamp="2023-09-20T13:34:17Z" hostname="655b81548871" tests="15" skipped="0" failures="0" errors="0" time="0.137">
    <testcase time="0.0379999999999999" classname="eventTracking" name="getTimePoint_works_as_expected"/>
    <testcase time="0.001" classname="eventTracking" name="getTimePoint_works_as_expected"/>
    <testcase time="0.019" classname="eventTracking" name="getTimePoint_works_as_expected_by_Arm"/>
    <testcase time="0.001" classname="eventTracking" name="getTimePoint_works_as_expected_by_Arm"/>
    <testcase time="0.001" classname="eventTracking" name="getTimePoint_works_as_expected_by_Arm"/>
    <testcase time="0.001" classname="eventTracking" name="getTimePoint_works_as_expected_by_Arm"/>
    <testcase time="0.021" classname="eventTracking" name="censoringByNumberEvents_works_as_expected"/>
    <testcase time="0.001" classname="eventTracking" name="censoringByNumberEvents_works_as_expected"/>
    <testcase time="0.019" classname="eventTracking" name="trackEventsPerTrial_works_as_expected_by_arm"/>
    <testcase time="0.004" classname="eventTracking" name="trackEventsPerTrial_works_as_expected_by_arm"/>
    <testcase time="0.001" classname="eventTracking" name="trackEventsPerTrial_works_as_expected_by_arm"/>
    <testcase time="0.003" classname="eventTracking" name="trackEventsPerTrial_works_as_expected_by_arm"/>
    <testcase time="0.00800000000000001" classname="eventTracking" name="getCensoredData_works_as_expected"/>
    <testcase time="0.014" classname="eventTracking" name="getEventsAll_works_as_expected"/>
    <testcase time="0.005" classname="eventTracking" name="getNumberEvents_works_as_expected"/>
  </testsuite>
  <testsuite name="getClinicalTrials" timestamp="2023-09-20T13:34:18Z" hostname="655b81548871" tests="16" skipped="0" failures="0" errors="0" time="0.32">
    <testcase time="0.026" classname="getClinicalTrials" name="getOneClinicalTrial_works_as_expected"/>
    <testcase time="0.00399999999999989" classname="getClinicalTrials" name="getOneClinicalTrial_works_as_expected"/>
    <testcase time="0.003" classname="getClinicalTrials" name="getOneClinicalTrial_works_as_expected"/>
    <testcase time="0.024" classname="getClinicalTrials" name="getOneClinicalTrial_works_as_expected_accrual_and_dropout_as_list"/>
    <testcase time="0.004" classname="getClinicalTrials" name="getOneClinicalTrial_works_as_expected_accrual_and_dropout_as_list"/>
    <testcase time="0.003" classname="getClinicalTrials" name="getOneClinicalTrial_works_as_expected_accrual_and_dropout_as_list"/>
    <testcase time="0.017" classname="getClinicalTrials" name="getOneClinicalTrial_creates_expected_data_set"/>
    <testcase time="0.086" classname="getClinicalTrials" name="getClinicalTrials_works_as_expected_if_it_creates_1_row_per_patient"/>
    <testcase time="0.001" classname="getClinicalTrials" name="getClinicalTrials_works_as_expected_if_it_creates_1_row_per_patient"/>
    <testcase time="0.004" classname="getClinicalTrials" name="getClinicalTrials_works_as_expected_if_it_creates_1_row_per_patient"/>
    <testcase time="0.0850000000000001" classname="getClinicalTrials" name="getClinicalTrials_works_as_expected_if_accrual_and_dropout_are_lists"/>
    <testcase time="0.00099999999999989" classname="getClinicalTrials" name="getClinicalTrials_works_as_expected_if_accrual_and_dropout_are_lists"/>
    <testcase time="0.00300000000000011" classname="getClinicalTrials" name="getClinicalTrials_works_as_expected_if_accrual_and_dropout_are_lists"/>
    <testcase time="0.054" classname="getClinicalTrials" name="getClinicalTrials_works_as_expected_if_it_creates_1_row_per_transition"/>
    <testcase time="0.00099999999999989" classname="getClinicalTrials" name="getClinicalTrials_works_as_expected_if_it_creates_1_row_per_transition"/>
    <testcase time="0.004" classname="getClinicalTrials" name="getClinicalTrials_works_as_expected_if_it_creates_1_row_per_transition"/>
  </testsuite>
  <testsuite name="getDatsetWideFormat" timestamp="2023-09-20T13:34:18Z" hostname="655b81548871" tests="7" skipped="0" failures="0" errors="0" time="0.043">
    <testcase time="0.0250000000000001" classname="getDatsetWideFormat" name="getDatasetWideFormat_works_as_expected"/>
    <testcase time="0.00299999999999989" classname="getDatsetWideFormat" name="getDatasetWideFormat_works_as_expected"/>
    <testcase time="0.004" classname="getDatsetWideFormat" name="getDatasetWideFormat_works_as_expected"/>
    <testcase time="0.00299999999999989" classname="getDatsetWideFormat" name="getDatasetWideFormat_works_as_expected"/>
    <testcase time="0.004" classname="getDatsetWideFormat" name="getDatasetWideFormat_works_as_expected"/>
    <testcase time="0.00300000000000011" classname="getDatsetWideFormat" name="getDatasetWideFormat_works_as_expected"/>
    <testcase time="0.00099999999999989" classname="getDatsetWideFormat" name="getDatasetWideFormat_works_as_expected"/>
  </testsuite>
  <testsuite name="getSimulatedData" timestamp="2023-09-20T13:34:18Z" hostname="655b81548871" tests="17" skipped="0" failures="0" errors="0" time="0.077">
    <testcase time="0.01" classname="getSimulatedData" name="getOneToTwoRows_works_as_expected"/>
    <testcase time="0.004" classname="getSimulatedData" name="getOneToTwoRows_works_as_expected"/>
    <testcase time="0.00300000000000011" classname="getSimulatedData" name="getOneToTwoRows_works_as_expected"/>
    <testcase time="0.004" classname="getSimulatedData" name="getOneToTwoRows_works_as_expected"/>
    <testcase time="0.00299999999999989" classname="getSimulatedData" name="getOneToTwoRows_works_as_expected"/>
    <testcase time="0.00300000000000011" classname="getSimulatedData" name="getOneToTwoRows_works_as_expected"/>
    <testcase time="0.0089999999999999" classname="getSimulatedData" name="getSimulatedData_works_as_expected_if_no_random_censoring_is_present"/>
    <testcase time="0.00100000000000011" classname="getSimulatedData" name="getSimulatedData_works_as_expected_if_no_random_censoring_is_present"/>
    <testcase time="0.004" classname="getSimulatedData" name="getSimulatedData_works_as_expected_if_no_random_censoring_is_present"/>
    <testcase time="0.00299999999999989" classname="getSimulatedData" name="getSimulatedData_works_as_expected_if_no_random_censoring_is_present"/>
    <testcase time="0.004" classname="getSimulatedData" name="getSimulatedData_works_as_expected_if_no_random_censoring_is_present"/>
    <testcase time="0.00800000000000001" classname="getSimulatedData" name="getSimulatedData_works_as_expected_if_random_censoring_is_present"/>
    <testcase time="0.00100000000000011" classname="getSimulatedData" name="getSimulatedData_works_as_expected_if_random_censoring_is_present"/>
    <testcase time="0.004" classname="getSimulatedData" name="getSimulatedData_works_as_expected_if_random_censoring_is_present"/>
    <testcase time="0.00299999999999989" classname="getSimulatedData" name="getSimulatedData_works_as_expected_if_random_censoring_is_present"/>
    <testcase time="0.00600000000000001" classname="getSimulatedData" name="getSimulatedData_works_as_expected_if_random_censoring_is_present"/>
    <testcase time="0.00700000000000012" classname="getSimulatedData" name="getSimulatedData_creates_expected_data_set"/>
  </testsuite>
  <testsuite name="getSimulatedDataDistib" timestamp="2023-09-20T13:34:18Z" hostname="655b81548871" tests="3" skipped="0" failures="0" errors="0" time="119.796">
    <testcase time="14.681" classname="getSimulatedDataDistib" name="getSimulatedData_generates_distributions_as_expected_Exponential"/>
    <testcase time="63.57" classname="getSimulatedDataDistib" name="getSimulatedData_generates_distributions_as_expected_Weibull"/>
    <testcase time="41.545" classname="getSimulatedDataDistib" name="getSimulatedData_generates_distributions_as_expected_PW"/>
  </testsuite>
  <testsuite name="hazardFunctions" timestamp="2023-09-20T13:36:18Z" hostname="655b81548871" tests="3" skipped="0" failures="0" errors="1" time="0.064">
    <testcase time="0.007000000000005" classname="hazardFunctions" name="ExpHazOS_works_as_expected"/>
    <testcase time="0.00499999999999545" classname="hazardFunctions" name="ExpHazOS_works_as_expected">
      <error type="error" message="Error in `assert_positive_number(h12)`: Assertion on 'x &gt; 0' failed: Must be TRUE. ('test-hazardFunctions.R:7:3')">Error in `assert_positive_number(h12)`: Assertion on 'x &gt; 0' failed: Must be TRUE.
Backtrace:
    ▆
 1. └─simIDM::ExpHazOS(2, 0.4, 1.4, 0) at test-hazardFunctions.R:7:2
 2.   └─simIDM::assert_positive_number(h12)
 3.     └─checkmate::assert_true(x &gt; 0)
 4.       └─checkmate::makeAssertion(x, res, .var.name, add)
 5.         └─checkmate:::mstop(...)</error>
    </testcase>
    <testcase time="0.0520000000000067" classname="hazardFunctions" name="ExpHazOS_works_also_with_vector_of_times_t"/>
  </testsuite>
  <testsuite name="piecewiseDistrb" timestamp="2023-09-20T13:36:18Z" hostname="655b81548871" tests="4" skipped="0" failures="0" errors="0" time="0.046">
    <testcase time="0.00699999999999079" classname="piecewiseDistrb" name="getPCWDistr_works_as_expected_for_constant_hazards_after_time_shift"/>
    <testcase time="0.00500000000000966" classname="piecewiseDistrb" name="getPCWDistr_works_as_expected_for_pwc_hazards_without_time_shift"/>
    <testcase time="0.00399999999999068" classname="piecewiseDistrb" name="getPCWDistr_works_as_expected_for_piecewise_constant_hazards_with_time_shift"/>
    <testcase time="0.0300000000000011" classname="piecewiseDistrb" name="PCWInversionMethod_works_as_expected"/>
  </testsuite>
  <testsuite name="piecewiseHazards" timestamp="2023-09-20T13:36:18Z" hostname="655b81548871" tests="2" skipped="0" failures="0" errors="0" time="0.012">
    <testcase time="0.007000000000005" classname="piecewiseHazards" name="getPCWHazard_works_as_expected"/>
    <testcase time="0.00499999999999545" classname="piecewiseHazards" name="getSumPCW_works_as_expected"/>
  </testsuite>
  <testsuite name="survivalFunctions" timestamp="2023-09-20T13:36:18Z" hostname="655b81548871" tests="19" skipped="0" failures="0" errors="0" time="0.103">
    <testcase time="0.00799999999999557" classname="survivalFunctions" name="ExpSurvPFS_works_as_expected"/>
    <testcase time="0.00100000000000477" classname="survivalFunctions" name="ExpSurvPFS_works_as_expected"/>
    <testcase time="0.00400000000000489" classname="survivalFunctions" name="ExpSurvPFS_works_also_with_vector_of_times_t"/>
    <testcase time="0.00499999999999545" classname="survivalFunctions" name="ExpSurvOS_works_as_expected"/>
    <testcase time="0.00100000000000477" classname="survivalFunctions" name="ExpSurvOS_works_as_expected"/>
    <testcase time="0.00399999999999068" classname="survivalFunctions" name="ExpSurvOS_works_also_with_vector_of_times_t"/>
    <testcase time="0.00500000000000966" classname="survivalFunctions" name="WeibSurvPFS_works_as_expected"/>
    <testcase time="0.000999999999990564" classname="survivalFunctions" name="WeibSurvPFS_works_as_expected"/>
    <testcase time="0.0170000000000101" classname="survivalFunctions" name="WeibSurvOS_works_as_expected"/>
    <testcase time="0.00199999999999534" classname="survivalFunctions" name="WeibSurvOS_works_as_expected"/>
    <testcase time="0.00400000000000489" classname="survivalFunctions" name="pwA_works_as_expected"/>
    <testcase time="0.00499999999999545" classname="survivalFunctions" name="PWCsurvPFS_works_as_expected"/>
    <testcase time="0.00100000000000477" classname="survivalFunctions" name="PWCsurvPFS_works_as_expected"/>
    <testcase time="0.00199999999999534" classname="survivalFunctions" name="PWCsurvPFS_works_as_expected"/>
    <testcase time="0.007000000000005" classname="survivalFunctions" name="PWCsurvOS_works_as_expected"/>
    <testcase time="0.00499999999999545" classname="survivalFunctions" name="integrateVector_works_as_expected"/>
    <testcase time="0.00600000000000023" classname="survivalFunctions" name="singleExpQuantOS_works_as_expected"/>
    <testcase time="0.00499999999999545" classname="survivalFunctions" name="ExpQuantOS_works_as_expected"/>
    <testcase time="0.019999999999996" classname="survivalFunctions" name="ExpQuantOS_works_also_with_vector_of_quantiles_q"/>
  </testsuite>
  <testsuite name="transitionParameters" timestamp="2023-09-20T13:36:18Z" hostname="655b81548871" tests="19" skipped="0" failures="0" errors="0" time="0.075">
    <testcase time="0.00800000000000978" classname="transitionParameters" name="exponential_transition_works_as_expected"/>
    <testcase time="0.000999999999990564" classname="transitionParameters" name="exponential_transition_works_as_expected"/>
    <testcase time="0.00100000000000477" classname="transitionParameters" name="exponential_transition_works_as_expected"/>
    <testcase time="0.00100000000000477" classname="transitionParameters" name="exponential_transition_works_as_expected"/>
    <testcase time="0.00499999999999545" classname="transitionParameters" name="exponential_transition_works_as_expected"/>
    <testcase time="0.00499999999999545" classname="transitionParameters" name="exponential_transition_works_as_expected"/>
    <testcase time="0.00400000000000489" classname="transitionParameters" name="piecewise_exponential_works_as_expected"/>
    <testcase time="0.00100000000000477" classname="transitionParameters" name="piecewise_exponential_works_as_expected"/>
    <testcase time="0.00199999999999534" classname="transitionParameters" name="piecewise_exponential_works_as_expected"/>
    <testcase time="0.00100000000000477" classname="transitionParameters" name="piecewise_exponential_works_as_expected"/>
    <testcase time="0.00499999999999545" classname="transitionParameters" name="piecewise_exponential_works_as_expected"/>
    <testcase time="0.0169999999999959" classname="transitionParameters" name="piecewise_exponential_works_as_expected"/>
    <testcase time="0.00500000000000966" classname="transitionParameters" name="piecewise_exponential_works_as_expected"/>
    <testcase time="0.00499999999999545" classname="transitionParameters" name="weibull_transition_works_as_expected"/>
    <testcase time="0.00100000000000477" classname="transitionParameters" name="weibull_transition_works_as_expected"/>
    <testcase time="0.000999999999990564" classname="transitionParameters" name="weibull_transition_works_as_expected"/>
    <testcase time="0.00100000000000477" classname="transitionParameters" name="weibull_transition_works_as_expected"/>
    <testcase time="0.00600000000000023" classname="transitionParameters" name="weibull_transition_works_as_expected"/>
    <testcase time="0.00499999999999545" classname="transitionParameters" name="weibull_transition_works_as_expected"/>
  </testsuite>
  <testsuite name="waitTimeSum" timestamp="2023-09-20T13:36:18Z" hostname="655b81548871" tests="3" skipped="0" failures="0" errors="0" time="0.028">
    <testcase time="0.007000000000005" classname="waitTimeSum" name="getWaitTimeSum_works_as_expected_for_sum_of_constant_hazards"/>
    <testcase time="0.0160000000000053" classname="waitTimeSum" name="getWaitTimeSum_works_as_expected_for_sum_of_hazards_entry_0_"/>
    <testcase time="0.00499999999999545" classname="waitTimeSum" name="getWaitTimeSum_works_as_expected_for_sum_of_hazards_entry_0_"/>
  </testsuite>
</testsuites>
