<?xml version="1.0" encoding="UTF-8"?>
<testsuites>
  <testsuite name="addStaggeredEntry" timestamp="2023-09-20T13:52:32Z" hostname="fb33467e7fc2" tests="10" skipped="0" failures="0" errors="0" time="0.226">
    <testcase time="0.0669999999999999" classname="addStaggeredEntry" name="addStaggeredEntry_works_as_expected_if_no_staggered_study_entry_is_present"/>
    <testcase time="0.027" classname="addStaggeredEntry" name="addStaggeredEntry_works_as_expected_if_no_staggered_study_entry_is_present"/>
    <testcase time="0.093" classname="addStaggeredEntry" name="addStaggeredEntry_works_as_expected_if_staggered_study_entry_is_specified_by_accrual_parameter_time"/>
    <testcase time="0.00600000000000001" classname="addStaggeredEntry" name="addStaggeredEntry_works_as_expected_if_staggered_study_entry_is_specified_by_accrual_parameter_time"/>
    <testcase time="0.005" classname="addStaggeredEntry" name="addStaggeredEntry_works_as_expected_if_staggered_study_entry_is_specified_by_accrual_parameter_time"/>
    <testcase time="0.003" classname="addStaggeredEntry" name="addStaggeredEntry_works_as_expected_if_staggered_study_entry_is_specified_by_accrual_parameter_time"/>
    <testcase time="0.015" classname="addStaggeredEntry" name="addStaggeredEntry_works_as_expected_if_staggered_study_entry_is_specified_by_accrual_parameter_intensity"/>
    <testcase time="0.004" classname="addStaggeredEntry" name="addStaggeredEntry_works_as_expected_if_staggered_study_entry_is_specified_by_accrual_parameter_intensity"/>
    <testcase time="0.005" classname="addStaggeredEntry" name="addStaggeredEntry_works_as_expected_if_staggered_study_entry_is_specified_by_accrual_parameter_intensity"/>
    <testcase time="0.001" classname="addStaggeredEntry" name="addStaggeredEntry_works_as_expected_if_staggered_study_entry_is_specified_by_accrual_parameter_intensity"/>
  </testsuite>
  <testsuite name="assertions" timestamp="2023-09-20T13:52:32Z" hostname="fb33467e7fc2" tests="11" skipped="0" failures="0" errors="0" time="0.082">
    <testcase time="0.021" classname="assertions" name="assert_positive_number_works_as_expected"/>
    <testcase time="0.002" classname="assertions" name="assert_positive_number_works_as_expected"/>
    <testcase time="0.0099999999999999" classname="assertions" name="assert_positive_number_works_as_expected"/>
    <testcase time="0.00700000000000001" classname="assertions" name="assert_positive_number_works_as_expected"/>
    <testcase time="0.00600000000000001" classname="assertions" name="assert_positive_number_works_as_expected"/>
    <testcase time="0.00800000000000001" classname="assertions" name="assert_intervals_works_as_expected"/>
    <testcase time="0.002" classname="assertions" name="assert_intervals_works_as_expected"/>
    <testcase time="0.00600000000000001" classname="assertions" name="assert_intervals_works_as_expected"/>
    <testcase time="0.00700000000000001" classname="assertions" name="assert_intervals_works_as_expected"/>
    <testcase time="0.00700000000000001" classname="assertions" name="assert_intervals_works_as_expected"/>
    <testcase time="0.00600000000000001" classname="assertions" name="assert_intervals_works_as_expected"/>
  </testsuite>
  <testsuite name="eventTracking" timestamp="2023-09-20T13:52:32Z" hostname="fb33467e7fc2" tests="15" skipped="0" failures="0" errors="0" time="0.182">
    <testcase time="0.051" classname="eventTracking" name="getTimePoint_works_as_expected"/>
    <testcase time="0.002" classname="eventTracking" name="getTimePoint_works_as_expected"/>
    <testcase time="0.0239999999999999" classname="eventTracking" name="getTimePoint_works_as_expected_by_Arm"/>
    <testcase time="0.002" classname="eventTracking" name="getTimePoint_works_as_expected_by_Arm"/>
    <testcase time="0.001" classname="eventTracking" name="getTimePoint_works_as_expected_by_Arm"/>
    <testcase time="0.001" classname="eventTracking" name="getTimePoint_works_as_expected_by_Arm"/>
    <testcase time="0.029" classname="eventTracking" name="censoringByNumberEvents_works_as_expected"/>
    <testcase time="0.001" classname="eventTracking" name="censoringByNumberEvents_works_as_expected"/>
    <testcase time="0.0250000000000001" classname="eventTracking" name="trackEventsPerTrial_works_as_expected_by_arm"/>
    <testcase time="0.00499999999999989" classname="eventTracking" name="trackEventsPerTrial_works_as_expected_by_arm"/>
    <testcase time="0.002" classname="eventTracking" name="trackEventsPerTrial_works_as_expected_by_arm"/>
    <testcase time="0.00499999999999989" classname="eventTracking" name="trackEventsPerTrial_works_as_expected_by_arm"/>
    <testcase time="0.01" classname="eventTracking" name="getCensoredData_works_as_expected"/>
    <testcase time="0.018" classname="eventTracking" name="getEventsAll_works_as_expected"/>
    <testcase time="0.00600000000000001" classname="eventTracking" name="getNumberEvents_works_as_expected"/>
  </testsuite>
  <testsuite name="getClinicalTrials" timestamp="2023-09-20T13:52:32Z" hostname="fb33467e7fc2" tests="16" skipped="0" failures="0" errors="0" time="0.42">
    <testcase time="0.0349999999999999" classname="getClinicalTrials" name="getOneClinicalTrial_works_as_expected"/>
    <testcase time="0.00500000000000012" classname="getClinicalTrials" name="getOneClinicalTrial_works_as_expected"/>
    <testcase time="0.00499999999999989" classname="getClinicalTrials" name="getOneClinicalTrial_works_as_expected"/>
    <testcase time="0.03" classname="getClinicalTrials" name="getOneClinicalTrial_works_as_expected_accrual_and_dropout_as_list"/>
    <testcase time="0.004" classname="getClinicalTrials" name="getOneClinicalTrial_works_as_expected_accrual_and_dropout_as_list"/>
    <testcase time="0.00500000000000012" classname="getClinicalTrials" name="getOneClinicalTrial_works_as_expected_accrual_and_dropout_as_list"/>
    <testcase time="0.0229999999999999" classname="getClinicalTrials" name="getOneClinicalTrial_creates_expected_data_set"/>
    <testcase time="0.111" classname="getClinicalTrials" name="getClinicalTrials_works_as_expected_if_it_creates_1_row_per_patient"/>
    <testcase time="0.00099999999999989" classname="getClinicalTrials" name="getClinicalTrials_works_as_expected_if_it_creates_1_row_per_patient"/>
    <testcase time="0.00500000000000012" classname="getClinicalTrials" name="getClinicalTrials_works_as_expected_if_it_creates_1_row_per_patient"/>
    <testcase time="0.114" classname="getClinicalTrials" name="getClinicalTrials_works_as_expected_if_accrual_and_dropout_are_lists"/>
    <testcase time="0.002" classname="getClinicalTrials" name="getClinicalTrials_works_as_expected_if_accrual_and_dropout_are_lists"/>
    <testcase time="0.00499999999999989" classname="getClinicalTrials" name="getClinicalTrials_works_as_expected_if_accrual_and_dropout_are_lists"/>
    <testcase time="0.069" classname="getClinicalTrials" name="getClinicalTrials_works_as_expected_if_it_creates_1_row_per_transition"/>
    <testcase time="0.00100000000000011" classname="getClinicalTrials" name="getClinicalTrials_works_as_expected_if_it_creates_1_row_per_transition"/>
    <testcase time="0.00499999999999989" classname="getClinicalTrials" name="getClinicalTrials_works_as_expected_if_it_creates_1_row_per_transition"/>
  </testsuite>
  <testsuite name="getDatsetWideFormat" timestamp="2023-09-20T13:52:33Z" hostname="fb33467e7fc2" tests="7" skipped="0" failures="0" errors="0" time="0.058">
    <testcase time="0.034" classname="getDatsetWideFormat" name="getDatasetWideFormat_works_as_expected"/>
    <testcase time="0.00500000000000012" classname="getDatsetWideFormat" name="getDatasetWideFormat_works_as_expected"/>
    <testcase time="0.004" classname="getDatsetWideFormat" name="getDatasetWideFormat_works_as_expected"/>
    <testcase time="0.00499999999999989" classname="getDatsetWideFormat" name="getDatasetWideFormat_works_as_expected"/>
    <testcase time="0.00499999999999989" classname="getDatsetWideFormat" name="getDatasetWideFormat_works_as_expected"/>
    <testcase time="0.004" classname="getDatsetWideFormat" name="getDatasetWideFormat_works_as_expected"/>
    <testcase time="0.00100000000000011" classname="getDatsetWideFormat" name="getDatasetWideFormat_works_as_expected"/>
  </testsuite>
  <testsuite name="getSimulatedData" timestamp="2023-09-20T13:52:33Z" hostname="fb33467e7fc2" tests="17" skipped="0" failures="0" errors="0" time="0.105">
    <testcase time="0.014" classname="getSimulatedData" name="getOneToTwoRows_works_as_expected"/>
    <testcase time="0.00500000000000012" classname="getSimulatedData" name="getOneToTwoRows_works_as_expected"/>
    <testcase time="0.00499999999999989" classname="getSimulatedData" name="getOneToTwoRows_works_as_expected"/>
    <testcase time="0.00500000000000012" classname="getSimulatedData" name="getOneToTwoRows_works_as_expected"/>
    <testcase time="0.00499999999999989" classname="getSimulatedData" name="getOneToTwoRows_works_as_expected"/>
    <testcase time="0.00500000000000012" classname="getSimulatedData" name="getOneToTwoRows_works_as_expected"/>
    <testcase time="0.012" classname="getSimulatedData" name="getSimulatedData_works_as_expected_if_no_random_censoring_is_present"/>
    <testcase time="0.002" classname="getSimulatedData" name="getSimulatedData_works_as_expected_if_no_random_censoring_is_present"/>
    <testcase time="0.004" classname="getSimulatedData" name="getSimulatedData_works_as_expected_if_no_random_censoring_is_present"/>
    <testcase time="0.00499999999999989" classname="getSimulatedData" name="getSimulatedData_works_as_expected_if_no_random_censoring_is_present"/>
    <testcase time="0.004" classname="getSimulatedData" name="getSimulatedData_works_as_expected_if_no_random_censoring_is_present"/>
    <testcase time="0.012" classname="getSimulatedData" name="getSimulatedData_works_as_expected_if_random_censoring_is_present"/>
    <testcase time="0.00099999999999989" classname="getSimulatedData" name="getSimulatedData_works_as_expected_if_random_censoring_is_present"/>
    <testcase time="0.004" classname="getSimulatedData" name="getSimulatedData_works_as_expected_if_random_censoring_is_present"/>
    <testcase time="0.00800000000000001" classname="getSimulatedData" name="getSimulatedData_works_as_expected_if_random_censoring_is_present"/>
    <testcase time="0.004" classname="getSimulatedData" name="getSimulatedData_works_as_expected_if_random_censoring_is_present"/>
    <testcase time="0.01" classname="getSimulatedData" name="getSimulatedData_creates_expected_data_set"/>
  </testsuite>
  <testsuite name="getSimulatedDataDistib" timestamp="2023-09-20T13:52:33Z" hostname="fb33467e7fc2" tests="3" skipped="0" failures="0" errors="0" time="147.564">
    <testcase time="18.779" classname="getSimulatedDataDistib" name="getSimulatedData_generates_distributions_as_expected_Exponential"/>
    <testcase time="77.23" classname="getSimulatedDataDistib" name="getSimulatedData_generates_distributions_as_expected_Weibull"/>
    <testcase time="51.555" classname="getSimulatedDataDistib" name="getSimulatedData_generates_distributions_as_expected_PW"/>
  </testsuite>
  <testsuite name="hazardFunctions" timestamp="2023-09-20T13:55:00Z" hostname="fb33467e7fc2" tests="3" skipped="0" failures="0" errors="0" time="0.016">
    <testcase time="0.00899999999998613" classname="hazardFunctions" name="ExpHazOS_works_as_expected"/>
    <testcase time="0.00200000000000955" classname="hazardFunctions" name="ExpHazOS_works_as_expected"/>
    <testcase time="0.00499999999999545" classname="hazardFunctions" name="ExpHazOS_works_also_with_vector_of_times_t"/>
  </testsuite>
  <testsuite name="piecewiseDistrb" timestamp="2023-09-20T13:55:00Z" hostname="fb33467e7fc2" tests="4" skipped="0" failures="0" errors="0" time="0.042">
    <testcase time="0.0260000000000105" classname="piecewiseDistrb" name="getPCWDistr_works_as_expected_for_constant_hazards_after_time_shift"/>
    <testcase time="0.00499999999999545" classname="piecewiseDistrb" name="getPCWDistr_works_as_expected_for_pwc_hazards_without_time_shift"/>
    <testcase time="0.00600000000000023" classname="piecewiseDistrb" name="getPCWDistr_works_as_expected_for_piecewise_constant_hazards_with_time_shift"/>
    <testcase time="0.00499999999999545" classname="piecewiseDistrb" name="PCWInversionMethod_works_as_expected"/>
  </testsuite>
  <testsuite name="piecewiseHazards" timestamp="2023-09-20T13:55:00Z" hostname="fb33467e7fc2" tests="2" skipped="0" failures="0" errors="0" time="0.014">
    <testcase time="0.00800000000000978" classname="piecewiseHazards" name="getPCWHazard_works_as_expected"/>
    <testcase time="0.00600000000000023" classname="piecewiseHazards" name="getSumPCW_works_as_expected"/>
  </testsuite>
  <testsuite name="survivalFunctions" timestamp="2023-09-20T13:55:00Z" hostname="fb33467e7fc2" tests="19" skipped="0" failures="0" errors="0" time="0.154">
    <testcase time="0.0109999999999957" classname="survivalFunctions" name="ExpSurvPFS_works_as_expected"/>
    <testcase time="0.00100000000000477" classname="survivalFunctions" name="ExpSurvPFS_works_as_expected"/>
    <testcase time="0.00600000000000023" classname="survivalFunctions" name="ExpSurvPFS_works_also_with_vector_of_times_t"/>
    <testcase time="0.00600000000000023" classname="survivalFunctions" name="ExpSurvOS_works_as_expected"/>
    <testcase time="0.0370000000000061" classname="survivalFunctions" name="ExpSurvOS_works_as_expected"/>
    <testcase time="0.00600000000000023" classname="survivalFunctions" name="ExpSurvOS_works_also_with_vector_of_times_t"/>
    <testcase time="0.00600000000000023" classname="survivalFunctions" name="WeibSurvPFS_works_as_expected"/>
    <testcase time="0.00199999999998113" classname="survivalFunctions" name="WeibSurvPFS_works_as_expected"/>
    <testcase time="0.007000000000005" classname="survivalFunctions" name="WeibSurvOS_works_as_expected"/>
    <testcase time="0.00200000000000955" classname="survivalFunctions" name="WeibSurvOS_works_as_expected"/>
    <testcase time="0.00499999999999545" classname="survivalFunctions" name="pwA_works_as_expected"/>
    <testcase time="0.00600000000000023" classname="survivalFunctions" name="PWCsurvPFS_works_as_expected"/>
    <testcase time="0.00200000000000955" classname="survivalFunctions" name="PWCsurvPFS_works_as_expected"/>
    <testcase time="0.00199999999998113" classname="survivalFunctions" name="PWCsurvPFS_works_as_expected"/>
    <testcase time="0.00900000000001455" classname="survivalFunctions" name="PWCsurvOS_works_as_expected"/>
    <testcase time="0.00499999999999545" classname="survivalFunctions" name="integrateVector_works_as_expected"/>
    <testcase time="0.0229999999999961" classname="survivalFunctions" name="singleExpQuantOS_works_as_expected"/>
    <testcase time="0.00800000000000978" classname="survivalFunctions" name="ExpQuantOS_works_as_expected"/>
    <testcase time="0.00999999999999091" classname="survivalFunctions" name="ExpQuantOS_works_also_with_vector_of_quantiles_q"/>
  </testsuite>
  <testsuite name="transitionParameters" timestamp="2023-09-20T13:55:01Z" hostname="fb33467e7fc2" tests="19" skipped="0" failures="0" errors="0" time="0.095">
    <testcase time="0.00999999999999091" classname="transitionParameters" name="exponential_transition_works_as_expected"/>
    <testcase time="0.00100000000000477" classname="transitionParameters" name="exponential_transition_works_as_expected"/>
    <testcase time="0.00100000000000477" classname="transitionParameters" name="exponential_transition_works_as_expected"/>
    <testcase time="0.00200000000000955" classname="transitionParameters" name="exponential_transition_works_as_expected"/>
    <testcase time="0.00599999999997181" classname="transitionParameters" name="exponential_transition_works_as_expected"/>
    <testcase time="0.00600000000000023" classname="transitionParameters" name="exponential_transition_works_as_expected"/>
    <testcase time="0.00600000000000023" classname="transitionParameters" name="piecewise_exponential_works_as_expected"/>
    <testcase time="0.00100000000000477" classname="transitionParameters" name="piecewise_exponential_works_as_expected"/>
    <testcase time="0.00200000000000955" classname="transitionParameters" name="piecewise_exponential_works_as_expected"/>
    <testcase time="0.00100000000000477" classname="transitionParameters" name="piecewise_exponential_works_as_expected"/>
    <testcase time="0.0219999999999914" classname="transitionParameters" name="piecewise_exponential_works_as_expected"/>
    <testcase time="0.007000000000005" classname="transitionParameters" name="piecewise_exponential_works_as_expected"/>
    <testcase time="0.007000000000005" classname="transitionParameters" name="piecewise_exponential_works_as_expected"/>
    <testcase time="0.00600000000000023" classname="transitionParameters" name="weibull_transition_works_as_expected"/>
    <testcase time="0.00100000000000477" classname="transitionParameters" name="weibull_transition_works_as_expected"/>
    <testcase time="0.00199999999998113" classname="transitionParameters" name="weibull_transition_works_as_expected"/>
    <testcase time="0.00100000000000477" classname="transitionParameters" name="weibull_transition_works_as_expected"/>
    <testcase time="0.007000000000005" classname="transitionParameters" name="weibull_transition_works_as_expected"/>
    <testcase time="0.00600000000000023" classname="transitionParameters" name="weibull_transition_works_as_expected"/>
  </testsuite>
  <testsuite name="waitTimeSum" timestamp="2023-09-20T13:55:01Z" hostname="fb33467e7fc2" tests="3" skipped="0" failures="0" errors="0" time="0.038">
    <testcase time="0.00999999999999091" classname="waitTimeSum" name="getWaitTimeSum_works_as_expected_for_sum_of_constant_hazards"/>
    <testcase time="0.021000000000015" classname="waitTimeSum" name="getWaitTimeSum_works_as_expected_for_sum_of_hazards_entry_0_"/>
    <testcase time="0.007000000000005" classname="waitTimeSum" name="getWaitTimeSum_works_as_expected_for_sum_of_hazards_entry_0_"/>
  </testsuite>
</testsuites>
