<?xml version="1.0" encoding="UTF-8"?>
<testsuites>
  <testsuite name="addStaggeredEntry" timestamp="2023-11-11T02:35:09Z" hostname="1aa09b1f53e3" tests="10" skipped="0" failures="0" errors="0" time="0.267">
    <testcase time="0.11" classname="addStaggeredEntry" name="addStaggeredEntry_works_as_expected_if_no_staggered_study_entry_is_present"/>
    <testcase time="0.0670000000000002" classname="addStaggeredEntry" name="addStaggeredEntry_works_as_expected_if_no_staggered_study_entry_is_present"/>
    <testcase time="0.0299999999999998" classname="addStaggeredEntry" name="addStaggeredEntry_works_as_expected_if_staggered_study_entry_is_specified_by_accrual_parameter_time"/>
    <testcase time="0.00600000000000023" classname="addStaggeredEntry" name="addStaggeredEntry_works_as_expected_if_staggered_study_entry_is_specified_by_accrual_parameter_time"/>
    <testcase time="0.00700000000000012" classname="addStaggeredEntry" name="addStaggeredEntry_works_as_expected_if_staggered_study_entry_is_specified_by_accrual_parameter_time"/>
    <testcase time="0.00999999999999979" classname="addStaggeredEntry" name="addStaggeredEntry_works_as_expected_if_staggered_study_entry_is_specified_by_accrual_parameter_time"/>
    <testcase time="0.0180000000000002" classname="addStaggeredEntry" name="addStaggeredEntry_works_as_expected_if_staggered_study_entry_is_specified_by_accrual_parameter_intensity"/>
    <testcase time="0.00599999999999978" classname="addStaggeredEntry" name="addStaggeredEntry_works_as_expected_if_staggered_study_entry_is_specified_by_accrual_parameter_intensity"/>
    <testcase time="0.00700000000000012" classname="addStaggeredEntry" name="addStaggeredEntry_works_as_expected_if_staggered_study_entry_is_specified_by_accrual_parameter_intensity"/>
    <testcase time="0.00599999999999978" classname="addStaggeredEntry" name="addStaggeredEntry_works_as_expected_if_staggered_study_entry_is_specified_by_accrual_parameter_intensity"/>
  </testsuite>
  <testsuite name="assertions" timestamp="2023-11-11T02:35:09Z" hostname="1aa09b1f53e3" tests="11" skipped="0" failures="0" errors="0" time="0.139">
    <testcase time="0.032" classname="assertions" name="assert_positive_number_works_as_expected"/>
    <testcase time="0.00300000000000011" classname="assertions" name="assert_positive_number_works_as_expected"/>
    <testcase time="0.0209999999999999" classname="assertions" name="assert_positive_number_works_as_expected"/>
    <testcase time="0.0100000000000002" classname="assertions" name="assert_positive_number_works_as_expected"/>
    <testcase time="0.012" classname="assertions" name="assert_positive_number_works_as_expected"/>
    <testcase time="0.012" classname="assertions" name="assert_intervals_works_as_expected"/>
    <testcase time="0.00299999999999967" classname="assertions" name="assert_intervals_works_as_expected"/>
    <testcase time="0.0100000000000002" classname="assertions" name="assert_intervals_works_as_expected"/>
    <testcase time="0.0089999999999999" classname="assertions" name="assert_intervals_works_as_expected"/>
    <testcase time="0.0169999999999999" classname="assertions" name="assert_intervals_works_as_expected"/>
    <testcase time="0.0100000000000002" classname="assertions" name="assert_intervals_works_as_expected"/>
  </testsuite>
  <testsuite name="empSignificant" timestamp="2023-11-11T02:35:09Z" hostname="1aa09b1f53e3" tests="5" skipped="0" failures="0" errors="0" time="2.476">
    <testcase time="0.101" classname="empSignificant" name="logRankTest_works_as_expected"/>
    <testcase time="0.012" classname="empSignificant" name="logRankTest_works_as_expected"/>
    <testcase time="0.123" classname="empSignificant" name="passedLogRank_works_as_expected"/>
    <testcase time="0.032" classname="empSignificant" name="passedLogRank_works_as_expected"/>
    <testcase time="2.208" classname="empSignificant" name="empSignificant_works_as_expected"/>
  </testsuite>
  <testsuite name="estimateParams" timestamp="2023-11-11T02:35:12Z" hostname="1aa09b1f53e3" tests="1" skipped="1" failures="0" errors="0" time="0.196">
    <testcase time="0.196" classname="estimateParams" name="prepareData_works_as_expected">
      <skipped message="Reason: On CRAN ('test-estimateParams.R:15:3')"/>
    </testcase>
  </testsuite>
  <testsuite name="eventTracking" timestamp="2023-11-11T02:35:12Z" hostname="1aa09b1f53e3" tests="15" skipped="0" failures="0" errors="0" time="0.385">
    <testcase time="0.0969999999999995" classname="eventTracking" name="getTimePoint_works_as_expected"/>
    <testcase time="0.00800000000000001" classname="eventTracking" name="getTimePoint_works_as_expected"/>
    <testcase time="0.0630000000000006" classname="eventTracking" name="getTimePoint_works_as_expected_by_Arm"/>
    <testcase time="0.00699999999999967" classname="eventTracking" name="getTimePoint_works_as_expected_by_Arm"/>
    <testcase time="0.00800000000000001" classname="eventTracking" name="getTimePoint_works_as_expected_by_Arm"/>
    <testcase time="0.00800000000000001" classname="eventTracking" name="getTimePoint_works_as_expected_by_Arm"/>
    <testcase time="0.0520000000000005" classname="eventTracking" name="censoringByNumberEvents_works_as_expected"/>
    <testcase time="0.00800000000000001" classname="eventTracking" name="censoringByNumberEvents_works_as_expected"/>
    <testcase time="0.0509999999999993" classname="eventTracking" name="trackEventsPerTrial_works_as_expected_by_arm"/>
    <testcase time="0.00600000000000023" classname="eventTracking" name="trackEventsPerTrial_works_as_expected_by_arm"/>
    <testcase time="0.00600000000000023" classname="eventTracking" name="trackEventsPerTrial_works_as_expected_by_arm"/>
    <testcase time="0.00699999999999967" classname="eventTracking" name="trackEventsPerTrial_works_as_expected_by_arm"/>
    <testcase time="0.016" classname="eventTracking" name="getCensoredData_works_as_expected"/>
    <testcase time="0.0329999999999995" classname="eventTracking" name="getEventsAll_works_as_expected"/>
    <testcase time="0.0150000000000006" classname="eventTracking" name="getNumberEvents_works_as_expected"/>
  </testsuite>
  <testsuite name="getClinicalTrials" timestamp="2023-11-11T02:35:13Z" hostname="1aa09b1f53e3" tests="28" skipped="0" failures="0" errors="0" time="7.325">
    <testcase time="0.0540000000000003" classname="getClinicalTrials" name="getOneClinicalTrial_works_as_expected"/>
    <testcase time="0.0109999999999992" classname="getClinicalTrials" name="getOneClinicalTrial_works_as_expected"/>
    <testcase time="0.00700000000000056" classname="getClinicalTrials" name="getOneClinicalTrial_works_as_expected"/>
    <testcase time="0.0469999999999997" classname="getClinicalTrials" name="getOneClinicalTrial_works_as_expected_accrual_and_dropout_as_list"/>
    <testcase time="0.00699999999999967" classname="getClinicalTrials" name="getOneClinicalTrial_works_as_expected_accrual_and_dropout_as_list"/>
    <testcase time="0.00700000000000056" classname="getClinicalTrials" name="getOneClinicalTrial_works_as_expected_accrual_and_dropout_as_list"/>
    <testcase time="0.0489999999999995" classname="getClinicalTrials" name="getOneClinicalTrial_creates_expected_data_set"/>
    <testcase time="0.0209999999999999" classname="getClinicalTrials" name="getOneClinicalTrial_also_works_in_edge_case"/>
    <testcase time="0.00800000000000001" classname="getClinicalTrials" name="getOneClinicalTrial_also_works_in_edge_case"/>
    <testcase time="0.00700000000000056" classname="getClinicalTrials" name="getOneClinicalTrial_also_works_in_edge_case"/>
    <testcase time="0.032" classname="getClinicalTrials" name="getOneClinicalTrial_gives_a_warning_if_there_are_no_progression_to_death_transitions_at_all"/>
    <testcase time="0.00600000000000023" classname="getClinicalTrials" name="getOneClinicalTrial_gives_a_warning_if_there_are_no_progression_to_death_transitions_at_all"/>
    <testcase time="0.00600000000000023" classname="getClinicalTrials" name="getOneClinicalTrial_gives_a_warning_if_there_are_no_progression_to_death_transitions_at_all"/>
    <testcase time="0.149" classname="getClinicalTrials" name="getClinicalTrials_works_as_expected_if_it_creates_1_row_per_patient"/>
    <testcase time="0.00300000000000011" classname="getClinicalTrials" name="getClinicalTrials_works_as_expected_if_it_creates_1_row_per_patient"/>
    <testcase time="0.00699999999999967" classname="getClinicalTrials" name="getClinicalTrials_works_as_expected_if_it_creates_1_row_per_patient"/>
    <testcase time="0.153" classname="getClinicalTrials" name="getClinicalTrials_works_as_expected_if_accrual_and_dropout_are_lists"/>
    <testcase time="0.00199999999999978" classname="getClinicalTrials" name="getClinicalTrials_works_as_expected_if_accrual_and_dropout_are_lists"/>
    <testcase time="0.00600000000000023" classname="getClinicalTrials" name="getClinicalTrials_works_as_expected_if_accrual_and_dropout_are_lists"/>
    <testcase time="0.109999999999999" classname="getClinicalTrials" name="getClinicalTrials_works_as_expected_if_it_creates_1_row_per_transition"/>
    <testcase time="0.00300000000000011" classname="getClinicalTrials" name="getClinicalTrials_works_as_expected_if_it_creates_1_row_per_transition"/>
    <testcase time="0.00600000000000023" classname="getClinicalTrials" name="getClinicalTrials_works_as_expected_if_it_creates_1_row_per_transition"/>
    <testcase time="0.0809999999999995" classname="getClinicalTrials" name="getClinicalTrials_works_as_expected_and_generates_data_according_to_Exponential"/>
    <testcase time="0.00600000000000023" classname="getClinicalTrials" name="getClinicalTrials_works_as_expected_and_generates_data_according_to_Exponential"/>
    <testcase time="1.828" classname="getClinicalTrials" name="getClinicalTrials_works_as_expected_and_generates_data_according_to_Weibull"/>
    <testcase time="0.00700000000000145" classname="getClinicalTrials" name="getClinicalTrials_works_as_expected_and_generates_data_according_to_Weibull"/>
    <testcase time="4.696" classname="getClinicalTrials" name="getClinicalTrials_works_as_expected_and_generates_data_according_to_PWC"/>
    <testcase time="0.00600000000000023" classname="getClinicalTrials" name="getClinicalTrials_works_as_expected_and_generates_data_according_to_PWC"/>
  </testsuite>
  <testsuite name="getDatsetWideFormat" timestamp="2023-11-11T02:35:20Z" hostname="1aa09b1f53e3" tests="7" skipped="0" failures="0" errors="0" time="0.096">
    <testcase time="0.0499999999999989" classname="getDatsetWideFormat" name="getDatasetWideFormat_works_as_expected"/>
    <testcase time="0.0080000000000009" classname="getDatsetWideFormat" name="getDatasetWideFormat_works_as_expected"/>
    <testcase time="0.016" classname="getDatsetWideFormat" name="getDatasetWideFormat_works_as_expected"/>
    <testcase time="0.00699999999999967" classname="getDatsetWideFormat" name="getDatasetWideFormat_works_as_expected"/>
    <testcase time="0.00600000000000023" classname="getDatsetWideFormat" name="getDatasetWideFormat_works_as_expected"/>
    <testcase time="0.00699999999999967" classname="getDatsetWideFormat" name="getDatasetWideFormat_works_as_expected"/>
    <testcase time="0.00200000000000067" classname="getDatsetWideFormat" name="getDatasetWideFormat_works_as_expected"/>
  </testsuite>
  <testsuite name="getSimulatedData" timestamp="2023-11-11T02:35:20Z" hostname="1aa09b1f53e3" tests="22" skipped="0" failures="0" errors="0" time="0.241">
    <testcase time="0.0229999999999997" classname="getSimulatedData" name="getOneToTwoRows_works_as_expected"/>
    <testcase time="0.00600000000000023" classname="getSimulatedData" name="getOneToTwoRows_works_as_expected"/>
    <testcase time="0.00699999999999967" classname="getSimulatedData" name="getOneToTwoRows_works_as_expected"/>
    <testcase time="0.00600000000000023" classname="getSimulatedData" name="getOneToTwoRows_works_as_expected"/>
    <testcase time="0.00699999999999967" classname="getSimulatedData" name="getOneToTwoRows_works_as_expected"/>
    <testcase time="0.00999999999999979" classname="getSimulatedData" name="getOneToTwoRows_works_as_expected"/>
    <testcase time="0.0229999999999997" classname="getSimulatedData" name="getSimulatedData_works_as_expected_if_no_random_censoring_is_present"/>
    <testcase time="0.00200000000000067" classname="getSimulatedData" name="getSimulatedData_works_as_expected_if_no_random_censoring_is_present"/>
    <testcase time="0.00699999999999967" classname="getSimulatedData" name="getSimulatedData_works_as_expected_if_no_random_censoring_is_present"/>
    <testcase time="0.00600000000000023" classname="getSimulatedData" name="getSimulatedData_works_as_expected_if_no_random_censoring_is_present"/>
    <testcase time="0.00699999999999967" classname="getSimulatedData" name="getSimulatedData_works_as_expected_if_no_random_censoring_is_present"/>
    <testcase time="0.0210000000000008" classname="getSimulatedData" name="getSimulatedData_works_as_expected_if_random_censoring_is_present"/>
    <testcase time="0.00199999999999889" classname="getSimulatedData" name="getSimulatedData_works_as_expected_if_random_censoring_is_present"/>
    <testcase time="0.00699999999999967" classname="getSimulatedData" name="getSimulatedData_works_as_expected_if_random_censoring_is_present"/>
    <testcase time="0.00700000000000145" classname="getSimulatedData" name="getSimulatedData_works_as_expected_if_random_censoring_is_present"/>
    <testcase time="0.00600000000000023" classname="getSimulatedData" name="getSimulatedData_works_as_expected_if_random_censoring_is_present"/>
    <testcase time="0.0279999999999987" classname="getSimulatedData" name="getSimulatedData_creates_expected_data_set_for_exponential_transitions"/>
    <testcase time="0.0340000000000007" classname="getSimulatedData" name="getSimulatedData_creates_expected_data_set_for_Weibull_transitions"/>
    <testcase time="0.016" classname="getSimulatedData" name="getSimulatedData_works_also_without_progression_to_death_transitions"/>
    <testcase time="0.00300000000000011" classname="getSimulatedData" name="getSimulatedData_works_also_without_progression_to_death_transitions"/>
    <testcase time="0.00600000000000023" classname="getSimulatedData" name="getSimulatedData_works_also_without_progression_to_death_transitions"/>
    <testcase time="0.00699999999999967" classname="getSimulatedData" name="getSimulatedData_works_also_without_progression_to_death_transitions"/>
  </testsuite>
  <testsuite name="getSimulatedDataDistib" timestamp="2023-11-11T02:35:20Z" hostname="1aa09b1f53e3" tests="3" skipped="0" failures="0" errors="0" time="192.616">
    <testcase time="24.443" classname="getSimulatedDataDistib" name="getSimulatedData_generates_distributions_as_expected_Exponential"/>
    <testcase time="95.734" classname="getSimulatedDataDistib" name="getSimulatedData_generates_distributions_as_expected_Weibull"/>
    <testcase time="72.439" classname="getSimulatedDataDistib" name="getSimulatedData_generates_distributions_as_expected_PW"/>
  </testsuite>
  <testsuite name="hazardFunctions" timestamp="2023-11-11T02:38:33Z" hostname="1aa09b1f53e3" tests="7" skipped="0" failures="0" errors="0" time="0.121">
    <testcase time="0.018999999999977" classname="hazardFunctions" name="ExpHazOS_works_as_expected"/>
    <testcase time="0.007000000000005" classname="hazardFunctions" name="ExpHazOS_works_as_expected"/>
    <testcase time="0.01400000000001" classname="hazardFunctions" name="ExpHazOS_works_also_with_vector_of_times_t"/>
    <testcase time="0.0439999999999827" classname="hazardFunctions" name="avgHRIntegExpOS_works_as_expected"/>
    <testcase time="0.00800000000000978" classname="hazardFunctions" name="avgHRIntegExpOS_works_as_expected"/>
    <testcase time="0.0200000000000102" classname="hazardFunctions" name="avgHRExpOS_works_as_expected"/>
    <testcase time="0.00899999999998613" classname="hazardFunctions" name="avgHRExpOS_works_as_expected"/>
  </testsuite>
  <testsuite name="piecewiseDistrb" timestamp="2023-11-11T02:38:33Z" hostname="1aa09b1f53e3" tests="4" skipped="0" failures="0" errors="0" time="0.06">
    <testcase time="0.0169999999999959" classname="piecewiseDistrb" name="getPCWDistr_works_as_expected_for_constant_hazards_after_time_shift"/>
    <testcase time="0.01400000000001" classname="piecewiseDistrb" name="getPCWDistr_works_as_expected_for_pwc_hazards_without_time_shift"/>
    <testcase time="0.0159999999999911" classname="piecewiseDistrb" name="getPCWDistr_works_as_expected_for_piecewise_constant_hazards_with_time_shift"/>
    <testcase time="0.0130000000000052" classname="piecewiseDistrb" name="PCWInversionMethod_works_as_expected"/>
  </testsuite>
  <testsuite name="piecewiseHazards" timestamp="2023-11-11T02:38:33Z" hostname="1aa09b1f53e3" tests="2" skipped="0" failures="0" errors="0" time="0.035">
    <testcase time="0.0169999999999959" classname="piecewiseHazards" name="getPCWHazard_works_as_expected"/>
    <testcase time="0.0180000000000007" classname="piecewiseHazards" name="getSumPCW_works_as_expected"/>
  </testsuite>
  <testsuite name="survivalFunctions" timestamp="2023-11-11T02:38:33Z" hostname="1aa09b1f53e3" tests="21" skipped="0" failures="0" errors="0" time="0.367">
    <testcase time="0.0180000000000007" classname="survivalFunctions" name="ExpSurvPFS_works_as_expected"/>
    <testcase time="0.0800000000000125" classname="survivalFunctions" name="ExpSurvPFS_works_as_expected"/>
    <testcase time="0.0149999999999864" classname="survivalFunctions" name="ExpSurvPFS_works_also_with_vector_of_times_t"/>
    <testcase time="0.0150000000000148" classname="survivalFunctions" name="ExpSurvOS_works_as_expected"/>
    <testcase time="0.00600000000000023" classname="survivalFunctions" name="ExpSurvOS_works_as_expected"/>
    <testcase time="0.00600000000000023" classname="survivalFunctions" name="ExpSurvOS_works_as_expected"/>
    <testcase time="0.0169999999999959" classname="survivalFunctions" name="ExpSurvOS_works_also_with_vector_of_times_t"/>
    <testcase time="0.01400000000001" classname="survivalFunctions" name="WeibSurvPFS_works_as_expected"/>
    <testcase time="0.00699999999997658" classname="survivalFunctions" name="WeibSurvPFS_works_as_expected"/>
    <testcase time="0.0160000000000196" classname="survivalFunctions" name="WeibSurvOS_works_as_expected"/>
    <testcase time="0.00600000000000023" classname="survivalFunctions" name="WeibSurvOS_works_as_expected"/>
    <testcase time="0.00799999999998136" classname="survivalFunctions" name="WeibSurvOS_works_as_expected"/>
    <testcase time="0.0150000000000148" classname="survivalFunctions" name="pwA_works_as_expected"/>
    <testcase time="0.0139999999999816" classname="survivalFunctions" name="PWCsurvPFS_works_as_expected"/>
    <testcase time="0.007000000000005" classname="survivalFunctions" name="PWCsurvPFS_works_as_expected"/>
    <testcase time="0.007000000000005" classname="survivalFunctions" name="PWCsurvPFS_works_as_expected"/>
    <testcase time="0.046999999999997" classname="survivalFunctions" name="PWCsurvOS_works_as_expected"/>
    <testcase time="0.0150000000000148" classname="survivalFunctions" name="integrateVector_works_as_expected"/>
    <testcase time="0.0159999999999911" classname="survivalFunctions" name="singleExpQuantOS_works_as_expected"/>
    <testcase time="0.0169999999999959" classname="survivalFunctions" name="ExpQuantOS_works_as_expected"/>
    <testcase time="0.021000000000015" classname="survivalFunctions" name="ExpQuantOS_works_also_with_vector_of_quantiles_q"/>
  </testsuite>
  <testsuite name="transitionParameters" timestamp="2023-11-11T02:38:33Z" hostname="1aa09b1f53e3" tests="19" skipped="0" failures="0" errors="0" time="0.187">
    <testcase time="0.0199999999999818" classname="transitionParameters" name="exponential_transition_works_as_expected"/>
    <testcase time="0.00600000000000023" classname="transitionParameters" name="exponential_transition_works_as_expected"/>
    <testcase time="0.00600000000000023" classname="transitionParameters" name="exponential_transition_works_as_expected"/>
    <testcase time="0.00600000000000023" classname="transitionParameters" name="exponential_transition_works_as_expected"/>
    <testcase time="0.00800000000000978" classname="transitionParameters" name="exponential_transition_works_as_expected"/>
    <testcase time="0.00800000000000978" classname="transitionParameters" name="exponential_transition_works_as_expected"/>
    <testcase time="0.0139999999999816" classname="transitionParameters" name="piecewise_exponential_works_as_expected"/>
    <testcase time="0.0330000000000155" classname="transitionParameters" name="piecewise_exponential_works_as_expected"/>
    <testcase time="0.00600000000000023" classname="transitionParameters" name="piecewise_exponential_works_as_expected"/>
    <testcase time="0.00600000000000023" classname="transitionParameters" name="piecewise_exponential_works_as_expected"/>
    <testcase time="0.00899999999998613" classname="transitionParameters" name="piecewise_exponential_works_as_expected"/>
    <testcase time="0.00999999999999091" classname="transitionParameters" name="piecewise_exponential_works_as_expected"/>
    <testcase time="0.00800000000000978" classname="transitionParameters" name="piecewise_exponential_works_as_expected"/>
    <testcase time="0.01400000000001" classname="transitionParameters" name="weibull_transition_works_as_expected"/>
    <testcase time="0.00600000000000023" classname="transitionParameters" name="weibull_transition_works_as_expected"/>
    <testcase time="0.00499999999999545" classname="transitionParameters" name="weibull_transition_works_as_expected"/>
    <testcase time="0.00499999999999545" classname="transitionParameters" name="weibull_transition_works_as_expected"/>
    <testcase time="0.00900000000001455" classname="transitionParameters" name="weibull_transition_works_as_expected"/>
    <testcase time="0.00799999999998136" classname="transitionParameters" name="weibull_transition_works_as_expected"/>
  </testsuite>
  <testsuite name="waitTimeSum" timestamp="2023-11-11T02:38:34Z" hostname="1aa09b1f53e3" tests="3" skipped="0" failures="0" errors="0" time="0.053">
    <testcase time="0.0190000000000055" classname="waitTimeSum" name="getWaitTimeSum_works_as_expected_for_sum_of_constant_hazards"/>
    <testcase time="0.0180000000000007" classname="waitTimeSum" name="getWaitTimeSum_works_as_expected_for_sum_of_hazards_entry_0_"/>
    <testcase time="0.0159999999999911" classname="waitTimeSum" name="getWaitTimeSum_works_as_expected_for_sum_of_hazards_entry_0_"/>
  </testsuite>
</testsuites>
