<?xml version="1.0" encoding="UTF-8"?>
<testsuites>
  <testsuite name="addStaggeredEntry" timestamp="2023-11-07T16:41:48Z" hostname="4a56e453a495" tests="10" skipped="0" failures="0" errors="0" time="0.275">
    <testcase time="0.118" classname="addStaggeredEntry" name="addStaggeredEntry_works_as_expected_if_no_staggered_study_entry_is_present"/>
    <testcase time="0.0699999999999998" classname="addStaggeredEntry" name="addStaggeredEntry_works_as_expected_if_no_staggered_study_entry_is_present"/>
    <testcase time="0.0300000000000002" classname="addStaggeredEntry" name="addStaggeredEntry_works_as_expected_if_staggered_study_entry_is_specified_by_accrual_parameter_time"/>
    <testcase time="0.00699999999999967" classname="addStaggeredEntry" name="addStaggeredEntry_works_as_expected_if_staggered_study_entry_is_specified_by_accrual_parameter_time"/>
    <testcase time="0.00600000000000023" classname="addStaggeredEntry" name="addStaggeredEntry_works_as_expected_if_staggered_study_entry_is_specified_by_accrual_parameter_time"/>
    <testcase time="0.00599999999999978" classname="addStaggeredEntry" name="addStaggeredEntry_works_as_expected_if_staggered_study_entry_is_specified_by_accrual_parameter_time"/>
    <testcase time="0.0170000000000003" classname="addStaggeredEntry" name="addStaggeredEntry_works_as_expected_if_staggered_study_entry_is_specified_by_accrual_parameter_intensity"/>
    <testcase time="0.00599999999999978" classname="addStaggeredEntry" name="addStaggeredEntry_works_as_expected_if_staggered_study_entry_is_specified_by_accrual_parameter_intensity"/>
    <testcase time="0.00700000000000012" classname="addStaggeredEntry" name="addStaggeredEntry_works_as_expected_if_staggered_study_entry_is_specified_by_accrual_parameter_intensity"/>
    <testcase time="0.00800000000000001" classname="addStaggeredEntry" name="addStaggeredEntry_works_as_expected_if_staggered_study_entry_is_specified_by_accrual_parameter_intensity"/>
  </testsuite>
  <testsuite name="assertions" timestamp="2023-11-07T16:41:48Z" hostname="4a56e453a495" tests="11" skipped="0" failures="0" errors="0" time="0.135">
    <testcase time="0.0329999999999999" classname="assertions" name="assert_positive_number_works_as_expected"/>
    <testcase time="0.00300000000000011" classname="assertions" name="assert_positive_number_works_as_expected"/>
    <testcase time="0.024" classname="assertions" name="assert_positive_number_works_as_expected"/>
    <testcase time="0.0089999999999999" classname="assertions" name="assert_positive_number_works_as_expected"/>
    <testcase time="0.0100000000000002" classname="assertions" name="assert_positive_number_works_as_expected"/>
    <testcase time="0.0109999999999997" classname="assertions" name="assert_intervals_works_as_expected"/>
    <testcase time="0.004" classname="assertions" name="assert_intervals_works_as_expected"/>
    <testcase time="0.0100000000000002" classname="assertions" name="assert_intervals_works_as_expected"/>
    <testcase time="0.00999999999999979" classname="assertions" name="assert_intervals_works_as_expected"/>
    <testcase time="0.00900000000000034" classname="assertions" name="assert_intervals_works_as_expected"/>
    <testcase time="0.012" classname="assertions" name="assert_intervals_works_as_expected"/>
  </testsuite>
  <testsuite name="empSignificant" timestamp="2023-11-07T16:41:48Z" hostname="4a56e453a495" tests="5" skipped="0" failures="0" errors="0" time="2.457">
    <testcase time="0.0879999999999996" classname="empSignificant" name="logRankTest_works_as_expected"/>
    <testcase time="0.012" classname="empSignificant" name="logRankTest_works_as_expected"/>
    <testcase time="0.144" classname="empSignificant" name="passedLogRank_works_as_expected"/>
    <testcase time="0.028" classname="empSignificant" name="passedLogRank_works_as_expected"/>
    <testcase time="2.185" classname="empSignificant" name="empSignificant_works_as_expected"/>
  </testsuite>
  <testsuite name="estimateParams" timestamp="2023-11-07T16:41:51Z" hostname="4a56e453a495" tests="1" skipped="1" failures="0" errors="0" time="0.192">
    <testcase time="0.192" classname="estimateParams" name="prepareData_works_as_expected">
      <skipped message="Reason: On CRAN ('test-estimateParams.R:15:3')"/>
    </testcase>
  </testsuite>
  <testsuite name="eventTracking" timestamp="2023-11-07T16:41:51Z" hostname="4a56e453a495" tests="15" skipped="0" failures="0" errors="0" time="0.347">
    <testcase time="0.0859999999999994" classname="eventTracking" name="getTimePoint_works_as_expected"/>
    <testcase time="0.00900000000000034" classname="eventTracking" name="getTimePoint_works_as_expected"/>
    <testcase time="0.0499999999999998" classname="eventTracking" name="getTimePoint_works_as_expected_by_Arm"/>
    <testcase time="0.00800000000000001" classname="eventTracking" name="getTimePoint_works_as_expected_by_Arm"/>
    <testcase time="0.00700000000000056" classname="eventTracking" name="getTimePoint_works_as_expected_by_Arm"/>
    <testcase time="0.00800000000000001" classname="eventTracking" name="getTimePoint_works_as_expected_by_Arm"/>
    <testcase time="0.0429999999999993" classname="eventTracking" name="censoringByNumberEvents_works_as_expected"/>
    <testcase time="0.00900000000000034" classname="eventTracking" name="censoringByNumberEvents_works_as_expected"/>
    <testcase time="0.0380000000000003" classname="eventTracking" name="trackEventsPerTrial_works_as_expected_by_arm"/>
    <testcase time="0.00800000000000001" classname="eventTracking" name="trackEventsPerTrial_works_as_expected_by_arm"/>
    <testcase time="0.00699999999999967" classname="eventTracking" name="trackEventsPerTrial_works_as_expected_by_arm"/>
    <testcase time="0.00600000000000023" classname="eventTracking" name="trackEventsPerTrial_works_as_expected_by_arm"/>
    <testcase time="0.016" classname="eventTracking" name="getCensoredData_works_as_expected"/>
    <testcase time="0.0359999999999996" classname="eventTracking" name="getEventsAll_works_as_expected"/>
    <testcase time="0.016" classname="eventTracking" name="getNumberEvents_works_as_expected"/>
  </testsuite>
  <testsuite name="getClinicalTrials" timestamp="2023-11-07T16:41:51Z" hostname="4a56e453a495" tests="28" skipped="0" failures="0" errors="0" time="7.111">
    <testcase time="0.056" classname="getClinicalTrials" name="getOneClinicalTrial_works_as_expected"/>
    <testcase time="0.00700000000000056" classname="getClinicalTrials" name="getOneClinicalTrial_works_as_expected"/>
    <testcase time="0.00599999999999934" classname="getClinicalTrials" name="getOneClinicalTrial_works_as_expected"/>
    <testcase time="0.0449999999999999" classname="getClinicalTrials" name="getOneClinicalTrial_works_as_expected_accrual_and_dropout_as_list"/>
    <testcase time="0.00700000000000056" classname="getClinicalTrials" name="getOneClinicalTrial_works_as_expected_accrual_and_dropout_as_list"/>
    <testcase time="0.00699999999999967" classname="getClinicalTrials" name="getOneClinicalTrial_works_as_expected_accrual_and_dropout_as_list"/>
    <testcase time="0.04" classname="getClinicalTrials" name="getOneClinicalTrial_creates_expected_data_set"/>
    <testcase time="0.0209999999999999" classname="getClinicalTrials" name="getOneClinicalTrial_also_works_in_edge_case"/>
    <testcase time="0.00700000000000056" classname="getClinicalTrials" name="getOneClinicalTrial_also_works_in_edge_case"/>
    <testcase time="0.00699999999999967" classname="getClinicalTrials" name="getOneClinicalTrial_also_works_in_edge_case"/>
    <testcase time="0.0330000000000004" classname="getClinicalTrials" name="getOneClinicalTrial_gives_a_warning_if_there_are_no_progression_to_death_transitions_at_all"/>
    <testcase time="0.00700000000000056" classname="getClinicalTrials" name="getOneClinicalTrial_gives_a_warning_if_there_are_no_progression_to_death_transitions_at_all"/>
    <testcase time="0.00699999999999967" classname="getClinicalTrials" name="getOneClinicalTrial_gives_a_warning_if_there_are_no_progression_to_death_transitions_at_all"/>
    <testcase time="0.152" classname="getClinicalTrials" name="getClinicalTrials_works_as_expected_if_it_creates_1_row_per_patient"/>
    <testcase time="0.00199999999999978" classname="getClinicalTrials" name="getClinicalTrials_works_as_expected_if_it_creates_1_row_per_patient"/>
    <testcase time="0.00699999999999967" classname="getClinicalTrials" name="getClinicalTrials_works_as_expected_if_it_creates_1_row_per_patient"/>
    <testcase time="0.142" classname="getClinicalTrials" name="getClinicalTrials_works_as_expected_if_accrual_and_dropout_are_lists"/>
    <testcase time="0.00300000000000011" classname="getClinicalTrials" name="getClinicalTrials_works_as_expected_if_accrual_and_dropout_are_lists"/>
    <testcase time="0.00699999999999967" classname="getClinicalTrials" name="getClinicalTrials_works_as_expected_if_accrual_and_dropout_are_lists"/>
    <testcase time="0.115" classname="getClinicalTrials" name="getClinicalTrials_works_as_expected_if_it_creates_1_row_per_transition"/>
    <testcase time="0.00199999999999978" classname="getClinicalTrials" name="getClinicalTrials_works_as_expected_if_it_creates_1_row_per_transition"/>
    <testcase time="0.00600000000000023" classname="getClinicalTrials" name="getClinicalTrials_works_as_expected_if_it_creates_1_row_per_transition"/>
    <testcase time="0.0750000000000002" classname="getClinicalTrials" name="getClinicalTrials_works_as_expected_and_generates_data_according_to_Exponential"/>
    <testcase time="0.00800000000000001" classname="getClinicalTrials" name="getClinicalTrials_works_as_expected_and_generates_data_according_to_Exponential"/>
    <testcase time="1.76" classname="getClinicalTrials" name="getClinicalTrials_works_as_expected_and_generates_data_according_to_Weibull"/>
    <testcase time="0.00699999999999967" classname="getClinicalTrials" name="getClinicalTrials_works_as_expected_and_generates_data_according_to_Weibull"/>
    <testcase time="4.568" classname="getClinicalTrials" name="getClinicalTrials_works_as_expected_and_generates_data_according_to_PWC"/>
    <testcase time="0.00699999999999967" classname="getClinicalTrials" name="getClinicalTrials_works_as_expected_and_generates_data_according_to_PWC"/>
  </testsuite>
  <testsuite name="getDatsetWideFormat" timestamp="2023-11-07T16:41:58Z" hostname="4a56e453a495" tests="7" skipped="0" failures="0" errors="0" time="0.079">
    <testcase time="0.0429999999999993" classname="getDatsetWideFormat" name="getDatasetWideFormat_works_as_expected"/>
    <testcase time="0.00699999999999967" classname="getDatsetWideFormat" name="getDatasetWideFormat_works_as_expected"/>
    <testcase time="0.00699999999999967" classname="getDatsetWideFormat" name="getDatasetWideFormat_works_as_expected"/>
    <testcase time="0.00600000000000023" classname="getDatsetWideFormat" name="getDatasetWideFormat_works_as_expected"/>
    <testcase time="0.00700000000000145" classname="getDatsetWideFormat" name="getDatasetWideFormat_works_as_expected"/>
    <testcase time="0.00599999999999845" classname="getDatsetWideFormat" name="getDatasetWideFormat_works_as_expected"/>
    <testcase time="0.00300000000000011" classname="getDatsetWideFormat" name="getDatasetWideFormat_works_as_expected"/>
  </testsuite>
  <testsuite name="getSimulatedData" timestamp="2023-11-07T16:41:59Z" hostname="4a56e453a495" tests="22" skipped="0" failures="0" errors="0" time="0.238">
    <testcase time="0.0289999999999999" classname="getSimulatedData" name="getOneToTwoRows_works_as_expected"/>
    <testcase time="0.00600000000000023" classname="getSimulatedData" name="getOneToTwoRows_works_as_expected"/>
    <testcase time="0.00699999999999967" classname="getSimulatedData" name="getOneToTwoRows_works_as_expected"/>
    <testcase time="0.00700000000000145" classname="getSimulatedData" name="getOneToTwoRows_works_as_expected"/>
    <testcase time="0.00799999999999912" classname="getSimulatedData" name="getOneToTwoRows_works_as_expected"/>
    <testcase time="0.00600000000000023" classname="getSimulatedData" name="getOneToTwoRows_works_as_expected"/>
    <testcase time="0.0220000000000002" classname="getSimulatedData" name="getSimulatedData_works_as_expected_if_no_random_censoring_is_present"/>
    <testcase time="0.00300000000000011" classname="getSimulatedData" name="getSimulatedData_works_as_expected_if_no_random_censoring_is_present"/>
    <testcase time="0.00600000000000023" classname="getSimulatedData" name="getSimulatedData_works_as_expected_if_no_random_censoring_is_present"/>
    <testcase time="0.00699999999999967" classname="getSimulatedData" name="getSimulatedData_works_as_expected_if_no_random_censoring_is_present"/>
    <testcase time="0.00699999999999967" classname="getSimulatedData" name="getSimulatedData_works_as_expected_if_no_random_censoring_is_present"/>
    <testcase time="0.0180000000000007" classname="getSimulatedData" name="getSimulatedData_works_as_expected_if_random_censoring_is_present"/>
    <testcase time="0.00300000000000011" classname="getSimulatedData" name="getSimulatedData_works_as_expected_if_random_censoring_is_present"/>
    <testcase time="0.00699999999999967" classname="getSimulatedData" name="getSimulatedData_works_as_expected_if_random_censoring_is_present"/>
    <testcase time="0.00600000000000023" classname="getSimulatedData" name="getSimulatedData_works_as_expected_if_random_censoring_is_present"/>
    <testcase time="0.00600000000000023" classname="getSimulatedData" name="getSimulatedData_works_as_expected_if_random_censoring_is_present"/>
    <testcase time="0.0269999999999992" classname="getSimulatedData" name="getSimulatedData_creates_expected_data_set_for_exponential_transitions"/>
    <testcase time="0.0310000000000006" classname="getSimulatedData" name="getSimulatedData_creates_expected_data_set_for_Weibull_transitions"/>
    <testcase time="0.016" classname="getSimulatedData" name="getSimulatedData_works_also_without_progression_to_death_transitions"/>
    <testcase time="0.00300000000000011" classname="getSimulatedData" name="getSimulatedData_works_also_without_progression_to_death_transitions"/>
    <testcase time="0.00699999999999967" classname="getSimulatedData" name="getSimulatedData_works_also_without_progression_to_death_transitions"/>
    <testcase time="0.00600000000000023" classname="getSimulatedData" name="getSimulatedData_works_also_without_progression_to_death_transitions"/>
  </testsuite>
  <testsuite name="getSimulatedDataDistib" timestamp="2023-11-07T16:41:59Z" hostname="4a56e453a495" tests="3" skipped="0" failures="0" errors="0" time="196.161">
    <testcase time="24.502" classname="getSimulatedDataDistib" name="getSimulatedData_generates_distributions_as_expected_Exponential"/>
    <testcase time="99.064" classname="getSimulatedDataDistib" name="getSimulatedData_generates_distributions_as_expected_Weibull"/>
    <testcase time="72.595" classname="getSimulatedDataDistib" name="getSimulatedData_generates_distributions_as_expected_PW"/>
  </testsuite>
  <testsuite name="hazardFunctions" timestamp="2023-11-07T16:45:15Z" hostname="4a56e453a495" tests="7" skipped="0" failures="0" errors="0" time="0.154">
    <testcase time="0.0220000000000198" classname="hazardFunctions" name="ExpHazOS_works_as_expected"/>
    <testcase time="0.00799999999998136" classname="hazardFunctions" name="ExpHazOS_works_as_expected"/>
    <testcase time="0.0169999999999959" classname="hazardFunctions" name="ExpHazOS_works_also_with_vector_of_times_t"/>
    <testcase time="0.0200000000000102" classname="hazardFunctions" name="avgHRIntegExpOS_works_as_expected"/>
    <testcase time="0.0130000000000052" classname="hazardFunctions" name="avgHRIntegExpOS_works_as_expected"/>
    <testcase time="0.0600000000000023" classname="hazardFunctions" name="avgHRExpOS_works_as_expected"/>
    <testcase time="0.0139999999999816" classname="hazardFunctions" name="avgHRExpOS_works_as_expected"/>
  </testsuite>
  <testsuite name="piecewiseDistrb" timestamp="2023-11-07T16:45:15Z" hostname="4a56e453a495" tests="4" skipped="0" failures="0" errors="0" time="0.069">
    <testcase time="0.0200000000000102" classname="piecewiseDistrb" name="getPCWDistr_works_as_expected_for_constant_hazards_after_time_shift"/>
    <testcase time="0.0159999999999911" classname="piecewiseDistrb" name="getPCWDistr_works_as_expected_for_pwc_hazards_without_time_shift"/>
    <testcase time="0.0170000000000243" classname="piecewiseDistrb" name="getPCWDistr_works_as_expected_for_piecewise_constant_hazards_with_time_shift"/>
    <testcase time="0.0159999999999911" classname="piecewiseDistrb" name="PCWInversionMethod_works_as_expected"/>
  </testsuite>
  <testsuite name="piecewiseHazards" timestamp="2023-11-07T16:45:15Z" hostname="4a56e453a495" tests="2" skipped="0" failures="0" errors="0" time="0.041">
    <testcase time="0.0209999999999866" classname="piecewiseHazards" name="getPCWHazard_works_as_expected"/>
    <testcase time="0.0200000000000102" classname="piecewiseHazards" name="getSumPCW_works_as_expected"/>
  </testsuite>
  <testsuite name="survivalFunctions" timestamp="2023-11-07T16:45:15Z" hostname="4a56e453a495" tests="21" skipped="0" failures="0" errors="0" time="0.37">
    <testcase time="0.0219999999999914" classname="survivalFunctions" name="ExpSurvPFS_works_as_expected"/>
    <testcase time="0.00800000000000978" classname="survivalFunctions" name="ExpSurvPFS_works_as_expected"/>
    <testcase time="0.0159999999999911" classname="survivalFunctions" name="ExpSurvPFS_works_also_with_vector_of_times_t"/>
    <testcase time="0.0169999999999959" classname="survivalFunctions" name="ExpSurvOS_works_as_expected"/>
    <testcase time="0.0409999999999968" classname="survivalFunctions" name="ExpSurvOS_works_as_expected"/>
    <testcase time="0.007000000000005" classname="survivalFunctions" name="ExpSurvOS_works_as_expected"/>
    <testcase time="0.0180000000000007" classname="survivalFunctions" name="ExpSurvOS_works_also_with_vector_of_times_t"/>
    <testcase time="0.0180000000000007" classname="survivalFunctions" name="WeibSurvPFS_works_as_expected"/>
    <testcase time="0.007000000000005" classname="survivalFunctions" name="WeibSurvPFS_works_as_expected"/>
    <testcase time="0.0180000000000007" classname="survivalFunctions" name="WeibSurvOS_works_as_expected"/>
    <testcase time="0.007000000000005" classname="survivalFunctions" name="WeibSurvOS_works_as_expected"/>
    <testcase time="0.00799999999998136" classname="survivalFunctions" name="WeibSurvOS_works_as_expected"/>
    <testcase time="0.0180000000000007" classname="survivalFunctions" name="pwA_works_as_expected"/>
    <testcase time="0.0160000000000196" classname="survivalFunctions" name="PWCsurvPFS_works_as_expected"/>
    <testcase time="0.00799999999998136" classname="survivalFunctions" name="PWCsurvPFS_works_as_expected"/>
    <testcase time="0.00800000000000978" classname="survivalFunctions" name="PWCsurvPFS_works_as_expected"/>
    <testcase time="0.0209999999999866" classname="survivalFunctions" name="PWCsurvOS_works_as_expected"/>
    <testcase time="0.0170000000000243" classname="survivalFunctions" name="integrateVector_works_as_expected"/>
    <testcase time="0.0489999999999782" classname="survivalFunctions" name="singleExpQuantOS_works_as_expected"/>
    <testcase time="0.0200000000000102" classname="survivalFunctions" name="ExpQuantOS_works_as_expected"/>
    <testcase time="0.0260000000000105" classname="survivalFunctions" name="ExpQuantOS_works_also_with_vector_of_quantiles_q"/>
  </testsuite>
  <testsuite name="transitionParameters" timestamp="2023-11-07T16:45:16Z" hostname="4a56e453a495" tests="19" skipped="0" failures="0" errors="0" time="0.219">
    <testcase time="0.0219999999999914" classname="transitionParameters" name="exponential_transition_works_as_expected"/>
    <testcase time="0.007000000000005" classname="transitionParameters" name="exponential_transition_works_as_expected"/>
    <testcase time="0.007000000000005" classname="transitionParameters" name="exponential_transition_works_as_expected"/>
    <testcase time="0.00699999999997658" classname="transitionParameters" name="exponential_transition_works_as_expected"/>
    <testcase time="0.0120000000000005" classname="transitionParameters" name="exponential_transition_works_as_expected"/>
    <testcase time="0.0100000000000193" classname="transitionParameters" name="exponential_transition_works_as_expected"/>
    <testcase time="0.0149999999999864" classname="transitionParameters" name="piecewise_exponential_works_as_expected"/>
    <testcase time="0.00600000000000023" classname="transitionParameters" name="piecewise_exponential_works_as_expected"/>
    <testcase time="0.007000000000005" classname="transitionParameters" name="piecewise_exponential_works_as_expected"/>
    <testcase time="0.007000000000005" classname="transitionParameters" name="piecewise_exponential_works_as_expected"/>
    <testcase time="0.00999999999999091" classname="transitionParameters" name="piecewise_exponential_works_as_expected"/>
    <testcase time="0.0109999999999957" classname="transitionParameters" name="piecewise_exponential_works_as_expected"/>
    <testcase time="0.0109999999999957" classname="transitionParameters" name="piecewise_exponential_works_as_expected"/>
    <testcase time="0.0450000000000159" classname="transitionParameters" name="weibull_transition_works_as_expected"/>
    <testcase time="0.007000000000005" classname="transitionParameters" name="weibull_transition_works_as_expected"/>
    <testcase time="0.007000000000005" classname="transitionParameters" name="weibull_transition_works_as_expected"/>
    <testcase time="0.00799999999998136" classname="transitionParameters" name="weibull_transition_works_as_expected"/>
    <testcase time="0.0100000000000193" classname="transitionParameters" name="weibull_transition_works_as_expected"/>
    <testcase time="0.00999999999999091" classname="transitionParameters" name="weibull_transition_works_as_expected"/>
  </testsuite>
  <testsuite name="waitTimeSum" timestamp="2023-11-07T16:45:16Z" hostname="4a56e453a495" tests="3" skipped="0" failures="0" errors="0" time="0.055">
    <testcase time="0.0199999999999818" classname="waitTimeSum" name="getWaitTimeSum_works_as_expected_for_sum_of_constant_hazards"/>
    <testcase time="0.0180000000000007" classname="waitTimeSum" name="getWaitTimeSum_works_as_expected_for_sum_of_hazards_entry_0_"/>
    <testcase time="0.0170000000000243" classname="waitTimeSum" name="getWaitTimeSum_works_as_expected_for_sum_of_hazards_entry_0_"/>
  </testsuite>
</testsuites>
