<?xml version="1.0" encoding="UTF-8"?>
<testsuites>
  <testsuite name="addStaggeredEntry" timestamp="2023-06-04T02:14:11Z" hostname="889f094707e4" tests="10" skipped="0" failures="0" errors="0" time="0.226">
    <testcase time="0.0610000000000001" classname="addStaggeredEntry" name="addStaggeredEntry_works_as_expected_if_no_staggered_study_entry_is_present"/>
    <testcase time="0.03" classname="addStaggeredEntry" name="addStaggeredEntry_works_as_expected_if_no_staggered_study_entry_is_present"/>
    <testcase time="0.096" classname="addStaggeredEntry" name="addStaggeredEntry_works_as_expected_if_staggered_study_entry_is_specified_by_accrual_parameter_time"/>
    <testcase time="0.00600000000000001" classname="addStaggeredEntry" name="addStaggeredEntry_works_as_expected_if_staggered_study_entry_is_specified_by_accrual_parameter_time"/>
    <testcase time="0.00600000000000001" classname="addStaggeredEntry" name="addStaggeredEntry_works_as_expected_if_staggered_study_entry_is_specified_by_accrual_parameter_time"/>
    <testcase time="0.002" classname="addStaggeredEntry" name="addStaggeredEntry_works_as_expected_if_staggered_study_entry_is_specified_by_accrual_parameter_time"/>
    <testcase time="0.00900000000000001" classname="addStaggeredEntry" name="addStaggeredEntry_works_as_expected_if_staggered_study_entry_is_specified_by_accrual_parameter_intensity"/>
    <testcase time="0.00900000000000001" classname="addStaggeredEntry" name="addStaggeredEntry_works_as_expected_if_staggered_study_entry_is_specified_by_accrual_parameter_intensity"/>
    <testcase time="0.005" classname="addStaggeredEntry" name="addStaggeredEntry_works_as_expected_if_staggered_study_entry_is_specified_by_accrual_parameter_intensity"/>
    <testcase time="0.002" classname="addStaggeredEntry" name="addStaggeredEntry_works_as_expected_if_staggered_study_entry_is_specified_by_accrual_parameter_intensity"/>
  </testsuite>
  <testsuite name="assertions" timestamp="2023-06-04T02:14:11Z" hostname="889f094707e4" tests="11" skipped="0" failures="0" errors="0" time="0.09">
    <testcase time="0.02" classname="assertions" name="assert_positive_number_works_as_expected"/>
    <testcase time="0.002" classname="assertions" name="assert_positive_number_works_as_expected"/>
    <testcase time="0.0119999999999999" classname="assertions" name="assert_positive_number_works_as_expected"/>
    <testcase time="0.00900000000000001" classname="assertions" name="assert_positive_number_works_as_expected"/>
    <testcase time="0.00700000000000001" classname="assertions" name="assert_positive_number_works_as_expected"/>
    <testcase time="0.005" classname="assertions" name="assert_intervals_works_as_expected"/>
    <testcase time="0.002" classname="assertions" name="assert_intervals_works_as_expected"/>
    <testcase time="0.00800000000000001" classname="assertions" name="assert_intervals_works_as_expected"/>
    <testcase time="0.00900000000000001" classname="assertions" name="assert_intervals_works_as_expected"/>
    <testcase time="0.00800000000000001" classname="assertions" name="assert_intervals_works_as_expected"/>
    <testcase time="0.00800000000000001" classname="assertions" name="assert_intervals_works_as_expected"/>
  </testsuite>
  <testsuite name="eventTracking" timestamp="2023-06-04T02:14:11Z" hostname="889f094707e4" tests="15" skipped="0" failures="0" errors="0" time="0.176">
    <testcase time="0.05" classname="eventTracking" name="getTimePoint_works_as_expected"/>
    <testcase time="0.002" classname="eventTracking" name="getTimePoint_works_as_expected"/>
    <testcase time="0.0269999999999999" classname="eventTracking" name="getTimePoint_works_as_expected_by_Arm"/>
    <testcase time="0.003" classname="eventTracking" name="getTimePoint_works_as_expected_by_Arm"/>
    <testcase time="0.002" classname="eventTracking" name="getTimePoint_works_as_expected_by_Arm"/>
    <testcase time="0.001" classname="eventTracking" name="getTimePoint_works_as_expected_by_Arm"/>
    <testcase time="0.027" classname="eventTracking" name="censoringByNumberEvents_works_as_expected"/>
    <testcase time="0.002" classname="eventTracking" name="censoringByNumberEvents_works_as_expected"/>
    <testcase time="0.026" classname="eventTracking" name="trackEventsPerTrial_works_as_expected_by_arm"/>
    <testcase time="0.00499999999999989" classname="eventTracking" name="trackEventsPerTrial_works_as_expected_by_arm"/>
    <testcase time="0.002" classname="eventTracking" name="trackEventsPerTrial_works_as_expected_by_arm"/>
    <testcase time="0.00500000000000012" classname="eventTracking" name="trackEventsPerTrial_works_as_expected_by_arm"/>
    <testcase time="0.00499999999999989" classname="eventTracking" name="getCensoredData_works_as_expected"/>
    <testcase time="0.016" classname="eventTracking" name="getEventsAll_works_as_expected"/>
    <testcase time="0.00300000000000011" classname="eventTracking" name="getNumberEvents_works_as_expected"/>
  </testsuite>
  <testsuite name="getClinicalTrials" timestamp="2023-06-04T02:14:11Z" hostname="889f094707e4" tests="16" skipped="0" failures="0" errors="0" time="0.464">
    <testcase time="0.04" classname="getClinicalTrials" name="getOneClinicalTrial_works_as_expected"/>
    <testcase time="0.00499999999999989" classname="getClinicalTrials" name="getOneClinicalTrial_works_as_expected"/>
    <testcase time="0.00500000000000012" classname="getClinicalTrials" name="getOneClinicalTrial_works_as_expected"/>
    <testcase time="0.03" classname="getClinicalTrials" name="getOneClinicalTrial_works_as_expected_accrual_and_dropout_as_list"/>
    <testcase time="0.00499999999999989" classname="getClinicalTrials" name="getOneClinicalTrial_works_as_expected_accrual_and_dropout_as_list"/>
    <testcase time="0.00499999999999989" classname="getClinicalTrials" name="getOneClinicalTrial_works_as_expected_accrual_and_dropout_as_list"/>
    <testcase time="0.0190000000000001" classname="getClinicalTrials" name="getOneClinicalTrial_creates_expected_data_set"/>
    <testcase time="0.128" classname="getClinicalTrials" name="getClinicalTrials_works_as_expected_if_it_creates_1_row_per_patient"/>
    <testcase time="0.002" classname="getClinicalTrials" name="getClinicalTrials_works_as_expected_if_it_creates_1_row_per_patient"/>
    <testcase time="0.00499999999999989" classname="getClinicalTrials" name="getClinicalTrials_works_as_expected_if_it_creates_1_row_per_patient"/>
    <testcase time="0.128" classname="getClinicalTrials" name="getClinicalTrials_works_as_expected_if_accrual_and_dropout_are_lists"/>
    <testcase time="0.002" classname="getClinicalTrials" name="getClinicalTrials_works_as_expected_if_accrual_and_dropout_are_lists"/>
    <testcase time="0.00499999999999989" classname="getClinicalTrials" name="getClinicalTrials_works_as_expected_if_accrual_and_dropout_are_lists"/>
    <testcase time="0.0770000000000002" classname="getClinicalTrials" name="getClinicalTrials_works_as_expected_if_it_creates_1_row_per_transition"/>
    <testcase time="0.002" classname="getClinicalTrials" name="getClinicalTrials_works_as_expected_if_it_creates_1_row_per_transition"/>
    <testcase time="0.00599999999999978" classname="getClinicalTrials" name="getClinicalTrials_works_as_expected_if_it_creates_1_row_per_transition"/>
  </testsuite>
  <testsuite name="getDatsetWideFormat" timestamp="2023-06-04T02:14:12Z" hostname="889f094707e4" tests="7" skipped="0" failures="0" errors="0" time="0.055">
    <testcase time="0.0310000000000001" classname="getDatsetWideFormat" name="getDatasetWideFormat_works_as_expected"/>
    <testcase time="0.004" classname="getDatsetWideFormat" name="getDatasetWideFormat_works_as_expected"/>
    <testcase time="0.00499999999999989" classname="getDatsetWideFormat" name="getDatasetWideFormat_works_as_expected"/>
    <testcase time="0.004" classname="getDatsetWideFormat" name="getDatasetWideFormat_works_as_expected"/>
    <testcase time="0.00500000000000012" classname="getDatsetWideFormat" name="getDatasetWideFormat_works_as_expected"/>
    <testcase time="0.00499999999999989" classname="getDatsetWideFormat" name="getDatasetWideFormat_works_as_expected"/>
    <testcase time="0.00100000000000011" classname="getDatsetWideFormat" name="getDatasetWideFormat_works_as_expected"/>
  </testsuite>
  <testsuite name="getSimulatedData" timestamp="2023-06-04T02:14:12Z" hostname="889f094707e4" tests="17" skipped="0" failures="0" errors="0" time="0.104">
    <testcase time="0.0129999999999999" classname="getSimulatedData" name="getOneToTwoRows_works_as_expected"/>
    <testcase time="0.00500000000000012" classname="getSimulatedData" name="getOneToTwoRows_works_as_expected"/>
    <testcase time="0.00499999999999989" classname="getSimulatedData" name="getOneToTwoRows_works_as_expected"/>
    <testcase time="0.00500000000000012" classname="getSimulatedData" name="getOneToTwoRows_works_as_expected"/>
    <testcase time="0.00499999999999989" classname="getSimulatedData" name="getOneToTwoRows_works_as_expected"/>
    <testcase time="0.00500000000000012" classname="getSimulatedData" name="getOneToTwoRows_works_as_expected"/>
    <testcase time="0.012" classname="getSimulatedData" name="getSimulatedData_works_as_expected_if_no_random_censoring_is_present"/>
    <testcase time="0.00099999999999989" classname="getSimulatedData" name="getSimulatedData_works_as_expected_if_no_random_censoring_is_present"/>
    <testcase time="0.00500000000000012" classname="getSimulatedData" name="getSimulatedData_works_as_expected_if_no_random_censoring_is_present"/>
    <testcase time="0.00800000000000001" classname="getSimulatedData" name="getSimulatedData_works_as_expected_if_no_random_censoring_is_present"/>
    <testcase time="0.00499999999999989" classname="getSimulatedData" name="getSimulatedData_works_as_expected_if_no_random_censoring_is_present"/>
    <testcase time="0.01" classname="getSimulatedData" name="getSimulatedData_works_as_expected_if_random_censoring_is_present"/>
    <testcase time="0.002" classname="getSimulatedData" name="getSimulatedData_works_as_expected_if_random_censoring_is_present"/>
    <testcase time="0.004" classname="getSimulatedData" name="getSimulatedData_works_as_expected_if_random_censoring_is_present"/>
    <testcase time="0.00499999999999989" classname="getSimulatedData" name="getSimulatedData_works_as_expected_if_random_censoring_is_present"/>
    <testcase time="0.00600000000000001" classname="getSimulatedData" name="getSimulatedData_works_as_expected_if_random_censoring_is_present"/>
    <testcase time="0.00800000000000001" classname="getSimulatedData" name="getSimulatedData_creates_expected_data_set"/>
  </testsuite>
  <testsuite name="getSimulatedDataDistib" timestamp="2023-06-04T02:14:12Z" hostname="889f094707e4" tests="3" skipped="0" failures="0" errors="0" time="189.208">
    <testcase time="20.885" classname="getSimulatedDataDistib" name="getSimulatedData_generates_distributions_as_expected_Exponential"/>
    <testcase time="96.441" classname="getSimulatedDataDistib" name="getSimulatedData_generates_distributions_as_expected_Weibull"/>
    <testcase time="71.882" classname="getSimulatedDataDistib" name="getSimulatedData_generates_distributions_as_expected_PW"/>
  </testsuite>
  <testsuite name="piecewiseDistrb" timestamp="2023-06-04T02:17:21Z" hostname="889f094707e4" tests="4" skipped="0" failures="0" errors="0" time="0.016">
    <testcase time="0.00800000000000978" classname="piecewiseDistrb" name="getPCWDistr_works_as_expected_for_constant_hazards_after_time_shift"/>
    <testcase time="0.0029999999999859" classname="piecewiseDistrb" name="getPCWDistr_works_as_expected_for_pwc_hazards_without_time_shift"/>
    <testcase time="0.00300000000001432" classname="piecewiseDistrb" name="getPCWDistr_works_as_expected_for_piecewise_constant_hazards_with_time_shift"/>
    <testcase time="0.00200000000000955" classname="piecewiseDistrb" name="PCWInversionMethod_works_as_expected"/>
  </testsuite>
  <testsuite name="piecewiseHazards" timestamp="2023-06-04T02:17:21Z" hostname="889f094707e4" tests="2" skipped="0" failures="0" errors="0" time="0.011">
    <testcase time="0.00699999999997658" classname="piecewiseHazards" name="getPCWHazard_works_as_expected"/>
    <testcase time="0.0040000000000191" classname="piecewiseHazards" name="getSumPCW_works_as_expected"/>
  </testsuite>
  <testsuite name="survivalFunctions" timestamp="2023-06-04T02:17:21Z" hostname="889f094707e4" tests="19" skipped="0" failures="0" errors="0" time="0.103">
    <testcase time="0.00799999999998136" classname="survivalFunctions" name="ExpSurvPFS_works_as_expected"/>
    <testcase time="0.00200000000000955" classname="survivalFunctions" name="ExpSurvPFS_works_as_expected"/>
    <testcase time="0.00300000000001432" classname="survivalFunctions" name="ExpSurvPFS_works_also_with_vector_of_times_t"/>
    <testcase time="0.0029999999999859" classname="survivalFunctions" name="ExpSurvOS_works_as_expected"/>
    <testcase time="0.00200000000000955" classname="survivalFunctions" name="ExpSurvOS_works_as_expected"/>
    <testcase time="0.0029999999999859" classname="survivalFunctions" name="ExpSurvOS_works_also_with_vector_of_times_t"/>
    <testcase time="0.00399999999999068" classname="survivalFunctions" name="WeibSurvPFS_works_as_expected"/>
    <testcase time="0.00300000000001432" classname="survivalFunctions" name="WeibSurvPFS_works_as_expected"/>
    <testcase time="0.00399999999999068" classname="survivalFunctions" name="WeibSurvOS_works_as_expected"/>
    <testcase time="0.00300000000001432" classname="survivalFunctions" name="WeibSurvOS_works_as_expected"/>
    <testcase time="0.0289999999999964" classname="survivalFunctions" name="pwA_works_as_expected"/>
    <testcase time="0.00499999999999545" classname="survivalFunctions" name="PWCsurvPFS_works_as_expected"/>
    <testcase time="0.00200000000000955" classname="survivalFunctions" name="PWCsurvPFS_works_as_expected"/>
    <testcase time="0.00199999999998113" classname="survivalFunctions" name="PWCsurvPFS_works_as_expected"/>
    <testcase time="0.00800000000000978" classname="survivalFunctions" name="PWCsurvOS_works_as_expected"/>
    <testcase time="0.0029999999999859" classname="survivalFunctions" name="integrateVector_works_as_expected"/>
    <testcase time="0.00600000000000023" classname="survivalFunctions" name="singleExpQuantOS_works_as_expected"/>
    <testcase time="0.0040000000000191" classname="survivalFunctions" name="ExpQuantOS_works_as_expected"/>
    <testcase time="0.00899999999998613" classname="survivalFunctions" name="ExpQuantOS_works_also_with_vector_of_quantiles_q"/>
  </testsuite>
  <testsuite name="transitionParameters" timestamp="2023-06-04T02:17:21Z" hostname="889f094707e4" tests="19" skipped="0" failures="0" errors="0" time="0.139">
    <testcase time="0.007000000000005" classname="transitionParameters" name="exponential_transition_works_as_expected"/>
    <testcase time="0.0330000000000155" classname="transitionParameters" name="exponential_transition_works_as_expected"/>
    <testcase time="0.00199999999998113" classname="transitionParameters" name="exponential_transition_works_as_expected"/>
    <testcase time="0.00200000000000955" classname="transitionParameters" name="exponential_transition_works_as_expected"/>
    <testcase time="0.007000000000005" classname="transitionParameters" name="exponential_transition_works_as_expected"/>
    <testcase time="0.007000000000005" classname="transitionParameters" name="exponential_transition_works_as_expected"/>
    <testcase time="0.0029999999999859" classname="transitionParameters" name="piecewise_exponential_works_as_expected"/>
    <testcase time="0.00200000000000955" classname="transitionParameters" name="piecewise_exponential_works_as_expected"/>
    <testcase time="0.00100000000000477" classname="transitionParameters" name="piecewise_exponential_works_as_expected"/>
    <testcase time="0.0029999999999859" classname="transitionParameters" name="piecewise_exponential_works_as_expected"/>
    <testcase time="0.007000000000005" classname="transitionParameters" name="piecewise_exponential_works_as_expected"/>
    <testcase time="0.00799999999998136" classname="transitionParameters" name="piecewise_exponential_works_as_expected"/>
    <testcase time="0.0320000000000107" classname="transitionParameters" name="piecewise_exponential_works_as_expected"/>
    <testcase time="0.00300000000001432" classname="transitionParameters" name="weibull_transition_works_as_expected"/>
    <testcase time="0.00199999999998113" classname="transitionParameters" name="weibull_transition_works_as_expected"/>
    <testcase time="0.00200000000000955" classname="transitionParameters" name="weibull_transition_works_as_expected"/>
    <testcase time="0.00100000000000477" classname="transitionParameters" name="weibull_transition_works_as_expected"/>
    <testcase time="0.00899999999998613" classname="transitionParameters" name="weibull_transition_works_as_expected"/>
    <testcase time="0.00800000000000978" classname="transitionParameters" name="weibull_transition_works_as_expected"/>
  </testsuite>
  <testsuite name="waitTimeSum" timestamp="2023-06-04T02:17:21Z" hostname="889f094707e4" tests="3" skipped="0" failures="0" errors="0" time="0.016">
    <testcase time="0.00999999999999091" classname="waitTimeSum" name="getWaitTimeSum_works_as_expected_for_sum_of_constant_hazards"/>
    <testcase time="0.00300000000001432" classname="waitTimeSum" name="getWaitTimeSum_works_as_expected_for_sum_of_hazards_entry_0_"/>
    <testcase time="0.0029999999999859" classname="waitTimeSum" name="getWaitTimeSum_works_as_expected_for_sum_of_hazards_entry_0_"/>
  </testsuite>
</testsuites>
