<?xml version="1.0" encoding="UTF-8"?>
<testsuites>
  <testsuite name="addStaggeredEntry" timestamp="2023-12-07T16:07:09Z" hostname="0e4482faa128" tests="10" skipped="0" failures="0" errors="0" time="0.142">
    <testcase time="0.0609999999999999" classname="addStaggeredEntry" name="addStaggeredEntry_works_as_expected_if_no_staggered_study_entry_is_present"/>
    <testcase time="0.0370000000000001" classname="addStaggeredEntry" name="addStaggeredEntry_works_as_expected_if_no_staggered_study_entry_is_present"/>
    <testcase time="0.0149999999999999" classname="addStaggeredEntry" name="addStaggeredEntry_works_as_expected_if_staggered_study_entry_is_specified_by_accrual_parameter_time"/>
    <testcase time="0.00300000000000011" classname="addStaggeredEntry" name="addStaggeredEntry_works_as_expected_if_staggered_study_entry_is_specified_by_accrual_parameter_time"/>
    <testcase time="0.00299999999999989" classname="addStaggeredEntry" name="addStaggeredEntry_works_as_expected_if_staggered_study_entry_is_specified_by_accrual_parameter_time"/>
    <testcase time="0.00500000000000012" classname="addStaggeredEntry" name="addStaggeredEntry_works_as_expected_if_staggered_study_entry_is_specified_by_accrual_parameter_time"/>
    <testcase time="0.00800000000000001" classname="addStaggeredEntry" name="addStaggeredEntry_works_as_expected_if_staggered_study_entry_is_specified_by_accrual_parameter_intensity"/>
    <testcase time="0.00299999999999989" classname="addStaggeredEntry" name="addStaggeredEntry_works_as_expected_if_staggered_study_entry_is_specified_by_accrual_parameter_intensity"/>
    <testcase time="0.004" classname="addStaggeredEntry" name="addStaggeredEntry_works_as_expected_if_staggered_study_entry_is_specified_by_accrual_parameter_intensity"/>
    <testcase time="0.00299999999999989" classname="addStaggeredEntry" name="addStaggeredEntry_works_as_expected_if_staggered_study_entry_is_specified_by_accrual_parameter_intensity"/>
  </testsuite>
  <testsuite name="assertions" timestamp="2023-12-07T16:07:09Z" hostname="0e4482faa128" tests="11" skipped="0" failures="0" errors="0" time="0.063">
    <testcase time="0.0150000000000001" classname="assertions" name="assert_positive_number_works_as_expected"/>
    <testcase time="0.00099999999999989" classname="assertions" name="assert_positive_number_works_as_expected"/>
    <testcase time="0.012" classname="assertions" name="assert_positive_number_works_as_expected"/>
    <testcase time="0.004" classname="assertions" name="assert_positive_number_works_as_expected"/>
    <testcase time="0.00500000000000012" classname="assertions" name="assert_positive_number_works_as_expected"/>
    <testcase time="0.00600000000000001" classname="assertions" name="assert_intervals_works_as_expected"/>
    <testcase time="0.00099999999999989" classname="assertions" name="assert_intervals_works_as_expected"/>
    <testcase time="0.004" classname="assertions" name="assert_intervals_works_as_expected"/>
    <testcase time="0.00500000000000012" classname="assertions" name="assert_intervals_works_as_expected"/>
    <testcase time="0.00499999999999989" classname="assertions" name="assert_intervals_works_as_expected"/>
    <testcase time="0.00500000000000012" classname="assertions" name="assert_intervals_works_as_expected"/>
  </testsuite>
  <testsuite name="corPFSOS" timestamp="2023-12-07T16:07:09Z" hostname="0e4482faa128" tests="35" skipped="0" failures="0" errors="0" time="2.361">
    <testcase time="0.0209999999999999" classname="corPFSOS" name="survPFS_works_as_expected_for_exponential_transition_hazards"/>
    <testcase time="0.00300000000000011" classname="corPFSOS" name="survPFS_works_as_expected_for_exponential_transition_hazards"/>
    <testcase time="0.00600000000000001" classname="corPFSOS" name="survPFS_works_as_expected_for_Weibull_transition_hazards"/>
    <testcase time="0.00299999999999989" classname="corPFSOS" name="survPFS_works_as_expected_for_Weibull_transition_hazards"/>
    <testcase time="0.00700000000000012" classname="corPFSOS" name="survPFS_works_as_expected_for_piecewise_exponential_transition_hazards"/>
    <testcase time="0.00299999999999989" classname="corPFSOS" name="survPFS_works_as_expected_for_piecewise_exponential_transition_hazards"/>
    <testcase time="0.00600000000000001" classname="corPFSOS" name="survOS_works_as_expected_for_exponential_transition_hazards"/>
    <testcase time="0.00300000000000011" classname="corPFSOS" name="survOS_works_as_expected_for_exponential_transition_hazards"/>
    <testcase time="0.0069999999999999" classname="corPFSOS" name="survOS_works_as_expected_for_Weibull_transition_hazards"/>
    <testcase time="0.004" classname="corPFSOS" name="survOS_works_as_expected_for_Weibull_transition_hazards"/>
    <testcase time="0.0069999999999999" classname="corPFSOS" name="survOS_works_as_expected_for_piecewise_exponential_transition_hazards"/>
    <testcase time="0.004" classname="corPFSOS" name="survOS_works_as_expected_for_piecewise_exponential_transition_hazards"/>
    <testcase time="0.00600000000000001" classname="corPFSOS" name="expvalPFSInteg_works_as_expected"/>
    <testcase time="0.00300000000000011" classname="corPFSOS" name="expvalPFSInteg_works_as_expected"/>
    <testcase time="0.00600000000000001" classname="corPFSOS" name="expvalOSInteg_works_as_expected"/>
    <testcase time="0.00299999999999989" classname="corPFSOS" name="expvalOSInteg_works_as_expected"/>
    <testcase time="0.00600000000000001" classname="corPFSOS" name="p11Integ_works_as_expected"/>
    <testcase time="0.00300000000000011" classname="corPFSOS" name="p11Integ_works_as_expected"/>
    <testcase time="0.00600000000000001" classname="corPFSOS" name="log_p11_works_as_expected"/>
    <testcase time="0.004" classname="corPFSOS" name="log_p11_works_as_expected"/>
    <testcase time="0.00600000000000001" classname="corPFSOS" name="log_p11_works_as_expected_for_multiple_time_points"/>
    <testcase time="0.00299999999999989" classname="corPFSOS" name="log_p11_works_as_expected_for_multiple_time_points"/>
    <testcase time="0.00600000000000001" classname="corPFSOS" name="PFSOSInteg_works_as_expected"/>
    <testcase time="0.004" classname="corPFSOS" name="PFSOSInteg_works_as_expected"/>
    <testcase time="0.00600000000000001" classname="corPFSOS" name="PFSOSInteg_works_as_expected_for_vectors"/>
    <testcase time="0.00300000000000011" classname="corPFSOS" name="PFSOSInteg_works_as_expected_for_vectors"/>
    <testcase time="0.0129999999999999" classname="corPFSOS" name="survPFSOS_works_as_expected_for_exponential_transition"/>
    <testcase time="0.00300000000000011" classname="corPFSOS" name="survPFSOS_works_as_expected_for_exponential_transition"/>
    <testcase time="0.02" classname="corPFSOS" name="survPFSOS_works_as_expected_for_Weibull_transitions"/>
    <testcase time="0.00299999999999989" classname="corPFSOS" name="survPFSOS_works_as_expected_for_Weibull_transitions"/>
    <testcase time="0.026" classname="corPFSOS" name="survPFSOS_works_as_expected_for_piecewise_constant_hazard_transitions"/>
    <testcase time="0.00299999999999989" classname="corPFSOS" name="survPFSOS_works_as_expected_for_piecewise_constant_hazard_transitions"/>
    <testcase time="0.158" classname="corPFSOS" name="corTrans_works_as_expected"/>
    <testcase time="0.004" classname="corPFSOS" name="corTrans_works_as_expected"/>
    <testcase time="1.992" classname="corPFSOS" name="corPFSOS_returns_correct_central_estimate"/>
  </testsuite>
  <testsuite name="empSignificant" timestamp="2023-12-07T16:07:11Z" hostname="0e4482faa128" tests="5" skipped="0" failures="0" errors="0" time="1.186">
    <testcase time="0.0310000000000001" classname="empSignificant" name="logRankTest_works_as_expected"/>
    <testcase time="0.00700000000000012" classname="empSignificant" name="logRankTest_works_as_expected"/>
    <testcase time="0.0649999999999999" classname="empSignificant" name="passedLogRank_works_as_expected"/>
    <testcase time="0.0129999999999999" classname="empSignificant" name="passedLogRank_works_as_expected"/>
    <testcase time="1.07" classname="empSignificant" name="empSignificant_works_as_expected"/>
  </testsuite>
  <testsuite name="estimateParams" timestamp="2023-12-07T16:07:13Z" hostname="0e4482faa128" tests="22" skipped="1" failures="0" errors="0" time="26.516">
    <testcase time="0.0529999999999999" classname="estimateParams" name="prepareData_works_as_expected">
      <skipped message="Reason: On CRAN ('test-estimateParams.R:15:3')"/>
    </testcase>
    <testcase time="0.0369999999999999" classname="estimateParams" name="negLogLik_works_as_expected_for_Exponential"/>
    <testcase time="0.0220000000000002" classname="estimateParams" name="negLogLik_works_as_expected_for_Weibull"/>
    <testcase time="0.00699999999999967" classname="estimateParams" name="haz_works_as_expected_for_Exponential"/>
    <testcase time="0.00400000000000045" classname="estimateParams" name="haz_works_as_expected_for_Exponential"/>
    <testcase time="0.00699999999999967" classname="estimateParams" name="haz_works_as_expected_for_Weibull"/>
    <testcase time="0.00400000000000045" classname="estimateParams" name="haz_works_as_expected_for_Weibull"/>
    <testcase time="0.00800000000000001" classname="estimateParams" name="survTrans_works_as_expected_for_Exponential"/>
    <testcase time="0.00800000000000001" classname="estimateParams" name="survTrans_works_as_expected_for_Weibull"/>
    <testcase time="0.00699999999999967" classname="estimateParams" name="getInit_works_as_expected_for_Exponential"/>
    <testcase time="0.00800000000000001" classname="estimateParams" name="getInit_works_as_expected_for_Weibull"/>
    <testcase time="0.0209999999999999" classname="estimateParams" name="getTarget_works_as_expected_for_Exponential"/>
    <testcase time="0.0220000000000002" classname="estimateParams" name="getTarget_works_as_expected_for_Weibull"/>
    <testcase time="0.00699999999999967" classname="estimateParams" name="getResults_works_as_expected_for_Exponential"/>
    <testcase time="0.00699999999999967" classname="estimateParams" name="getResults_works_as_expected_for_weibull"/>
    <testcase time="0.00300000000000011" classname="estimateParams" name="getResults_works_as_expected_for_weibull"/>
    <testcase time="7.6" classname="estimateParams" name="estimateParams_estimates_the_true_parameters_correctly_for_Exponential"/>
    <testcase time="0.00400000000000134" classname="estimateParams" name="estimateParams_estimates_the_true_parameters_correctly_for_Exponential"/>
    <testcase time="0.00300000000000011" classname="estimateParams" name="estimateParams_estimates_the_true_parameters_correctly_for_Exponential"/>
    <testcase time="18.675" classname="estimateParams" name="estimateParams_estimates_the_true_parameters_correctly_for_Weibull"/>
    <testcase time="0.00600000000000023" classname="estimateParams" name="estimateParams_estimates_the_true_parameters_correctly_for_Weibull"/>
    <testcase time="0.00300000000000011" classname="estimateParams" name="estimateParams_estimates_the_true_parameters_correctly_for_Weibull"/>
  </testsuite>
  <testsuite name="eventTracking" timestamp="2023-12-07T16:07:39Z" hostname="0e4482faa128" tests="15" skipped="0" failures="0" errors="0" time="0.145">
    <testcase time="0.0229999999999997" classname="eventTracking" name="getTimePoint_works_as_expected"/>
    <testcase time="0.00300000000000011" classname="eventTracking" name="getTimePoint_works_as_expected"/>
    <testcase time="0.0190000000000019" classname="eventTracking" name="getTimePoint_works_as_expected_by_Arm"/>
    <testcase time="0.00399999999999778" classname="eventTracking" name="getTimePoint_works_as_expected_by_Arm"/>
    <testcase time="0.00400000000000134" classname="eventTracking" name="getTimePoint_works_as_expected_by_Arm"/>
    <testcase time="0.00300000000000011" classname="eventTracking" name="getTimePoint_works_as_expected_by_Arm"/>
    <testcase time="0.0219999999999985" classname="eventTracking" name="censoringByNumberEvents_works_as_expected"/>
    <testcase time="0.00400000000000134" classname="eventTracking" name="censoringByNumberEvents_works_as_expected"/>
    <testcase time="0.0189999999999984" classname="eventTracking" name="trackEventsPerTrial_works_as_expected_by_arm"/>
    <testcase time="0.00300000000000011" classname="eventTracking" name="trackEventsPerTrial_works_as_expected_by_arm"/>
    <testcase time="0.00400000000000134" classname="eventTracking" name="trackEventsPerTrial_works_as_expected_by_arm"/>
    <testcase time="0.00300000000000011" classname="eventTracking" name="trackEventsPerTrial_works_as_expected_by_arm"/>
    <testcase time="0.0109999999999992" classname="eventTracking" name="getCensoredData_works_as_expected"/>
    <testcase time="0.0160000000000018" classname="eventTracking" name="getEventsAll_works_as_expected"/>
    <testcase time="0.0069999999999979" classname="eventTracking" name="getNumberEvents_works_as_expected"/>
  </testsuite>
  <testsuite name="getClinicalTrials" timestamp="2023-12-07T16:07:39Z" hostname="0e4482faa128" tests="28" skipped="0" failures="0" errors="0" time="2.838">
    <testcase time="0.027000000000001" classname="getClinicalTrials" name="getOneClinicalTrial_works_as_expected"/>
    <testcase time="0.00400000000000134" classname="getClinicalTrials" name="getOneClinicalTrial_works_as_expected"/>
    <testcase time="0.00300000000000011" classname="getClinicalTrials" name="getOneClinicalTrial_works_as_expected"/>
    <testcase time="0.0209999999999972" classname="getClinicalTrials" name="getOneClinicalTrial_works_as_expected_accrual_and_dropout_as_list"/>
    <testcase time="0.00300000000000011" classname="getClinicalTrials" name="getOneClinicalTrial_works_as_expected_accrual_and_dropout_as_list"/>
    <testcase time="0.00300000000000011" classname="getClinicalTrials" name="getOneClinicalTrial_works_as_expected_accrual_and_dropout_as_list"/>
    <testcase time="0.0199999999999996" classname="getClinicalTrials" name="getOneClinicalTrial_creates_expected_data_set"/>
    <testcase time="0.0100000000000016" classname="getClinicalTrials" name="getOneClinicalTrial_also_works_in_edge_case"/>
    <testcase time="0.00400000000000134" classname="getClinicalTrials" name="getOneClinicalTrial_also_works_in_edge_case"/>
    <testcase time="0.00300000000000011" classname="getClinicalTrials" name="getOneClinicalTrial_also_works_in_edge_case"/>
    <testcase time="0.014999999999997" classname="getClinicalTrials" name="getOneClinicalTrial_gives_a_warning_if_there_are_no_progression_to_death_transitions_at_all"/>
    <testcase time="0.00300000000000011" classname="getClinicalTrials" name="getOneClinicalTrial_gives_a_warning_if_there_are_no_progression_to_death_transitions_at_all"/>
    <testcase time="0.00300000000000011" classname="getClinicalTrials" name="getOneClinicalTrial_gives_a_warning_if_there_are_no_progression_to_death_transitions_at_all"/>
    <testcase time="0.0700000000000003" classname="getClinicalTrials" name="getClinicalTrials_works_as_expected_if_it_creates_1_row_per_patient"/>
    <testcase time="0.00200000000000244" classname="getClinicalTrials" name="getClinicalTrials_works_as_expected_if_it_creates_1_row_per_patient"/>
    <testcase time="0.00299999999999656" classname="getClinicalTrials" name="getClinicalTrials_works_as_expected_if_it_creates_1_row_per_patient"/>
    <testcase time="0.0750000000000028" classname="getClinicalTrials" name="getClinicalTrials_works_as_expected_if_accrual_and_dropout_are_lists"/>
    <testcase time="0.00199999999999889" classname="getClinicalTrials" name="getClinicalTrials_works_as_expected_if_accrual_and_dropout_are_lists"/>
    <testcase time="0.00300000000000011" classname="getClinicalTrials" name="getClinicalTrials_works_as_expected_if_accrual_and_dropout_are_lists"/>
    <testcase time="0.0470000000000006" classname="getClinicalTrials" name="getClinicalTrials_works_as_expected_if_it_creates_1_row_per_transition"/>
    <testcase time="0.000999999999997669" classname="getClinicalTrials" name="getClinicalTrials_works_as_expected_if_it_creates_1_row_per_transition"/>
    <testcase time="0.00300000000000011" classname="getClinicalTrials" name="getClinicalTrials_works_as_expected_if_it_creates_1_row_per_transition"/>
    <testcase time="0.0380000000000003" classname="getClinicalTrials" name="getClinicalTrials_works_as_expected_and_generates_data_according_to_Exponential"/>
    <testcase time="0.00300000000000011" classname="getClinicalTrials" name="getClinicalTrials_works_as_expected_and_generates_data_according_to_Exponential"/>
    <testcase time="0.861000000000001" classname="getClinicalTrials" name="getClinicalTrials_works_as_expected_and_generates_data_according_to_Weibull"/>
    <testcase time="0.00300000000000011" classname="getClinicalTrials" name="getClinicalTrials_works_as_expected_and_generates_data_according_to_Weibull"/>
    <testcase time="1.604" classname="getClinicalTrials" name="getClinicalTrials_works_as_expected_and_generates_data_according_to_PWC"/>
    <testcase time="0.00400000000000489" classname="getClinicalTrials" name="getClinicalTrials_works_as_expected_and_generates_data_according_to_PWC"/>
  </testsuite>
  <testsuite name="getDatsetWideFormat" timestamp="2023-12-07T16:07:42Z" hostname="0e4482faa128" tests="7" skipped="0" failures="0" errors="0" time="0.044">
    <testcase time="0.0219999999999985" classname="getDatsetWideFormat" name="getDatasetWideFormat_works_as_expected"/>
    <testcase time="0.0069999999999979" classname="getDatsetWideFormat" name="getDatasetWideFormat_works_as_expected"/>
    <testcase time="0.00399999999999778" classname="getDatsetWideFormat" name="getDatasetWideFormat_works_as_expected"/>
    <testcase time="0.00300000000000011" classname="getDatsetWideFormat" name="getDatasetWideFormat_works_as_expected"/>
    <testcase time="0.00400000000000489" classname="getDatsetWideFormat" name="getDatasetWideFormat_works_as_expected"/>
    <testcase time="0.00300000000000011" classname="getDatsetWideFormat" name="getDatasetWideFormat_works_as_expected"/>
    <testcase time="0.000999999999997669" classname="getDatsetWideFormat" name="getDatasetWideFormat_works_as_expected"/>
  </testsuite>
  <testsuite name="getSimulatedData" timestamp="2023-12-07T16:07:42Z" hostname="0e4482faa128" tests="22" skipped="0" failures="0" errors="0" time="0.111">
    <testcase time="0.0110000000000028" classname="getSimulatedData" name="getOneToTwoRows_works_as_expected"/>
    <testcase time="0.00300000000000011" classname="getSimulatedData" name="getOneToTwoRows_works_as_expected"/>
    <testcase time="0.00300000000000011" classname="getSimulatedData" name="getOneToTwoRows_works_as_expected"/>
    <testcase time="0.00300000000000011" classname="getSimulatedData" name="getOneToTwoRows_works_as_expected"/>
    <testcase time="0.00300000000000011" classname="getSimulatedData" name="getOneToTwoRows_works_as_expected"/>
    <testcase time="0.00300000000000011" classname="getSimulatedData" name="getOneToTwoRows_works_as_expected"/>
    <testcase time="0.00999999999999801" classname="getSimulatedData" name="getSimulatedData_works_as_expected_if_no_random_censoring_is_present"/>
    <testcase time="0.000999999999997669" classname="getSimulatedData" name="getSimulatedData_works_as_expected_if_no_random_censoring_is_present"/>
    <testcase time="0.00300000000000011" classname="getSimulatedData" name="getSimulatedData_works_as_expected_if_no_random_censoring_is_present"/>
    <testcase time="0.00300000000000011" classname="getSimulatedData" name="getSimulatedData_works_as_expected_if_no_random_censoring_is_present"/>
    <testcase time="0.00300000000000011" classname="getSimulatedData" name="getSimulatedData_works_as_expected_if_no_random_censoring_is_present"/>
    <testcase time="0.00999999999999801" classname="getSimulatedData" name="getSimulatedData_works_as_expected_if_random_censoring_is_present"/>
    <testcase time="0.00100000000000477" classname="getSimulatedData" name="getSimulatedData_works_as_expected_if_random_censoring_is_present"/>
    <testcase time="0.00399999999999778" classname="getSimulatedData" name="getSimulatedData_works_as_expected_if_random_censoring_is_present"/>
    <testcase time="0.00300000000000011" classname="getSimulatedData" name="getSimulatedData_works_as_expected_if_random_censoring_is_present"/>
    <testcase time="0.00300000000000011" classname="getSimulatedData" name="getSimulatedData_works_as_expected_if_random_censoring_is_present"/>
    <testcase time="0.0140000000000029" classname="getSimulatedData" name="getSimulatedData_creates_expected_data_set_for_exponential_transitions"/>
    <testcase time="0.0150000000000006" classname="getSimulatedData" name="getSimulatedData_creates_expected_data_set_for_Weibull_transitions"/>
    <testcase time="0.0069999999999979" classname="getSimulatedData" name="getSimulatedData_works_also_without_progression_to_death_transitions"/>
    <testcase time="0.00200000000000244" classname="getSimulatedData" name="getSimulatedData_works_also_without_progression_to_death_transitions"/>
    <testcase time="0.00300000000000011" classname="getSimulatedData" name="getSimulatedData_works_also_without_progression_to_death_transitions"/>
    <testcase time="0.00299999999999301" classname="getSimulatedData" name="getSimulatedData_works_also_without_progression_to_death_transitions"/>
  </testsuite>
  <testsuite name="getSimulatedDataDistib" timestamp="2023-12-07T16:07:42Z" hostname="0e4482faa128" tests="3" skipped="0" failures="0" errors="0" time="98.018">
    <testcase time="11.779" classname="getSimulatedDataDistib" name="getSimulatedData_generates_distributions_as_expected_Exponential"/>
    <testcase time="51.787" classname="getSimulatedDataDistib" name="getSimulatedData_generates_distributions_as_expected_Weibull"/>
    <testcase time="34.452" classname="getSimulatedDataDistib" name="getSimulatedData_generates_distributions_as_expected_PW"/>
  </testsuite>
  <testsuite name="hazardFunctions" timestamp="2023-12-07T16:09:20Z" hostname="0e4482faa128" tests="7" skipped="0" failures="0" errors="0" time="0.048">
    <testcase time="0.0109999999999957" classname="hazardFunctions" name="ExpHazOS_works_as_expected"/>
    <testcase time="0.00300000000001432" classname="hazardFunctions" name="ExpHazOS_works_as_expected"/>
    <testcase time="0.00799999999998136" classname="hazardFunctions" name="ExpHazOS_works_also_with_vector_of_times_t"/>
    <testcase time="0.00800000000000978" classname="hazardFunctions" name="avgHRIntegExpOS_works_as_expected"/>
    <testcase time="0.00399999999999068" classname="hazardFunctions" name="avgHRIntegExpOS_works_as_expected"/>
    <testcase time="0.00900000000001455" classname="hazardFunctions" name="avgHRExpOS_works_as_expected"/>
    <testcase time="0.00499999999999545" classname="hazardFunctions" name="avgHRExpOS_works_as_expected"/>
  </testsuite>
  <testsuite name="piecewiseDistrb" timestamp="2023-12-07T16:09:20Z" hostname="0e4482faa128" tests="4" skipped="0" failures="0" errors="0" time="0.047">
    <testcase time="0.00900000000001455" classname="piecewiseDistrb" name="getPCWDistr_works_as_expected_for_constant_hazards_after_time_shift"/>
    <testcase time="0.00699999999997658" classname="piecewiseDistrb" name="getPCWDistr_works_as_expected_for_pwc_hazards_without_time_shift"/>
    <testcase time="0.0230000000000246" classname="piecewiseDistrb" name="getPCWDistr_works_as_expected_for_piecewise_constant_hazards_with_time_shift"/>
    <testcase time="0.00799999999998136" classname="piecewiseDistrb" name="PCWInversionMethod_works_as_expected"/>
  </testsuite>
  <testsuite name="piecewiseHazards" timestamp="2023-12-07T16:09:20Z" hostname="0e4482faa128" tests="2" skipped="0" failures="0" errors="0" time="0.018">
    <testcase time="0.00900000000001455" classname="piecewiseHazards" name="getPWCHazard_works_as_expected"/>
    <testcase time="0.00899999999998613" classname="piecewiseHazards" name="getSumPCW_works_as_expected"/>
  </testsuite>
  <testsuite name="survivalFunctions" timestamp="2023-12-07T16:09:20Z" hostname="0e4482faa128" tests="31" skipped="0" failures="0" errors="0" time="0.283">
    <testcase time="0.0109999999999957" classname="survivalFunctions" name="ExpSurvPFS_works_as_expected"/>
    <testcase time="0.00300000000001432" classname="survivalFunctions" name="ExpSurvPFS_works_as_expected"/>
    <testcase time="0.007000000000005" classname="survivalFunctions" name="ExpSurvPFS_works_also_with_vector_of_times_t"/>
    <testcase time="0.00699999999997658" classname="survivalFunctions" name="ExpSurvOS_works_as_expected"/>
    <testcase time="0.00300000000001432" classname="survivalFunctions" name="ExpSurvOS_works_as_expected"/>
    <testcase time="0.0029999999999859" classname="survivalFunctions" name="ExpSurvOS_works_as_expected"/>
    <testcase time="0.00800000000000978" classname="survivalFunctions" name="ExpSurvOS_works_also_with_vector_of_times_t"/>
    <testcase time="0.00800000000000978" classname="survivalFunctions" name="WeibSurvPFS_works_as_expected"/>
    <testcase time="0.0029999999999859" classname="survivalFunctions" name="WeibSurvPFS_works_as_expected"/>
    <testcase time="0.00800000000000978" classname="survivalFunctions" name="WeibSurvOS_works_as_expected"/>
    <testcase time="0.0169999999999959" classname="survivalFunctions" name="WeibSurvOS_works_as_expected"/>
    <testcase time="0.00399999999999068" classname="survivalFunctions" name="WeibSurvOS_works_as_expected"/>
    <testcase time="0.00800000000000978" classname="survivalFunctions" name="pwA_works_as_expected"/>
    <testcase time="0.007000000000005" classname="survivalFunctions" name="PWCsurvPFS_works_as_expected"/>
    <testcase time="0.0029999999999859" classname="survivalFunctions" name="PWCsurvPFS_works_as_expected"/>
    <testcase time="0.0040000000000191" classname="survivalFunctions" name="PWCsurvPFS_works_as_expected"/>
    <testcase time="0.00899999999998613" classname="survivalFunctions" name="PWCsurvOS_works_as_expected"/>
    <testcase time="0.00399999999999068" classname="survivalFunctions" name="PWCsurvOS_works_as_expected"/>
    <testcase time="0.00500000000002387" classname="survivalFunctions" name="PWCsurvOS_works_as_expected"/>
    <testcase time="0.00600000000000023" classname="survivalFunctions" name="PWCsurvOS_does_not_return_values_larger_than_1"/>
    <testcase time="0.0359999999999729" classname="survivalFunctions" name="PWCsurvOS_is_monotonically_decreasing_and_not_larger_than_1"/>
    <testcase time="0.0180000000000007" classname="survivalFunctions" name="PWCsurvOS_is_monotonically_decreasing_and_not_larger_than_1"/>
    <testcase time="0.00300000000001432" classname="survivalFunctions" name="PWCsurvOS_is_monotonically_decreasing_and_not_larger_than_1"/>
    <testcase time="0.0289999999999964" classname="survivalFunctions" name="PWCsurvOS_gives_equal_results_as_the_numerical_integration"/>
    <testcase time="0.00800000000000978" classname="survivalFunctions" name="PwcOSInt_works_as_expected"/>
    <testcase time="0.00399999999999068" classname="survivalFunctions" name="PwcOSInt_works_as_expected"/>
    <testcase time="0.00399999999999068" classname="survivalFunctions" name="PwcOSInt_works_as_expected"/>
    <testcase time="0.00800000000000978" classname="survivalFunctions" name="integrateVector_works_as_expected"/>
    <testcase time="0.00900000000001455" classname="survivalFunctions" name="singleExpQuantOS_works_as_expected"/>
    <testcase time="0.00899999999998613" classname="survivalFunctions" name="ExpQuantOS_works_as_expected"/>
    <testcase time="0.0269999999999868" classname="survivalFunctions" name="ExpQuantOS_works_also_with_vector_of_quantiles_q"/>
  </testsuite>
  <testsuite name="transitionParameters" timestamp="2023-12-07T16:09:21Z" hostname="0e4482faa128" tests="19" skipped="0" failures="0" errors="0" time="0.088">
    <testcase time="0.0100000000000193" classname="transitionParameters" name="exponential_transition_works_as_expected"/>
    <testcase time="0.0029999999999859" classname="transitionParameters" name="exponential_transition_works_as_expected"/>
    <testcase time="0.00600000000000023" classname="transitionParameters" name="exponential_transition_works_as_expected"/>
    <testcase time="0.00300000000001432" classname="transitionParameters" name="exponential_transition_works_as_expected"/>
    <testcase time="0.00499999999999545" classname="transitionParameters" name="exponential_transition_works_as_expected"/>
    <testcase time="0.00399999999999068" classname="transitionParameters" name="exponential_transition_works_as_expected"/>
    <testcase time="0.007000000000005" classname="transitionParameters" name="piecewise_exponential_works_as_expected"/>
    <testcase time="0.00300000000001432" classname="transitionParameters" name="piecewise_exponential_works_as_expected"/>
    <testcase time="0.0029999999999859" classname="transitionParameters" name="piecewise_exponential_works_as_expected"/>
    <testcase time="0.00300000000001432" classname="transitionParameters" name="piecewise_exponential_works_as_expected"/>
    <testcase time="0.00499999999999545" classname="transitionParameters" name="piecewise_exponential_works_as_expected"/>
    <testcase time="0.00499999999999545" classname="transitionParameters" name="piecewise_exponential_works_as_expected"/>
    <testcase time="0.00399999999999068" classname="transitionParameters" name="piecewise_exponential_works_as_expected"/>
    <testcase time="0.00800000000000978" classname="transitionParameters" name="weibull_transition_works_as_expected"/>
    <testcase time="0.0029999999999859" classname="transitionParameters" name="weibull_transition_works_as_expected"/>
    <testcase time="0.00300000000001432" classname="transitionParameters" name="weibull_transition_works_as_expected"/>
    <testcase time="0.0029999999999859" classname="transitionParameters" name="weibull_transition_works_as_expected"/>
    <testcase time="0.00500000000002387" classname="transitionParameters" name="weibull_transition_works_as_expected"/>
    <testcase time="0.00499999999999545" classname="transitionParameters" name="weibull_transition_works_as_expected"/>
  </testsuite>
  <testsuite name="waitTimeSum" timestamp="2023-12-07T16:09:21Z" hostname="0e4482faa128" tests="3" skipped="0" failures="0" errors="0" time="0.042">
    <testcase time="0.0249999999999773" classname="waitTimeSum" name="getWaitTimeSum_works_as_expected_for_sum_of_constant_hazards"/>
    <testcase time="0.00800000000000978" classname="waitTimeSum" name="getWaitTimeSum_works_as_expected_for_sum_of_hazards_entry_0_"/>
    <testcase time="0.00900000000001455" classname="waitTimeSum" name="getWaitTimeSum_works_as_expected_for_sum_of_hazards_entry_0_"/>
  </testsuite>
</testsuites>
