<?xml version="1.0" encoding="UTF-8"?>
<testsuites>
  <testsuite name="addStaggeredEntry" timestamp="2023-12-07T20:01:48Z" hostname="528e8006162d" tests="10" skipped="0" failures="0" errors="0" time="0.138">
    <testcase time="0.0600000000000001" classname="addStaggeredEntry" name="addStaggeredEntry_works_as_expected_if_no_staggered_study_entry_is_present"/>
    <testcase time="0.0349999999999999" classname="addStaggeredEntry" name="addStaggeredEntry_works_as_expected_if_no_staggered_study_entry_is_present"/>
    <testcase time="0.0150000000000001" classname="addStaggeredEntry" name="addStaggeredEntry_works_as_expected_if_staggered_study_entry_is_specified_by_accrual_parameter_time"/>
    <testcase time="0.00299999999999989" classname="addStaggeredEntry" name="addStaggeredEntry_works_as_expected_if_staggered_study_entry_is_specified_by_accrual_parameter_time"/>
    <testcase time="0.00300000000000011" classname="addStaggeredEntry" name="addStaggeredEntry_works_as_expected_if_staggered_study_entry_is_specified_by_accrual_parameter_time"/>
    <testcase time="0.00499999999999989" classname="addStaggeredEntry" name="addStaggeredEntry_works_as_expected_if_staggered_study_entry_is_specified_by_accrual_parameter_time"/>
    <testcase time="0.00800000000000001" classname="addStaggeredEntry" name="addStaggeredEntry_works_as_expected_if_staggered_study_entry_is_specified_by_accrual_parameter_intensity"/>
    <testcase time="0.00300000000000011" classname="addStaggeredEntry" name="addStaggeredEntry_works_as_expected_if_staggered_study_entry_is_specified_by_accrual_parameter_intensity"/>
    <testcase time="0.00299999999999989" classname="addStaggeredEntry" name="addStaggeredEntry_works_as_expected_if_staggered_study_entry_is_specified_by_accrual_parameter_intensity"/>
    <testcase time="0.00300000000000011" classname="addStaggeredEntry" name="addStaggeredEntry_works_as_expected_if_staggered_study_entry_is_specified_by_accrual_parameter_intensity"/>
  </testsuite>
  <testsuite name="assertions" timestamp="2023-12-07T20:01:48Z" hostname="528e8006162d" tests="11" skipped="0" failures="0" errors="0" time="0.061">
    <testcase time="0.0149999999999999" classname="assertions" name="assert_positive_number_works_as_expected"/>
    <testcase time="0.002" classname="assertions" name="assert_positive_number_works_as_expected"/>
    <testcase time="0.0110000000000001" classname="assertions" name="assert_positive_number_works_as_expected"/>
    <testcase time="0.00399999999999978" classname="assertions" name="assert_positive_number_works_as_expected"/>
    <testcase time="0.004" classname="assertions" name="assert_positive_number_works_as_expected"/>
    <testcase time="0.00600000000000001" classname="assertions" name="assert_intervals_works_as_expected"/>
    <testcase time="0.002" classname="assertions" name="assert_intervals_works_as_expected"/>
    <testcase time="0.004" classname="assertions" name="assert_intervals_works_as_expected"/>
    <testcase time="0.004" classname="assertions" name="assert_intervals_works_as_expected"/>
    <testcase time="0.00500000000000012" classname="assertions" name="assert_intervals_works_as_expected"/>
    <testcase time="0.004" classname="assertions" name="assert_intervals_works_as_expected"/>
  </testsuite>
  <testsuite name="corPFSOS" timestamp="2023-12-07T20:01:48Z" hostname="528e8006162d" tests="35" skipped="0" failures="0" errors="0" time="2.315">
    <testcase time="0.0209999999999999" classname="corPFSOS" name="survPFS_works_as_expected_for_exponential_transition_hazards"/>
    <testcase time="0.00300000000000011" classname="corPFSOS" name="survPFS_works_as_expected_for_exponential_transition_hazards"/>
    <testcase time="0.00600000000000001" classname="corPFSOS" name="survPFS_works_as_expected_for_Weibull_transition_hazards"/>
    <testcase time="0.00299999999999989" classname="corPFSOS" name="survPFS_works_as_expected_for_Weibull_transition_hazards"/>
    <testcase time="0.00600000000000001" classname="corPFSOS" name="survPFS_works_as_expected_for_piecewise_exponential_transition_hazards"/>
    <testcase time="0.00300000000000011" classname="corPFSOS" name="survPFS_works_as_expected_for_piecewise_exponential_transition_hazards"/>
    <testcase time="0.00600000000000001" classname="corPFSOS" name="survOS_works_as_expected_for_exponential_transition_hazards"/>
    <testcase time="0.00299999999999989" classname="corPFSOS" name="survOS_works_as_expected_for_exponential_transition_hazards"/>
    <testcase time="0.00700000000000012" classname="corPFSOS" name="survOS_works_as_expected_for_Weibull_transition_hazards"/>
    <testcase time="0.004" classname="corPFSOS" name="survOS_works_as_expected_for_Weibull_transition_hazards"/>
    <testcase time="0.0069999999999999" classname="corPFSOS" name="survOS_works_as_expected_for_piecewise_exponential_transition_hazards"/>
    <testcase time="0.004" classname="corPFSOS" name="survOS_works_as_expected_for_piecewise_exponential_transition_hazards"/>
    <testcase time="0.00600000000000001" classname="corPFSOS" name="expvalPFSInteg_works_as_expected"/>
    <testcase time="0.00300000000000011" classname="corPFSOS" name="expvalPFSInteg_works_as_expected"/>
    <testcase time="0.00600000000000001" classname="corPFSOS" name="expvalOSInteg_works_as_expected"/>
    <testcase time="0.00299999999999989" classname="corPFSOS" name="expvalOSInteg_works_as_expected"/>
    <testcase time="0.00600000000000001" classname="corPFSOS" name="p11Integ_works_as_expected"/>
    <testcase time="0.00299999999999989" classname="corPFSOS" name="p11Integ_works_as_expected"/>
    <testcase time="0.00600000000000001" classname="corPFSOS" name="log_p11_works_as_expected"/>
    <testcase time="0.00300000000000011" classname="corPFSOS" name="log_p11_works_as_expected"/>
    <testcase time="0.00600000000000001" classname="corPFSOS" name="log_p11_works_as_expected_for_multiple_time_points"/>
    <testcase time="0.004" classname="corPFSOS" name="log_p11_works_as_expected_for_multiple_time_points"/>
    <testcase time="0.00600000000000001" classname="corPFSOS" name="PFSOSInteg_works_as_expected"/>
    <testcase time="0.00299999999999989" classname="corPFSOS" name="PFSOSInteg_works_as_expected"/>
    <testcase time="0.00600000000000001" classname="corPFSOS" name="PFSOSInteg_works_as_expected_for_vectors"/>
    <testcase time="0.004" classname="corPFSOS" name="PFSOSInteg_works_as_expected_for_vectors"/>
    <testcase time="0.012" classname="corPFSOS" name="survPFSOS_works_as_expected_for_exponential_transition"/>
    <testcase time="0.004" classname="corPFSOS" name="survPFSOS_works_as_expected_for_exponential_transition"/>
    <testcase time="0.018" classname="corPFSOS" name="survPFSOS_works_as_expected_for_Weibull_transitions"/>
    <testcase time="0.004" classname="corPFSOS" name="survPFSOS_works_as_expected_for_Weibull_transitions"/>
    <testcase time="0.0250000000000001" classname="corPFSOS" name="survPFSOS_works_as_expected_for_piecewise_constant_hazard_transitions"/>
    <testcase time="0.00299999999999989" classname="corPFSOS" name="survPFSOS_works_as_expected_for_piecewise_constant_hazard_transitions"/>
    <testcase time="0.171" classname="corPFSOS" name="corTrans_works_as_expected"/>
    <testcase time="0.004" classname="corPFSOS" name="corTrans_works_as_expected"/>
    <testcase time="1.936" classname="corPFSOS" name="corPFSOS_returns_correct_central_estimate"/>
  </testsuite>
  <testsuite name="empSignificant" timestamp="2023-12-07T20:01:50Z" hostname="528e8006162d" tests="5" skipped="0" failures="0" errors="0" time="1.189">
    <testcase time="0.0309999999999997" classname="empSignificant" name="logRankTest_works_as_expected"/>
    <testcase time="0.00600000000000023" classname="empSignificant" name="logRankTest_works_as_expected"/>
    <testcase time="0.0600000000000001" classname="empSignificant" name="passedLogRank_works_as_expected"/>
    <testcase time="0.012" classname="empSignificant" name="passedLogRank_works_as_expected"/>
    <testcase time="1.08" classname="empSignificant" name="empSignificant_works_as_expected"/>
  </testsuite>
  <testsuite name="estimateParams" timestamp="2023-12-07T20:01:52Z" hostname="528e8006162d" tests="22" skipped="1" failures="0" errors="0" time="26.395">
    <testcase time="0.0510000000000002" classname="estimateParams" name="prepareData_works_as_expected">
      <skipped message="Reason: On CRAN ('test-estimateParams.R:15:3')"/>
    </testcase>
    <testcase time="0.0360000000000005" classname="estimateParams" name="negLogLik_works_as_expected_for_Exponential"/>
    <testcase time="0.0219999999999994" classname="estimateParams" name="negLogLik_works_as_expected_for_Weibull"/>
    <testcase time="0.00700000000000056" classname="estimateParams" name="haz_works_as_expected_for_Exponential"/>
    <testcase time="0.00300000000000011" classname="estimateParams" name="haz_works_as_expected_for_Exponential"/>
    <testcase time="0.00800000000000001" classname="estimateParams" name="haz_works_as_expected_for_Weibull"/>
    <testcase time="0.00399999999999956" classname="estimateParams" name="haz_works_as_expected_for_Weibull"/>
    <testcase time="0.00699999999999967" classname="estimateParams" name="survTrans_works_as_expected_for_Exponential"/>
    <testcase time="0.00700000000000056" classname="estimateParams" name="survTrans_works_as_expected_for_Weibull"/>
    <testcase time="0.0169999999999995" classname="estimateParams" name="getInit_works_as_expected_for_Exponential"/>
    <testcase time="0.00700000000000056" classname="estimateParams" name="getInit_works_as_expected_for_Weibull"/>
    <testcase time="0.0169999999999995" classname="estimateParams" name="getTarget_works_as_expected_for_Exponential"/>
    <testcase time="0.0209999999999999" classname="estimateParams" name="getTarget_works_as_expected_for_Weibull"/>
    <testcase time="0.00700000000000056" classname="estimateParams" name="getResults_works_as_expected_for_Exponential"/>
    <testcase time="0.00699999999999967" classname="estimateParams" name="getResults_works_as_expected_for_weibull"/>
    <testcase time="0.00400000000000045" classname="estimateParams" name="getResults_works_as_expected_for_weibull"/>
    <testcase time="7.341" classname="estimateParams" name="estimateParams_estimates_the_true_parameters_correctly_for_Exponential"/>
    <testcase time="0.00300000000000011" classname="estimateParams" name="estimateParams_estimates_the_true_parameters_correctly_for_Exponential"/>
    <testcase time="0.00300000000000011" classname="estimateParams" name="estimateParams_estimates_the_true_parameters_correctly_for_Exponential"/>
    <testcase time="18.814" classname="estimateParams" name="estimateParams_estimates_the_true_parameters_correctly_for_Weibull"/>
    <testcase time="0.00600000000000023" classname="estimateParams" name="estimateParams_estimates_the_true_parameters_correctly_for_Weibull"/>
    <testcase time="0.00300000000000011" classname="estimateParams" name="estimateParams_estimates_the_true_parameters_correctly_for_Weibull"/>
  </testsuite>
  <testsuite name="eventTracking" timestamp="2023-12-07T20:02:18Z" hostname="528e8006162d" tests="15" skipped="0" failures="0" errors="0" time="0.143">
    <testcase time="0.0229999999999997" classname="eventTracking" name="getTimePoint_works_as_expected"/>
    <testcase time="0.00399999999999778" classname="eventTracking" name="getTimePoint_works_as_expected"/>
    <testcase time="0.0180000000000007" classname="eventTracking" name="getTimePoint_works_as_expected_by_Arm"/>
    <testcase time="0.00400000000000134" classname="eventTracking" name="getTimePoint_works_as_expected_by_Arm"/>
    <testcase time="0.00300000000000011" classname="eventTracking" name="getTimePoint_works_as_expected_by_Arm"/>
    <testcase time="0.00399999999999778" classname="eventTracking" name="getTimePoint_works_as_expected_by_Arm"/>
    <testcase time="0.022000000000002" classname="eventTracking" name="censoringByNumberEvents_works_as_expected"/>
    <testcase time="0.00300000000000011" classname="eventTracking" name="censoringByNumberEvents_works_as_expected"/>
    <testcase time="0.0189999999999984" classname="eventTracking" name="trackEventsPerTrial_works_as_expected_by_arm"/>
    <testcase time="0.00400000000000134" classname="eventTracking" name="trackEventsPerTrial_works_as_expected_by_arm"/>
    <testcase time="0.00300000000000011" classname="eventTracking" name="trackEventsPerTrial_works_as_expected_by_arm"/>
    <testcase time="0.00300000000000011" classname="eventTracking" name="trackEventsPerTrial_works_as_expected_by_arm"/>
    <testcase time="0.0109999999999992" classname="eventTracking" name="getCensoredData_works_as_expected"/>
    <testcase time="0.0150000000000006" classname="eventTracking" name="getEventsAll_works_as_expected"/>
    <testcase time="0.0069999999999979" classname="eventTracking" name="getNumberEvents_works_as_expected"/>
  </testsuite>
  <testsuite name="getClinicalTrials" timestamp="2023-12-07T20:02:18Z" hostname="528e8006162d" tests="28" skipped="0" failures="0" errors="0" time="3.173">
    <testcase time="0.0240000000000009" classname="getClinicalTrials" name="getOneClinicalTrial_works_as_expected"/>
    <testcase time="0.00300000000000011" classname="getClinicalTrials" name="getOneClinicalTrial_works_as_expected"/>
    <testcase time="0.00300000000000011" classname="getClinicalTrials" name="getOneClinicalTrial_works_as_expected"/>
    <testcase time="0.0210000000000008" classname="getClinicalTrials" name="getOneClinicalTrial_works_as_expected_accrual_and_dropout_as_list"/>
    <testcase time="0.00300000000000011" classname="getClinicalTrials" name="getOneClinicalTrial_works_as_expected_accrual_and_dropout_as_list"/>
    <testcase time="0.00300000000000011" classname="getClinicalTrials" name="getOneClinicalTrial_works_as_expected_accrual_and_dropout_as_list"/>
    <testcase time="0.0199999999999996" classname="getClinicalTrials" name="getOneClinicalTrial_creates_expected_data_set"/>
    <testcase time="0.00900000000000034" classname="getClinicalTrials" name="getOneClinicalTrial_also_works_in_edge_case"/>
    <testcase time="0.00300000000000011" classname="getClinicalTrials" name="getOneClinicalTrial_also_works_in_edge_case"/>
    <testcase time="0.00399999999999778" classname="getClinicalTrials" name="getOneClinicalTrial_also_works_in_edge_case"/>
    <testcase time="0.0150000000000006" classname="getClinicalTrials" name="getOneClinicalTrial_gives_a_warning_if_there_are_no_progression_to_death_transitions_at_all"/>
    <testcase time="0.00300000000000011" classname="getClinicalTrials" name="getOneClinicalTrial_gives_a_warning_if_there_are_no_progression_to_death_transitions_at_all"/>
    <testcase time="0.00300000000000011" classname="getClinicalTrials" name="getOneClinicalTrial_gives_a_warning_if_there_are_no_progression_to_death_transitions_at_all"/>
    <testcase time="0.0689999999999991" classname="getClinicalTrials" name="getClinicalTrials_works_as_expected_if_it_creates_1_row_per_patient"/>
    <testcase time="0.00200000000000244" classname="getClinicalTrials" name="getClinicalTrials_works_as_expected_if_it_creates_1_row_per_patient"/>
    <testcase time="0.00300000000000011" classname="getClinicalTrials" name="getClinicalTrials_works_as_expected_if_it_creates_1_row_per_patient"/>
    <testcase time="0.0730000000000004" classname="getClinicalTrials" name="getClinicalTrials_works_as_expected_if_accrual_and_dropout_are_lists"/>
    <testcase time="0.000999999999997669" classname="getClinicalTrials" name="getClinicalTrials_works_as_expected_if_accrual_and_dropout_are_lists"/>
    <testcase time="0.00400000000000134" classname="getClinicalTrials" name="getClinicalTrials_works_as_expected_if_accrual_and_dropout_are_lists"/>
    <testcase time="0.0449999999999982" classname="getClinicalTrials" name="getClinicalTrials_works_as_expected_if_it_creates_1_row_per_transition"/>
    <testcase time="0.00100000000000122" classname="getClinicalTrials" name="getClinicalTrials_works_as_expected_if_it_creates_1_row_per_transition"/>
    <testcase time="0.00300000000000011" classname="getClinicalTrials" name="getClinicalTrials_works_as_expected_if_it_creates_1_row_per_transition"/>
    <testcase time="0.0380000000000003" classname="getClinicalTrials" name="getClinicalTrials_works_as_expected_and_generates_data_according_to_Exponential"/>
    <testcase time="0.00400000000000134" classname="getClinicalTrials" name="getClinicalTrials_works_as_expected_and_generates_data_according_to_Exponential"/>
    <testcase time="1.211" classname="getClinicalTrials" name="getClinicalTrials_works_as_expected_and_generates_data_according_to_Weibull"/>
    <testcase time="0.00399999999999778" classname="getClinicalTrials" name="getClinicalTrials_works_as_expected_and_generates_data_according_to_Weibull"/>
    <testcase time="1.598" classname="getClinicalTrials" name="getClinicalTrials_works_as_expected_and_generates_data_according_to_PWC"/>
    <testcase time="0.00300000000000011" classname="getClinicalTrials" name="getClinicalTrials_works_as_expected_and_generates_data_according_to_PWC"/>
  </testsuite>
  <testsuite name="getDatsetWideFormat" timestamp="2023-12-07T20:02:21Z" hostname="528e8006162d" tests="7" skipped="0" failures="0" errors="0" time="0.037">
    <testcase time="0.0210000000000008" classname="getDatsetWideFormat" name="getDatasetWideFormat_works_as_expected"/>
    <testcase time="0.00300000000000011" classname="getDatsetWideFormat" name="getDatasetWideFormat_works_as_expected"/>
    <testcase time="0.00300000000000011" classname="getDatsetWideFormat" name="getDatasetWideFormat_works_as_expected"/>
    <testcase time="0.00300000000000011" classname="getDatsetWideFormat" name="getDatasetWideFormat_works_as_expected"/>
    <testcase time="0.00300000000000011" classname="getDatsetWideFormat" name="getDatasetWideFormat_works_as_expected"/>
    <testcase time="0.00300000000000011" classname="getDatsetWideFormat" name="getDatasetWideFormat_works_as_expected"/>
    <testcase time="0.000999999999997669" classname="getDatsetWideFormat" name="getDatasetWideFormat_works_as_expected"/>
  </testsuite>
  <testsuite name="getSimulatedData" timestamp="2023-12-07T20:02:21Z" hostname="528e8006162d" tests="22" skipped="0" failures="0" errors="0" time="0.109">
    <testcase time="0.0100000000000051" classname="getSimulatedData" name="getOneToTwoRows_works_as_expected"/>
    <testcase time="0.00300000000000011" classname="getSimulatedData" name="getOneToTwoRows_works_as_expected"/>
    <testcase time="0.00300000000000011" classname="getSimulatedData" name="getOneToTwoRows_works_as_expected"/>
    <testcase time="0.00300000000000011" classname="getSimulatedData" name="getOneToTwoRows_works_as_expected"/>
    <testcase time="0.0069999999999979" classname="getSimulatedData" name="getOneToTwoRows_works_as_expected"/>
    <testcase time="0.00300000000000011" classname="getSimulatedData" name="getOneToTwoRows_works_as_expected"/>
    <testcase time="0.00900000000000034" classname="getSimulatedData" name="getSimulatedData_works_as_expected_if_no_random_censoring_is_present"/>
    <testcase time="0.000999999999997669" classname="getSimulatedData" name="getSimulatedData_works_as_expected_if_no_random_censoring_is_present"/>
    <testcase time="0.00300000000000011" classname="getSimulatedData" name="getSimulatedData_works_as_expected_if_no_random_censoring_is_present"/>
    <testcase time="0.00300000000000011" classname="getSimulatedData" name="getSimulatedData_works_as_expected_if_no_random_censoring_is_present"/>
    <testcase time="0.00300000000000011" classname="getSimulatedData" name="getSimulatedData_works_as_expected_if_no_random_censoring_is_present"/>
    <testcase time="0.00900000000000034" classname="getSimulatedData" name="getSimulatedData_works_as_expected_if_random_censoring_is_present"/>
    <testcase time="0.000999999999997669" classname="getSimulatedData" name="getSimulatedData_works_as_expected_if_random_censoring_is_present"/>
    <testcase time="0.00300000000000011" classname="getSimulatedData" name="getSimulatedData_works_as_expected_if_random_censoring_is_present"/>
    <testcase time="0.00300000000000011" classname="getSimulatedData" name="getSimulatedData_works_as_expected_if_random_censoring_is_present"/>
    <testcase time="0.00300000000000011" classname="getSimulatedData" name="getSimulatedData_works_as_expected_if_random_censoring_is_present"/>
    <testcase time="0.0120000000000005" classname="getSimulatedData" name="getSimulatedData_creates_expected_data_set_for_exponential_transitions"/>
    <testcase time="0.0150000000000006" classname="getSimulatedData" name="getSimulatedData_creates_expected_data_set_for_Weibull_transitions"/>
    <testcase time="0.007000000000005" classname="getSimulatedData" name="getSimulatedData_works_also_without_progression_to_death_transitions"/>
    <testcase time="0.00199999999999534" classname="getSimulatedData" name="getSimulatedData_works_also_without_progression_to_death_transitions"/>
    <testcase time="0.00300000000000011" classname="getSimulatedData" name="getSimulatedData_works_also_without_progression_to_death_transitions"/>
    <testcase time="0.00300000000000011" classname="getSimulatedData" name="getSimulatedData_works_also_without_progression_to_death_transitions"/>
  </testsuite>
  <testsuite name="getSimulatedDataDistib" timestamp="2023-12-07T20:02:22Z" hostname="528e8006162d" tests="3" skipped="0" failures="0" errors="0" time="97.66">
    <testcase time="11.765" classname="getSimulatedDataDistib" name="getSimulatedData_generates_distributions_as_expected_Exponential"/>
    <testcase time="50.863" classname="getSimulatedDataDistib" name="getSimulatedData_generates_distributions_as_expected_Weibull"/>
    <testcase time="35.032" classname="getSimulatedDataDistib" name="getSimulatedData_generates_distributions_as_expected_PW"/>
  </testsuite>
  <testsuite name="hazardFunctions" timestamp="2023-12-07T20:03:59Z" hostname="528e8006162d" tests="7" skipped="0" failures="0" errors="0" time="0.047">
    <testcase time="0.0109999999999957" classname="hazardFunctions" name="ExpHazOS_works_as_expected"/>
    <testcase time="0.00300000000001432" classname="hazardFunctions" name="ExpHazOS_works_as_expected"/>
    <testcase time="0.00699999999997658" classname="hazardFunctions" name="ExpHazOS_works_also_with_vector_of_times_t"/>
    <testcase time="0.00800000000000978" classname="hazardFunctions" name="avgHRIntegExpOS_works_as_expected"/>
    <testcase time="0.00399999999999068" classname="hazardFunctions" name="avgHRIntegExpOS_works_as_expected"/>
    <testcase time="0.00900000000001455" classname="hazardFunctions" name="avgHRExpOS_works_as_expected"/>
    <testcase time="0.00499999999999545" classname="hazardFunctions" name="avgHRExpOS_works_as_expected"/>
  </testsuite>
  <testsuite name="piecewiseDistrb" timestamp="2023-12-07T20:03:59Z" hostname="528e8006162d" tests="4" skipped="0" failures="0" errors="0" time="0.044">
    <testcase time="0.00900000000001455" classname="piecewiseDistrb" name="getPCWDistr_works_as_expected_for_constant_hazards_after_time_shift"/>
    <testcase time="0.00699999999997658" classname="piecewiseDistrb" name="getPCWDistr_works_as_expected_for_pwc_hazards_without_time_shift"/>
    <testcase time="0.021000000000015" classname="piecewiseDistrb" name="getPCWDistr_works_as_expected_for_piecewise_constant_hazards_with_time_shift"/>
    <testcase time="0.007000000000005" classname="piecewiseDistrb" name="PCWInversionMethod_works_as_expected"/>
  </testsuite>
  <testsuite name="piecewiseHazards" timestamp="2023-12-07T20:03:59Z" hostname="528e8006162d" tests="2" skipped="0" failures="0" errors="0" time="0.018">
    <testcase time="0.00899999999998613" classname="piecewiseHazards" name="getPWCHazard_works_as_expected"/>
    <testcase time="0.00900000000001455" classname="piecewiseHazards" name="getSumPCW_works_as_expected"/>
  </testsuite>
  <testsuite name="survivalFunctions" timestamp="2023-12-07T20:03:59Z" hostname="528e8006162d" tests="37" skipped="0" failures="0" errors="0" time="0.29">
    <testcase time="0.00999999999999091" classname="survivalFunctions" name="ExpSurvPFS_works_as_expected"/>
    <testcase time="0.0029999999999859" classname="survivalFunctions" name="ExpSurvPFS_works_as_expected"/>
    <testcase time="0.00800000000000978" classname="survivalFunctions" name="ExpSurvPFS_works_also_with_vector_of_times_t"/>
    <testcase time="0.007000000000005" classname="survivalFunctions" name="ExpSurvOS_works_as_expected"/>
    <testcase time="0.0029999999999859" classname="survivalFunctions" name="ExpSurvOS_works_as_expected"/>
    <testcase time="0.00300000000001432" classname="survivalFunctions" name="ExpSurvOS_works_as_expected"/>
    <testcase time="0.007000000000005" classname="survivalFunctions" name="ExpSurvOS_works_also_with_vector_of_times_t"/>
    <testcase time="0.00799999999998136" classname="survivalFunctions" name="WeibSurvPFS_works_as_expected"/>
    <testcase time="0.00300000000001432" classname="survivalFunctions" name="WeibSurvPFS_works_as_expected"/>
    <testcase time="0.00800000000000978" classname="survivalFunctions" name="integrateVector_works_as_expected"/>
    <testcase time="0.00499999999999545" classname="survivalFunctions" name="WeibOSInteg_works_as_expected_with_scalar_x"/>
    <testcase time="0.00399999999999068" classname="survivalFunctions" name="WeibOSInteg_works_as_expected_with_scalar_x"/>
    <testcase time="0.00600000000000023" classname="survivalFunctions" name="WeibOSInteg_works_as_expected_with_vector_x"/>
    <testcase time="0.00300000000001432" classname="survivalFunctions" name="WeibOSInteg_works_as_expected_with_vector_x"/>
    <testcase time="0.018999999999977" classname="survivalFunctions" name="WeibOSInteg_works_as_expected_with_scalar_t"/>
    <testcase time="0.00300000000001432" classname="survivalFunctions" name="WeibOSInteg_works_as_expected_with_scalar_t"/>
    <testcase time="0.00899999999998613" classname="survivalFunctions" name="WeibSurvOS_works_as_expected"/>
    <testcase time="0.00300000000001432" classname="survivalFunctions" name="WeibSurvOS_works_as_expected"/>
    <testcase time="0.00399999999999068" classname="survivalFunctions" name="WeibSurvOS_works_as_expected"/>
    <testcase time="0.007000000000005" classname="survivalFunctions" name="pwA_works_as_expected"/>
    <testcase time="0.007000000000005" classname="survivalFunctions" name="PWCsurvPFS_works_as_expected"/>
    <testcase time="0.00399999999999068" classname="survivalFunctions" name="PWCsurvPFS_works_as_expected"/>
    <testcase time="0.00300000000001432" classname="survivalFunctions" name="PWCsurvPFS_works_as_expected"/>
    <testcase time="0.00999999999999091" classname="survivalFunctions" name="PWCsurvOS_works_as_expected"/>
    <testcase time="0.00399999999999068" classname="survivalFunctions" name="PWCsurvOS_works_as_expected"/>
    <testcase time="0.00499999999999545" classname="survivalFunctions" name="PWCsurvOS_works_as_expected"/>
    <testcase time="0.00600000000000023" classname="survivalFunctions" name="PWCsurvOS_does_not_return_values_larger_than_1"/>
    <testcase time="0.0480000000000018" classname="survivalFunctions" name="PWCsurvOS_is_monotonically_decreasing_and_not_larger_than_1"/>
    <testcase time="0.00300000000001432" classname="survivalFunctions" name="PWCsurvOS_is_monotonically_decreasing_and_not_larger_than_1"/>
    <testcase time="0.0029999999999859" classname="survivalFunctions" name="PWCsurvOS_is_monotonically_decreasing_and_not_larger_than_1"/>
    <testcase time="0.02800000000002" classname="survivalFunctions" name="PWCsurvOS_gives_equal_results_as_the_numerical_integration"/>
    <testcase time="0.00799999999998136" classname="survivalFunctions" name="PwcOSInt_works_as_expected"/>
    <testcase time="0.00399999999999068" classname="survivalFunctions" name="PwcOSInt_works_as_expected"/>
    <testcase time="0.0040000000000191" classname="survivalFunctions" name="PwcOSInt_works_as_expected"/>
    <testcase time="0.00899999999998613" classname="survivalFunctions" name="singleExpQuantOS_works_as_expected"/>
    <testcase time="0.00900000000001455" classname="survivalFunctions" name="ExpQuantOS_works_as_expected"/>
    <testcase time="0.0120000000000005" classname="survivalFunctions" name="ExpQuantOS_works_also_with_vector_of_quantiles_q"/>
  </testsuite>
  <testsuite name="transitionParameters" timestamp="2023-12-07T20:04:00Z" hostname="528e8006162d" tests="19" skipped="0" failures="0" errors="0" time="0.097">
    <testcase time="0.00999999999999091" classname="transitionParameters" name="exponential_transition_works_as_expected"/>
    <testcase time="0.00300000000001432" classname="transitionParameters" name="exponential_transition_works_as_expected"/>
    <testcase time="0.0029999999999859" classname="transitionParameters" name="exponential_transition_works_as_expected"/>
    <testcase time="0.00300000000001432" classname="transitionParameters" name="exponential_transition_works_as_expected"/>
    <testcase time="0.0180000000000007" classname="transitionParameters" name="exponential_transition_works_as_expected"/>
    <testcase time="0.00399999999999068" classname="transitionParameters" name="exponential_transition_works_as_expected"/>
    <testcase time="0.007000000000005" classname="transitionParameters" name="piecewise_exponential_works_as_expected"/>
    <testcase time="0.0029999999999859" classname="transitionParameters" name="piecewise_exponential_works_as_expected"/>
    <testcase time="0.00300000000001432" classname="transitionParameters" name="piecewise_exponential_works_as_expected"/>
    <testcase time="0.0029999999999859" classname="transitionParameters" name="piecewise_exponential_works_as_expected"/>
    <testcase time="0.00499999999999545" classname="transitionParameters" name="piecewise_exponential_works_as_expected"/>
    <testcase time="0.00500000000002387" classname="transitionParameters" name="piecewise_exponential_works_as_expected"/>
    <testcase time="0.00399999999999068" classname="transitionParameters" name="piecewise_exponential_works_as_expected"/>
    <testcase time="0.007000000000005" classname="transitionParameters" name="weibull_transition_works_as_expected"/>
    <testcase time="0.00399999999999068" classname="transitionParameters" name="weibull_transition_works_as_expected"/>
    <testcase time="0.00300000000001432" classname="transitionParameters" name="weibull_transition_works_as_expected"/>
    <testcase time="0.0029999999999859" classname="transitionParameters" name="weibull_transition_works_as_expected"/>
    <testcase time="0.00399999999999068" classname="transitionParameters" name="weibull_transition_works_as_expected"/>
    <testcase time="0.00499999999999545" classname="transitionParameters" name="weibull_transition_works_as_expected"/>
  </testsuite>
  <testsuite name="waitTimeSum" timestamp="2023-12-07T20:04:00Z" hostname="528e8006162d" tests="3" skipped="0" failures="0" errors="0" time="0.024">
    <testcase time="0.00900000000001455" classname="waitTimeSum" name="getWaitTimeSum_works_as_expected_for_sum_of_constant_hazards"/>
    <testcase time="0.007000000000005" classname="waitTimeSum" name="getWaitTimeSum_works_as_expected_for_sum_of_hazards_entry_0_"/>
    <testcase time="0.00799999999998136" classname="waitTimeSum" name="getWaitTimeSum_works_as_expected_for_sum_of_hazards_entry_0_"/>
  </testsuite>
</testsuites>
