<?xml version="1.0" encoding="UTF-8"?>
<testsuites>
  <testsuite name="addStaggeredEntry" timestamp="2024-09-16T14:43:44Z" hostname="51d03d6db7c2" tests="10" skipped="0" failures="0" errors="0" time="0.151">
    <testcase time="0.0229999999999999" classname="addStaggeredEntry" name="addStaggeredEntry_works_as_expected_if_no_staggered_study_entry_is_present"/>
    <testcase time="0.0370000000000001" classname="addStaggeredEntry" name="addStaggeredEntry_works_as_expected_if_no_staggered_study_entry_is_present"/>
    <testcase time="0.016" classname="addStaggeredEntry" name="addStaggeredEntry_works_as_expected_if_staggered_study_entry_is_specified_by_accrual_parameter_time"/>
    <testcase time="0.00299999999999989" classname="addStaggeredEntry" name="addStaggeredEntry_works_as_expected_if_staggered_study_entry_is_specified_by_accrual_parameter_time"/>
    <testcase time="0.00300000000000011" classname="addStaggeredEntry" name="addStaggeredEntry_works_as_expected_if_staggered_study_entry_is_specified_by_accrual_parameter_time"/>
    <testcase time="0.0529999999999999" classname="addStaggeredEntry" name="addStaggeredEntry_works_as_expected_if_staggered_study_entry_is_specified_by_accrual_parameter_time"/>
    <testcase time="0.00800000000000001" classname="addStaggeredEntry" name="addStaggeredEntry_works_as_expected_if_staggered_study_entry_is_specified_by_accrual_parameter_intensity"/>
    <testcase time="0.002" classname="addStaggeredEntry" name="addStaggeredEntry_works_as_expected_if_staggered_study_entry_is_specified_by_accrual_parameter_intensity"/>
    <testcase time="0.00299999999999989" classname="addStaggeredEntry" name="addStaggeredEntry_works_as_expected_if_staggered_study_entry_is_specified_by_accrual_parameter_intensity"/>
    <testcase time="0.00300000000000011" classname="addStaggeredEntry" name="addStaggeredEntry_works_as_expected_if_staggered_study_entry_is_specified_by_accrual_parameter_intensity"/>
  </testsuite>
  <testsuite name="assertions" timestamp="2024-09-16T14:43:44Z" hostname="51d03d6db7c2" tests="11" skipped="0" failures="0" errors="0" time="0.054">
    <testcase time="0.014" classname="assertions" name="assert_positive_number_works_as_expected"/>
    <testcase time="0.00099999999999989" classname="assertions" name="assert_positive_number_works_as_expected"/>
    <testcase time="0.00700000000000012" classname="assertions" name="assert_positive_number_works_as_expected"/>
    <testcase time="0.004" classname="assertions" name="assert_positive_number_works_as_expected"/>
    <testcase time="0.00499999999999989" classname="assertions" name="assert_positive_number_works_as_expected"/>
    <testcase time="0.004" classname="assertions" name="assert_intervals_works_as_expected"/>
    <testcase time="0.002" classname="assertions" name="assert_intervals_works_as_expected"/>
    <testcase time="0.004" classname="assertions" name="assert_intervals_works_as_expected"/>
    <testcase time="0.00500000000000012" classname="assertions" name="assert_intervals_works_as_expected"/>
    <testcase time="0.004" classname="assertions" name="assert_intervals_works_as_expected"/>
    <testcase time="0.004" classname="assertions" name="assert_intervals_works_as_expected"/>
  </testsuite>
  <testsuite name="corPFSOS" timestamp="2024-09-16T14:43:44Z" hostname="51d03d6db7c2" tests="35" skipped="0" failures="0" errors="0" time="2.269">
    <testcase time="0.0169999999999999" classname="corPFSOS" name="survPFS_works_as_expected_for_exponential_transition_hazards"/>
    <testcase time="0.00300000000000011" classname="corPFSOS" name="survPFS_works_as_expected_for_exponential_transition_hazards"/>
    <testcase time="0.004" classname="corPFSOS" name="survPFS_works_as_expected_for_Weibull_transition_hazards"/>
    <testcase time="0.00299999999999989" classname="corPFSOS" name="survPFS_works_as_expected_for_Weibull_transition_hazards"/>
    <testcase time="0.00500000000000012" classname="corPFSOS" name="survPFS_works_as_expected_for_piecewise_exponential_transition_hazards"/>
    <testcase time="0.002" classname="corPFSOS" name="survPFS_works_as_expected_for_piecewise_exponential_transition_hazards"/>
    <testcase time="0.00499999999999989" classname="corPFSOS" name="survOS_works_as_expected_for_exponential_transition_hazards"/>
    <testcase time="0.00300000000000011" classname="corPFSOS" name="survOS_works_as_expected_for_exponential_transition_hazards"/>
    <testcase time="0.00499999999999989" classname="corPFSOS" name="survOS_works_as_expected_for_Weibull_transition_hazards"/>
    <testcase time="0.00300000000000011" classname="corPFSOS" name="survOS_works_as_expected_for_Weibull_transition_hazards"/>
    <testcase time="0.00600000000000001" classname="corPFSOS" name="survOS_works_as_expected_for_piecewise_exponential_transition_hazards"/>
    <testcase time="0.00299999999999989" classname="corPFSOS" name="survOS_works_as_expected_for_piecewise_exponential_transition_hazards"/>
    <testcase time="0.00500000000000012" classname="corPFSOS" name="expvalPFSInteg_works_as_expected"/>
    <testcase time="0.00299999999999989" classname="corPFSOS" name="expvalPFSInteg_works_as_expected"/>
    <testcase time="0.004" classname="corPFSOS" name="expvalOSInteg_works_as_expected"/>
    <testcase time="0.00300000000000011" classname="corPFSOS" name="expvalOSInteg_works_as_expected"/>
    <testcase time="0.00499999999999989" classname="corPFSOS" name="p11Integ_works_as_expected"/>
    <testcase time="0.00300000000000011" classname="corPFSOS" name="p11Integ_works_as_expected"/>
    <testcase time="0.00499999999999989" classname="corPFSOS" name="log_p11_works_as_expected"/>
    <testcase time="0.00600000000000001" classname="corPFSOS" name="log_p11_works_as_expected"/>
    <testcase time="0.004" classname="corPFSOS" name="log_p11_works_as_expected_for_multiple_time_points"/>
    <testcase time="0.00299999999999989" classname="corPFSOS" name="log_p11_works_as_expected_for_multiple_time_points"/>
    <testcase time="0.00500000000000012" classname="corPFSOS" name="PFSOSInteg_works_as_expected"/>
    <testcase time="0.00299999999999989" classname="corPFSOS" name="PFSOSInteg_works_as_expected"/>
    <testcase time="0.00500000000000012" classname="corPFSOS" name="PFSOSInteg_works_as_expected_for_vectors"/>
    <testcase time="0.00299999999999989" classname="corPFSOS" name="PFSOSInteg_works_as_expected_for_vectors"/>
    <testcase time="0.012" classname="corPFSOS" name="survPFSOS_works_as_expected_for_exponential_transition"/>
    <testcase time="0.00300000000000011" classname="corPFSOS" name="survPFSOS_works_as_expected_for_exponential_transition"/>
    <testcase time="0.0139999999999998" classname="corPFSOS" name="survPFSOS_works_as_expected_for_Weibull_transitions"/>
    <testcase time="0.00300000000000011" classname="corPFSOS" name="survPFSOS_works_as_expected_for_Weibull_transitions"/>
    <testcase time="0.024" classname="corPFSOS" name="survPFSOS_works_as_expected_for_piecewise_constant_hazard_transitions"/>
    <testcase time="0.004" classname="corPFSOS" name="survPFSOS_works_as_expected_for_piecewise_constant_hazard_transitions"/>
    <testcase time="0.17" classname="corPFSOS" name="corTrans_works_as_expected"/>
    <testcase time="0.004" classname="corPFSOS" name="corTrans_works_as_expected"/>
    <testcase time="1.919" classname="corPFSOS" name="corPFSOS_returns_correct_central_estimate"/>
  </testsuite>
  <testsuite name="empSignificant" timestamp="2024-09-16T14:43:47Z" hostname="51d03d6db7c2" tests="5" skipped="0" failures="0" errors="0" time="1.167">
    <testcase time="0.0299999999999998" classname="empSignificant" name="logRankTest_works_as_expected"/>
    <testcase time="0.00600000000000023" classname="empSignificant" name="logRankTest_works_as_expected"/>
    <testcase time="0.0589999999999997" classname="empSignificant" name="passedLogRank_works_as_expected"/>
    <testcase time="0.012" classname="empSignificant" name="passedLogRank_works_as_expected"/>
    <testcase time="1.06" classname="empSignificant" name="empSignificant_works_as_expected"/>
  </testsuite>
  <testsuite name="estimateParams" timestamp="2024-09-16T14:43:48Z" hostname="51d03d6db7c2" tests="22" skipped="1" failures="0" errors="0" time="27.822">
    <testcase time="0.0489999999999995" classname="estimateParams" name="prepareData_works_as_expected">
      <skipped message="Reason: On CRAN ('test-estimateParams.R:15:3')"/>
    </testcase>
    <testcase time="0.0360000000000005" classname="estimateParams" name="negLogLik_works_as_expected_for_Exponential"/>
    <testcase time="0.0209999999999999" classname="estimateParams" name="negLogLik_works_as_expected_for_Weibull"/>
    <testcase time="0.00599999999999934" classname="estimateParams" name="haz_works_as_expected_for_Exponential"/>
    <testcase time="0.00300000000000011" classname="estimateParams" name="haz_works_as_expected_for_Exponential"/>
    <testcase time="0.00600000000000023" classname="estimateParams" name="haz_works_as_expected_for_Weibull"/>
    <testcase time="0.00300000000000011" classname="estimateParams" name="haz_works_as_expected_for_Weibull"/>
    <testcase time="0.00600000000000023" classname="estimateParams" name="survTrans_works_as_expected_for_Exponential"/>
    <testcase time="0.00699999999999967" classname="estimateParams" name="survTrans_works_as_expected_for_Weibull"/>
    <testcase time="0.00600000000000023" classname="estimateParams" name="getInit_works_as_expected_for_Exponential"/>
    <testcase time="0.00600000000000023" classname="estimateParams" name="getInit_works_as_expected_for_Weibull"/>
    <testcase time="0.0169999999999995" classname="estimateParams" name="getTarget_works_as_expected_for_Exponential"/>
    <testcase time="0.0289999999999999" classname="estimateParams" name="getTarget_works_as_expected_for_Weibull"/>
    <testcase time="0.00600000000000023" classname="estimateParams" name="getResults_works_as_expected_for_Exponential"/>
    <testcase time="0.00499999999999989" classname="estimateParams" name="getResults_works_as_expected_for_weibull"/>
    <testcase time="0.00300000000000011" classname="estimateParams" name="getResults_works_as_expected_for_weibull"/>
    <testcase time="7.575" classname="estimateParams" name="estimateParams_estimates_the_true_parameters_correctly_for_Exponential"/>
    <testcase time="0.00300000000000011" classname="estimateParams" name="estimateParams_estimates_the_true_parameters_correctly_for_Exponential"/>
    <testcase time="0.00300000000000011" classname="estimateParams" name="estimateParams_estimates_the_true_parameters_correctly_for_Exponential"/>
    <testcase time="20.024" classname="estimateParams" name="estimateParams_estimates_the_true_parameters_correctly_for_Weibull"/>
    <testcase time="0.00600000000000023" classname="estimateParams" name="estimateParams_estimates_the_true_parameters_correctly_for_Weibull"/>
    <testcase time="0.00200000000000244" classname="estimateParams" name="estimateParams_estimates_the_true_parameters_correctly_for_Weibull"/>
  </testsuite>
  <testsuite name="eventTracking" timestamp="2024-09-16T14:44:16Z" hostname="51d03d6db7c2" tests="15" skipped="0" failures="0" errors="0" time="0.127">
    <testcase time="0.0210000000000008" classname="eventTracking" name="getTimePoint_works_as_expected"/>
    <testcase time="0.00300000000000011" classname="eventTracking" name="getTimePoint_works_as_expected"/>
    <testcase time="0.0179999999999936" classname="eventTracking" name="getTimePoint_works_as_expected_by_Arm"/>
    <testcase time="0.00300000000000011" classname="eventTracking" name="getTimePoint_works_as_expected_by_Arm"/>
    <testcase time="0.00300000000000011" classname="eventTracking" name="getTimePoint_works_as_expected_by_Arm"/>
    <testcase time="0.00300000000000011" classname="eventTracking" name="getTimePoint_works_as_expected_by_Arm"/>
    <testcase time="0.0200000000000031" classname="eventTracking" name="censoringByNumberEvents_works_as_expected"/>
    <testcase time="0.00300000000000011" classname="eventTracking" name="censoringByNumberEvents_works_as_expected"/>
    <testcase time="0.0180000000000007" classname="eventTracking" name="trackEventsPerTrial_works_as_expected_by_arm"/>
    <testcase time="0.00199999999999534" classname="eventTracking" name="trackEventsPerTrial_works_as_expected_by_arm"/>
    <testcase time="0.00300000000000011" classname="eventTracking" name="trackEventsPerTrial_works_as_expected_by_arm"/>
    <testcase time="0.00300000000000011" classname="eventTracking" name="trackEventsPerTrial_works_as_expected_by_arm"/>
    <testcase time="0.00600000000000023" classname="eventTracking" name="getCensoredData_works_as_expected"/>
    <testcase time="0.0140000000000029" classname="eventTracking" name="getEventsAll_works_as_expected"/>
    <testcase time="0.0069999999999979" classname="eventTracking" name="getNumberEvents_works_as_expected"/>
  </testsuite>
  <testsuite name="getClinicalTrials" timestamp="2024-09-16T14:44:16Z" hostname="51d03d6db7c2" tests="28" skipped="0" failures="0" errors="0" time="3.157">
    <testcase time="0.027000000000001" classname="getClinicalTrials" name="getOneClinicalTrial_works_as_expected"/>
    <testcase time="0.00200000000000244" classname="getClinicalTrials" name="getOneClinicalTrial_works_as_expected"/>
    <testcase time="0.00300000000000011" classname="getClinicalTrials" name="getOneClinicalTrial_works_as_expected"/>
    <testcase time="0.019999999999996" classname="getClinicalTrials" name="getOneClinicalTrial_works_as_expected_accrual_and_dropout_as_list"/>
    <testcase time="0.00200000000000244" classname="getClinicalTrials" name="getOneClinicalTrial_works_as_expected_accrual_and_dropout_as_list"/>
    <testcase time="0.00300000000000011" classname="getClinicalTrials" name="getOneClinicalTrial_works_as_expected_accrual_and_dropout_as_list"/>
    <testcase time="0.0180000000000007" classname="getClinicalTrials" name="getOneClinicalTrial_creates_expected_data_set"/>
    <testcase time="0.00900000000000034" classname="getClinicalTrials" name="getOneClinicalTrial_also_works_in_edge_case"/>
    <testcase time="0.00300000000000011" classname="getClinicalTrials" name="getOneClinicalTrial_also_works_in_edge_case"/>
    <testcase time="0.00300000000000011" classname="getClinicalTrials" name="getOneClinicalTrial_also_works_in_edge_case"/>
    <testcase time="0.0109999999999957" classname="getClinicalTrials" name="getOneClinicalTrial_gives_a_warning_if_there_are_no_progression_to_death_transitions_at_all"/>
    <testcase time="0.00300000000000011" classname="getClinicalTrials" name="getOneClinicalTrial_gives_a_warning_if_there_are_no_progression_to_death_transitions_at_all"/>
    <testcase time="0.00200000000000244" classname="getClinicalTrials" name="getOneClinicalTrial_gives_a_warning_if_there_are_no_progression_to_death_transitions_at_all"/>
    <testcase time="0.0720000000000027" classname="getClinicalTrials" name="getClinicalTrials_works_as_expected_if_it_creates_1_row_per_patient"/>
    <testcase time="0.00199999999999534" classname="getClinicalTrials" name="getClinicalTrials_works_as_expected_if_it_creates_1_row_per_patient"/>
    <testcase time="0.00200000000000244" classname="getClinicalTrials" name="getClinicalTrials_works_as_expected_if_it_creates_1_row_per_patient"/>
    <testcase time="0.0690000000000026" classname="getClinicalTrials" name="getClinicalTrials_works_as_expected_if_accrual_and_dropout_are_lists"/>
    <testcase time="0.000999999999997669" classname="getClinicalTrials" name="getClinicalTrials_works_as_expected_if_accrual_and_dropout_are_lists"/>
    <testcase time="0.00300000000000011" classname="getClinicalTrials" name="getClinicalTrials_works_as_expected_if_accrual_and_dropout_are_lists"/>
    <testcase time="0.046999999999997" classname="getClinicalTrials" name="getClinicalTrials_works_as_expected_if_it_creates_1_row_per_transition"/>
    <testcase time="0.00200000000000244" classname="getClinicalTrials" name="getClinicalTrials_works_as_expected_if_it_creates_1_row_per_transition"/>
    <testcase time="0.00300000000000011" classname="getClinicalTrials" name="getClinicalTrials_works_as_expected_if_it_creates_1_row_per_transition"/>
    <testcase time="0.0360000000000014" classname="getClinicalTrials" name="getClinicalTrials_works_as_expected_and_generates_data_according_to_Exponential"/>
    <testcase time="0.00300000000000011" classname="getClinicalTrials" name="getClinicalTrials_works_as_expected_and_generates_data_according_to_Exponential"/>
    <testcase time="1.247" classname="getClinicalTrials" name="getClinicalTrials_works_as_expected_and_generates_data_according_to_Weibull"/>
    <testcase time="0.00300000000000011" classname="getClinicalTrials" name="getClinicalTrials_works_as_expected_and_generates_data_according_to_Weibull"/>
    <testcase time="1.558" classname="getClinicalTrials" name="getClinicalTrials_works_as_expected_and_generates_data_according_to_PWC"/>
    <testcase time="0.00300000000000011" classname="getClinicalTrials" name="getClinicalTrials_works_as_expected_and_generates_data_according_to_PWC"/>
  </testsuite>
  <testsuite name="getDatsetWideFormat" timestamp="2024-09-16T14:44:19Z" hostname="51d03d6db7c2" tests="7" skipped="0" failures="0" errors="0" time="0.034">
    <testcase time="0.0210000000000008" classname="getDatsetWideFormat" name="getDatasetWideFormat_works_as_expected"/>
    <testcase time="0.00199999999999534" classname="getDatsetWideFormat" name="getDatasetWideFormat_works_as_expected"/>
    <testcase time="0.00300000000000011" classname="getDatsetWideFormat" name="getDatasetWideFormat_works_as_expected"/>
    <testcase time="0.00200000000000244" classname="getDatsetWideFormat" name="getDatasetWideFormat_works_as_expected"/>
    <testcase time="0.00200000000000244" classname="getDatsetWideFormat" name="getDatasetWideFormat_works_as_expected"/>
    <testcase time="0.00300000000000011" classname="getDatsetWideFormat" name="getDatasetWideFormat_works_as_expected"/>
    <testcase time="0.000999999999997669" classname="getDatsetWideFormat" name="getDatasetWideFormat_works_as_expected"/>
  </testsuite>
  <testsuite name="getSimulatedData" timestamp="2024-09-16T14:44:19Z" hostname="51d03d6db7c2" tests="22" skipped="0" failures="0" errors="0" time="0.094">
    <testcase time="0.00900000000000034" classname="getSimulatedData" name="getOneToTwoRows_works_as_expected"/>
    <testcase time="0.00200000000000244" classname="getSimulatedData" name="getOneToTwoRows_works_as_expected"/>
    <testcase time="0.00300000000000011" classname="getSimulatedData" name="getOneToTwoRows_works_as_expected"/>
    <testcase time="0.00199999999999534" classname="getSimulatedData" name="getOneToTwoRows_works_as_expected"/>
    <testcase time="0.00200000000000244" classname="getSimulatedData" name="getOneToTwoRows_works_as_expected"/>
    <testcase time="0.00300000000000011" classname="getSimulatedData" name="getOneToTwoRows_works_as_expected"/>
    <testcase time="0.00799999999999557" classname="getSimulatedData" name="getSimulatedData_works_as_expected_if_no_random_censoring_is_present"/>
    <testcase time="0.00100000000000477" classname="getSimulatedData" name="getSimulatedData_works_as_expected_if_no_random_censoring_is_present"/>
    <testcase time="0.00199999999999534" classname="getSimulatedData" name="getSimulatedData_works_as_expected_if_no_random_censoring_is_present"/>
    <testcase time="0.00300000000000011" classname="getSimulatedData" name="getSimulatedData_works_as_expected_if_no_random_censoring_is_present"/>
    <testcase time="0.00200000000000244" classname="getSimulatedData" name="getSimulatedData_works_as_expected_if_no_random_censoring_is_present"/>
    <testcase time="0.00800000000000267" classname="getSimulatedData" name="getSimulatedData_works_as_expected_if_random_censoring_is_present"/>
    <testcase time="0.000999999999997669" classname="getSimulatedData" name="getSimulatedData_works_as_expected_if_random_censoring_is_present"/>
    <testcase time="0.00200000000000244" classname="getSimulatedData" name="getSimulatedData_works_as_expected_if_random_censoring_is_present"/>
    <testcase time="0.00300000000000011" classname="getSimulatedData" name="getSimulatedData_works_as_expected_if_random_censoring_is_present"/>
    <testcase time="0.00199999999999534" classname="getSimulatedData" name="getSimulatedData_works_as_expected_if_random_censoring_is_present"/>
    <testcase time="0.0110000000000028" classname="getSimulatedData" name="getSimulatedData_creates_expected_data_set_for_exponential_transitions"/>
    <testcase time="0.017000000000003" classname="getSimulatedData" name="getSimulatedData_creates_expected_data_set_for_Weibull_transitions"/>
    <testcase time="0.0069999999999979" classname="getSimulatedData" name="getSimulatedData_works_also_without_progression_to_death_transitions"/>
    <testcase time="0.000999999999997669" classname="getSimulatedData" name="getSimulatedData_works_also_without_progression_to_death_transitions"/>
    <testcase time="0.00200000000000244" classname="getSimulatedData" name="getSimulatedData_works_also_without_progression_to_death_transitions"/>
    <testcase time="0.00300000000000011" classname="getSimulatedData" name="getSimulatedData_works_also_without_progression_to_death_transitions"/>
  </testsuite>
  <testsuite name="getSimulatedDataDistib" timestamp="2024-09-16T14:44:19Z" hostname="51d03d6db7c2" tests="3" skipped="0" failures="0" errors="0" time="102.926">
    <testcase time="11.665" classname="getSimulatedDataDistib" name="getSimulatedData_generates_distributions_as_expected_Exponential"/>
    <testcase time="56.59" classname="getSimulatedDataDistib" name="getSimulatedData_generates_distributions_as_expected_Weibull"/>
    <testcase time="34.671" classname="getSimulatedDataDistib" name="getSimulatedData_generates_distributions_as_expected_PW"/>
  </testsuite>
  <testsuite name="hazardFunctions" timestamp="2024-09-16T14:46:02Z" hostname="51d03d6db7c2" tests="7" skipped="0" failures="0" errors="0" time="0.041">
    <testcase time="0.00900000000001455" classname="hazardFunctions" name="ExpHazOS_works_as_expected"/>
    <testcase time="0.0029999999999859" classname="hazardFunctions" name="ExpHazOS_works_as_expected"/>
    <testcase time="0.007000000000005" classname="hazardFunctions" name="ExpHazOS_works_also_with_vector_of_times_t"/>
    <testcase time="0.00600000000000023" classname="hazardFunctions" name="avgHRIntegExpOS_works_as_expected"/>
    <testcase time="0.00300000000001432" classname="hazardFunctions" name="avgHRIntegExpOS_works_as_expected"/>
    <testcase time="0.00799999999998136" classname="hazardFunctions" name="avgHRExpOS_works_as_expected"/>
    <testcase time="0.00500000000002387" classname="hazardFunctions" name="avgHRExpOS_works_as_expected"/>
  </testsuite>
  <testsuite name="piecewiseDistrb" timestamp="2024-09-16T14:46:02Z" hostname="51d03d6db7c2" tests="4" skipped="0" failures="0" errors="0" time="0.045">
    <testcase time="0.0289999999999964" classname="piecewiseDistrb" name="getPCWDistr_works_as_expected_for_constant_hazards_after_time_shift"/>
    <testcase time="0.00499999999999545" classname="piecewiseDistrb" name="getPCWDistr_works_as_expected_for_pwc_hazards_without_time_shift"/>
    <testcase time="0.00600000000000023" classname="piecewiseDistrb" name="getPCWDistr_works_as_expected_for_piecewise_constant_hazards_with_time_shift"/>
    <testcase time="0.00499999999999545" classname="piecewiseDistrb" name="PCWInversionMethod_works_as_expected"/>
  </testsuite>
  <testsuite name="piecewiseHazards" timestamp="2024-09-16T14:46:02Z" hostname="51d03d6db7c2" tests="2" skipped="0" failures="0" errors="0" time="0.015">
    <testcase time="0.00799999999998136" classname="piecewiseHazards" name="getPWCHazard_works_as_expected"/>
    <testcase time="0.007000000000005" classname="piecewiseHazards" name="getSumPCW_works_as_expected"/>
  </testsuite>
  <testsuite name="survivalFunctions" timestamp="2024-09-16T14:46:02Z" hostname="51d03d6db7c2" tests="37" skipped="0" failures="0" errors="0" time="0.321">
    <testcase time="0.00900000000001455" classname="survivalFunctions" name="ExpSurvPFS_works_as_expected"/>
    <testcase time="0.0029999999999859" classname="survivalFunctions" name="ExpSurvPFS_works_as_expected"/>
    <testcase time="0.00600000000000023" classname="survivalFunctions" name="ExpSurvPFS_works_also_with_vector_of_times_t"/>
    <testcase time="0.00600000000000023" classname="survivalFunctions" name="ExpSurvOS_works_as_expected"/>
    <testcase time="0.00300000000001432" classname="survivalFunctions" name="ExpSurvOS_works_as_expected"/>
    <testcase time="0.00199999999998113" classname="survivalFunctions" name="ExpSurvOS_works_as_expected"/>
    <testcase time="0.00600000000000023" classname="survivalFunctions" name="ExpSurvOS_works_also_with_vector_of_times_t"/>
    <testcase time="0.007000000000005" classname="survivalFunctions" name="WeibSurvPFS_works_as_expected"/>
    <testcase time="0.00200000000000955" classname="survivalFunctions" name="WeibSurvPFS_works_as_expected"/>
    <testcase time="0.00600000000000023" classname="survivalFunctions" name="integrateVector_works_as_expected"/>
    <testcase time="0.00499999999999545" classname="survivalFunctions" name="WeibOSInteg_works_as_expected_with_scalar_x"/>
    <testcase time="0.00300000000001432" classname="survivalFunctions" name="WeibOSInteg_works_as_expected_with_scalar_x"/>
    <testcase time="0.00499999999999545" classname="survivalFunctions" name="WeibOSInteg_works_as_expected_with_vector_x"/>
    <testcase time="0.0689999999999884" classname="survivalFunctions" name="WeibOSInteg_works_as_expected_with_vector_x"/>
    <testcase time="0.00600000000000023" classname="survivalFunctions" name="WeibOSInteg_works_as_expected_with_scalar_t"/>
    <testcase time="0.00300000000001432" classname="survivalFunctions" name="WeibOSInteg_works_as_expected_with_scalar_t"/>
    <testcase time="0.00699999999997658" classname="survivalFunctions" name="WeibSurvOS_works_as_expected"/>
    <testcase time="0.00300000000001432" classname="survivalFunctions" name="WeibSurvOS_works_as_expected"/>
    <testcase time="0.0029999999999859" classname="survivalFunctions" name="WeibSurvOS_works_as_expected"/>
    <testcase time="0.00600000000000023" classname="survivalFunctions" name="pwA_works_as_expected"/>
    <testcase time="0.00600000000000023" classname="survivalFunctions" name="PWCsurvPFS_works_as_expected"/>
    <testcase time="0.00300000000001432" classname="survivalFunctions" name="PWCsurvPFS_works_as_expected"/>
    <testcase time="0.0029999999999859" classname="survivalFunctions" name="PWCsurvPFS_works_as_expected"/>
    <testcase time="0.00800000000000978" classname="survivalFunctions" name="PWCsurvOS_works_as_expected"/>
    <testcase time="0.00399999999999068" classname="survivalFunctions" name="PWCsurvOS_works_as_expected"/>
    <testcase time="0.0040000000000191" classname="survivalFunctions" name="PWCsurvOS_works_as_expected"/>
    <testcase time="0.00499999999999545" classname="survivalFunctions" name="PWCsurvOS_does_not_return_values_larger_than_1"/>
    <testcase time="0.0529999999999973" classname="survivalFunctions" name="PWCsurvOS_is_monotonically_decreasing_and_not_larger_than_1"/>
    <testcase time="0.0029999999999859" classname="survivalFunctions" name="PWCsurvOS_is_monotonically_decreasing_and_not_larger_than_1"/>
    <testcase time="0.00300000000001432" classname="survivalFunctions" name="PWCsurvOS_is_monotonically_decreasing_and_not_larger_than_1"/>
    <testcase time="0.0279999999999916" classname="survivalFunctions" name="PWCsurvOS_gives_equal_results_as_the_numerical_integration"/>
    <testcase time="0.007000000000005" classname="survivalFunctions" name="PwcOSInt_works_as_expected"/>
    <testcase time="0.00399999999999068" classname="survivalFunctions" name="PwcOSInt_works_as_expected"/>
    <testcase time="0.00300000000001432" classname="survivalFunctions" name="PwcOSInt_works_as_expected"/>
    <testcase time="0.00800000000000978" classname="survivalFunctions" name="singleExpQuantOS_works_as_expected"/>
    <testcase time="0.00799999999998136" classname="survivalFunctions" name="ExpQuantOS_works_as_expected"/>
    <testcase time="0.0109999999999957" classname="survivalFunctions" name="ExpQuantOS_works_also_with_vector_of_quantiles_q"/>
  </testsuite>
  <testsuite name="transitionParameters" timestamp="2024-09-16T14:46:02Z" hostname="51d03d6db7c2" tests="19" skipped="0" failures="0" errors="0" time="0.102">
    <testcase time="0.0100000000000193" classname="transitionParameters" name="exponential_transition_works_as_expected"/>
    <testcase time="0.00199999999998113" classname="transitionParameters" name="exponential_transition_works_as_expected"/>
    <testcase time="0.0040000000000191" classname="transitionParameters" name="exponential_transition_works_as_expected"/>
    <testcase time="0.00199999999998113" classname="transitionParameters" name="exponential_transition_works_as_expected"/>
    <testcase time="0.0260000000000105" classname="transitionParameters" name="exponential_transition_works_as_expected"/>
    <testcase time="0.00399999999999068" classname="transitionParameters" name="exponential_transition_works_as_expected"/>
    <testcase time="0.00600000000000023" classname="transitionParameters" name="piecewise_exponential_works_as_expected"/>
    <testcase time="0.00300000000001432" classname="transitionParameters" name="piecewise_exponential_works_as_expected"/>
    <testcase time="0.00199999999998113" classname="transitionParameters" name="piecewise_exponential_works_as_expected"/>
    <testcase time="0.00300000000001432" classname="transitionParameters" name="piecewise_exponential_works_as_expected"/>
    <testcase time="0.00499999999999545" classname="transitionParameters" name="piecewise_exponential_works_as_expected"/>
    <testcase time="0.00499999999999545" classname="transitionParameters" name="piecewise_exponential_works_as_expected"/>
    <testcase time="0.00499999999999545" classname="transitionParameters" name="piecewise_exponential_works_as_expected"/>
    <testcase time="0.00600000000000023" classname="transitionParameters" name="weibull_transition_works_as_expected"/>
    <testcase time="0.00300000000001432" classname="transitionParameters" name="weibull_transition_works_as_expected"/>
    <testcase time="0.0029999999999859" classname="transitionParameters" name="weibull_transition_works_as_expected"/>
    <testcase time="0.00300000000001432" classname="transitionParameters" name="weibull_transition_works_as_expected"/>
    <testcase time="0.00499999999999545" classname="transitionParameters" name="weibull_transition_works_as_expected"/>
    <testcase time="0.00499999999999545" classname="transitionParameters" name="weibull_transition_works_as_expected"/>
  </testsuite>
  <testsuite name="waitTimeSum" timestamp="2024-09-16T14:46:02Z" hostname="51d03d6db7c2" tests="3" skipped="0" failures="0" errors="0" time="0.022">
    <testcase time="0.00900000000001455" classname="waitTimeSum" name="getWaitTimeSum_works_as_expected_for_sum_of_constant_hazards"/>
    <testcase time="0.007000000000005" classname="waitTimeSum" name="getWaitTimeSum_works_as_expected_for_sum_of_hazards_entry_0_"/>
    <testcase time="0.00600000000000023" classname="waitTimeSum" name="getWaitTimeSum_works_as_expected_for_sum_of_hazards_entry_0_"/>
  </testsuite>
</testsuites>
