<?xml version="1.0" encoding="UTF-8"?>
<testsuites>
  <testsuite name="addStaggeredEntry" timestamp="2023-12-11T09:22:39Z" hostname="a0dc7a6fd6f7" tests="10" skipped="0" failures="0" errors="0" time="0.138">
    <testcase time="0.0599999999999998" classname="addStaggeredEntry" name="addStaggeredEntry_works_as_expected_if_no_staggered_study_entry_is_present"/>
    <testcase time="0.0350000000000001" classname="addStaggeredEntry" name="addStaggeredEntry_works_as_expected_if_no_staggered_study_entry_is_present"/>
    <testcase time="0.014" classname="addStaggeredEntry" name="addStaggeredEntry_works_as_expected_if_staggered_study_entry_is_specified_by_accrual_parameter_time"/>
    <testcase time="0.00299999999999989" classname="addStaggeredEntry" name="addStaggeredEntry_works_as_expected_if_staggered_study_entry_is_specified_by_accrual_parameter_time"/>
    <testcase time="0.00300000000000011" classname="addStaggeredEntry" name="addStaggeredEntry_works_as_expected_if_staggered_study_entry_is_specified_by_accrual_parameter_time"/>
    <testcase time="0.00499999999999989" classname="addStaggeredEntry" name="addStaggeredEntry_works_as_expected_if_staggered_study_entry_is_specified_by_accrual_parameter_time"/>
    <testcase time="0.00900000000000012" classname="addStaggeredEntry" name="addStaggeredEntry_works_as_expected_if_staggered_study_entry_is_specified_by_accrual_parameter_intensity"/>
    <testcase time="0.00299999999999989" classname="addStaggeredEntry" name="addStaggeredEntry_works_as_expected_if_staggered_study_entry_is_specified_by_accrual_parameter_intensity"/>
    <testcase time="0.00300000000000011" classname="addStaggeredEntry" name="addStaggeredEntry_works_as_expected_if_staggered_study_entry_is_specified_by_accrual_parameter_intensity"/>
    <testcase time="0.00299999999999989" classname="addStaggeredEntry" name="addStaggeredEntry_works_as_expected_if_staggered_study_entry_is_specified_by_accrual_parameter_intensity"/>
  </testsuite>
  <testsuite name="assertions" timestamp="2023-12-11T09:22:39Z" hostname="a0dc7a6fd6f7" tests="11" skipped="0" failures="0" errors="0" time="0.061">
    <testcase time="0.0150000000000001" classname="assertions" name="assert_positive_number_works_as_expected"/>
    <testcase time="0.00099999999999989" classname="assertions" name="assert_positive_number_works_as_expected"/>
    <testcase time="0.012" classname="assertions" name="assert_positive_number_works_as_expected"/>
    <testcase time="0.004" classname="assertions" name="assert_positive_number_works_as_expected"/>
    <testcase time="0.004" classname="assertions" name="assert_positive_number_works_as_expected"/>
    <testcase time="0.00600000000000001" classname="assertions" name="assert_intervals_works_as_expected"/>
    <testcase time="0.002" classname="assertions" name="assert_intervals_works_as_expected"/>
    <testcase time="0.004" classname="assertions" name="assert_intervals_works_as_expected"/>
    <testcase time="0.004" classname="assertions" name="assert_intervals_works_as_expected"/>
    <testcase time="0.00499999999999989" classname="assertions" name="assert_intervals_works_as_expected"/>
    <testcase time="0.004" classname="assertions" name="assert_intervals_works_as_expected"/>
  </testsuite>
  <testsuite name="corPFSOS" timestamp="2023-12-11T09:22:39Z" hostname="a0dc7a6fd6f7" tests="35" skipped="0" failures="0" errors="0" time="2.302">
    <testcase time="0.0210000000000001" classname="corPFSOS" name="survPFS_works_as_expected_for_exponential_transition_hazards"/>
    <testcase time="0.00299999999999989" classname="corPFSOS" name="survPFS_works_as_expected_for_exponential_transition_hazards"/>
    <testcase time="0.00600000000000001" classname="corPFSOS" name="survPFS_works_as_expected_for_Weibull_transition_hazards"/>
    <testcase time="0.00300000000000011" classname="corPFSOS" name="survPFS_works_as_expected_for_Weibull_transition_hazards"/>
    <testcase time="0.00600000000000001" classname="corPFSOS" name="survPFS_works_as_expected_for_piecewise_exponential_transition_hazards"/>
    <testcase time="0.00299999999999989" classname="corPFSOS" name="survPFS_works_as_expected_for_piecewise_exponential_transition_hazards"/>
    <testcase time="0.00600000000000001" classname="corPFSOS" name="survOS_works_as_expected_for_exponential_transition_hazards"/>
    <testcase time="0.00300000000000011" classname="corPFSOS" name="survOS_works_as_expected_for_exponential_transition_hazards"/>
    <testcase time="0.0069999999999999" classname="corPFSOS" name="survOS_works_as_expected_for_Weibull_transition_hazards"/>
    <testcase time="0.004" classname="corPFSOS" name="survOS_works_as_expected_for_Weibull_transition_hazards"/>
    <testcase time="0.00700000000000012" classname="corPFSOS" name="survOS_works_as_expected_for_piecewise_exponential_transition_hazards"/>
    <testcase time="0.004" classname="corPFSOS" name="survOS_works_as_expected_for_piecewise_exponential_transition_hazards"/>
    <testcase time="0.00600000000000001" classname="corPFSOS" name="expvalPFSInteg_works_as_expected"/>
    <testcase time="0.00299999999999989" classname="corPFSOS" name="expvalPFSInteg_works_as_expected"/>
    <testcase time="0.00600000000000001" classname="corPFSOS" name="expvalOSInteg_works_as_expected"/>
    <testcase time="0.00300000000000011" classname="corPFSOS" name="expvalOSInteg_works_as_expected"/>
    <testcase time="0.00600000000000001" classname="corPFSOS" name="p11Integ_works_as_expected"/>
    <testcase time="0.00299999999999989" classname="corPFSOS" name="p11Integ_works_as_expected"/>
    <testcase time="0.00600000000000001" classname="corPFSOS" name="log_p11_works_as_expected"/>
    <testcase time="0.004" classname="corPFSOS" name="log_p11_works_as_expected"/>
    <testcase time="0.00600000000000001" classname="corPFSOS" name="log_p11_works_as_expected_for_multiple_time_points"/>
    <testcase time="0.00299999999999989" classname="corPFSOS" name="log_p11_works_as_expected_for_multiple_time_points"/>
    <testcase time="0.00600000000000001" classname="corPFSOS" name="PFSOSInteg_works_as_expected"/>
    <testcase time="0.004" classname="corPFSOS" name="PFSOSInteg_works_as_expected"/>
    <testcase time="0.00600000000000001" classname="corPFSOS" name="PFSOSInteg_works_as_expected_for_vectors"/>
    <testcase time="0.00300000000000011" classname="corPFSOS" name="PFSOSInteg_works_as_expected_for_vectors"/>
    <testcase time="0.0129999999999999" classname="corPFSOS" name="survPFSOS_works_as_expected_for_exponential_transition"/>
    <testcase time="0.004" classname="corPFSOS" name="survPFSOS_works_as_expected_for_exponential_transition"/>
    <testcase time="0.018" classname="corPFSOS" name="survPFSOS_works_as_expected_for_Weibull_transitions"/>
    <testcase time="0.004" classname="corPFSOS" name="survPFSOS_works_as_expected_for_Weibull_transitions"/>
    <testcase time="0.0250000000000001" classname="corPFSOS" name="survPFSOS_works_as_expected_for_piecewise_constant_hazard_transitions"/>
    <testcase time="0.00299999999999989" classname="corPFSOS" name="survPFSOS_works_as_expected_for_piecewise_constant_hazard_transitions"/>
    <testcase time="0.171" classname="corPFSOS" name="corTrans_works_as_expected"/>
    <testcase time="0.004" classname="corPFSOS" name="corTrans_works_as_expected"/>
    <testcase time="1.922" classname="corPFSOS" name="corPFSOS_returns_correct_central_estimate"/>
  </testsuite>
  <testsuite name="empSignificant" timestamp="2023-12-11T09:22:41Z" hostname="a0dc7a6fd6f7" tests="5" skipped="0" failures="0" errors="0" time="1.161">
    <testcase time="0.0289999999999999" classname="empSignificant" name="logRankTest_works_as_expected"/>
    <testcase time="0.00599999999999978" classname="empSignificant" name="logRankTest_works_as_expected"/>
    <testcase time="0.0590000000000002" classname="empSignificant" name="passedLogRank_works_as_expected"/>
    <testcase time="0.0129999999999999" classname="empSignificant" name="passedLogRank_works_as_expected"/>
    <testcase time="1.054" classname="empSignificant" name="empSignificant_works_as_expected"/>
  </testsuite>
  <testsuite name="estimateParams" timestamp="2023-12-11T09:22:42Z" hostname="a0dc7a6fd6f7" tests="22" skipped="1" failures="0" errors="0" time="26.198">
    <testcase time="0.048" classname="estimateParams" name="prepareData_works_as_expected">
      <skipped message="Reason: On CRAN ('test-estimateParams.R:15:3')"/>
    </testcase>
    <testcase time="0.0350000000000001" classname="estimateParams" name="negLogLik_works_as_expected_for_Exponential"/>
    <testcase time="0.0229999999999997" classname="estimateParams" name="negLogLik_works_as_expected_for_Weibull"/>
    <testcase time="0.00699999999999967" classname="estimateParams" name="haz_works_as_expected_for_Exponential"/>
    <testcase time="0.00300000000000011" classname="estimateParams" name="haz_works_as_expected_for_Exponential"/>
    <testcase time="0.00800000000000001" classname="estimateParams" name="haz_works_as_expected_for_Weibull"/>
    <testcase time="0.00300000000000011" classname="estimateParams" name="haz_works_as_expected_for_Weibull"/>
    <testcase time="0.00800000000000001" classname="estimateParams" name="survTrans_works_as_expected_for_Exponential"/>
    <testcase time="0.00699999999999967" classname="estimateParams" name="survTrans_works_as_expected_for_Weibull"/>
    <testcase time="0.016" classname="estimateParams" name="getInit_works_as_expected_for_Exponential"/>
    <testcase time="0.00800000000000001" classname="estimateParams" name="getInit_works_as_expected_for_Weibull"/>
    <testcase time="0.016" classname="estimateParams" name="getTarget_works_as_expected_for_Exponential"/>
    <testcase time="0.0220000000000002" classname="estimateParams" name="getTarget_works_as_expected_for_Weibull"/>
    <testcase time="0.00700000000000056" classname="estimateParams" name="getResults_works_as_expected_for_Exponential"/>
    <testcase time="0.00699999999999967" classname="estimateParams" name="getResults_works_as_expected_for_weibull"/>
    <testcase time="0.00399999999999956" classname="estimateParams" name="getResults_works_as_expected_for_weibull"/>
    <testcase time="7.144" classname="estimateParams" name="estimateParams_estimates_the_true_parameters_correctly_for_Exponential"/>
    <testcase time="0.00300000000000011" classname="estimateParams" name="estimateParams_estimates_the_true_parameters_correctly_for_Exponential"/>
    <testcase time="0.00399999999999956" classname="estimateParams" name="estimateParams_estimates_the_true_parameters_correctly_for_Exponential"/>
    <testcase time="18.817" classname="estimateParams" name="estimateParams_estimates_the_true_parameters_correctly_for_Weibull"/>
    <testcase time="0.00499999999999901" classname="estimateParams" name="estimateParams_estimates_the_true_parameters_correctly_for_Weibull"/>
    <testcase time="0.00300000000000011" classname="estimateParams" name="estimateParams_estimates_the_true_parameters_correctly_for_Weibull"/>
  </testsuite>
  <testsuite name="eventTracking" timestamp="2023-12-11T09:23:08Z" hostname="a0dc7a6fd6f7" tests="15" skipped="0" failures="0" errors="0" time="0.146">
    <testcase time="0.0240000000000009" classname="eventTracking" name="getTimePoint_works_as_expected"/>
    <testcase time="0.00300000000000011" classname="eventTracking" name="getTimePoint_works_as_expected"/>
    <testcase time="0.0189999999999984" classname="eventTracking" name="getTimePoint_works_as_expected_by_Arm"/>
    <testcase time="0.00400000000000134" classname="eventTracking" name="getTimePoint_works_as_expected_by_Arm"/>
    <testcase time="0.00300000000000011" classname="eventTracking" name="getTimePoint_works_as_expected_by_Arm"/>
    <testcase time="0.00399999999999778" classname="eventTracking" name="getTimePoint_works_as_expected_by_Arm"/>
    <testcase time="0.022000000000002" classname="eventTracking" name="censoringByNumberEvents_works_as_expected"/>
    <testcase time="0.00399999999999778" classname="eventTracking" name="censoringByNumberEvents_works_as_expected"/>
    <testcase time="0.0190000000000019" classname="eventTracking" name="trackEventsPerTrial_works_as_expected_by_arm"/>
    <testcase time="0.00300000000000011" classname="eventTracking" name="trackEventsPerTrial_works_as_expected_by_arm"/>
    <testcase time="0.00400000000000134" classname="eventTracking" name="trackEventsPerTrial_works_as_expected_by_arm"/>
    <testcase time="0.00299999999999656" classname="eventTracking" name="trackEventsPerTrial_works_as_expected_by_arm"/>
    <testcase time="0.0110000000000028" classname="eventTracking" name="getCensoredData_works_as_expected"/>
    <testcase time="0.0159999999999982" classname="eventTracking" name="getEventsAll_works_as_expected"/>
    <testcase time="0.00700000000000145" classname="eventTracking" name="getNumberEvents_works_as_expected"/>
  </testsuite>
  <testsuite name="getClinicalTrials" timestamp="2023-12-11T09:23:09Z" hostname="a0dc7a6fd6f7" tests="28" skipped="0" failures="0" errors="0" time="3.191">
    <testcase time="0.0229999999999997" classname="getClinicalTrials" name="getOneClinicalTrial_works_as_expected"/>
    <testcase time="0.00300000000000011" classname="getClinicalTrials" name="getOneClinicalTrial_works_as_expected"/>
    <testcase time="0.00300000000000011" classname="getClinicalTrials" name="getOneClinicalTrial_works_as_expected"/>
    <testcase time="0.0210000000000008" classname="getClinicalTrials" name="getOneClinicalTrial_works_as_expected_accrual_and_dropout_as_list"/>
    <testcase time="0.00300000000000011" classname="getClinicalTrials" name="getOneClinicalTrial_works_as_expected_accrual_and_dropout_as_list"/>
    <testcase time="0.00300000000000011" classname="getClinicalTrials" name="getOneClinicalTrial_works_as_expected_accrual_and_dropout_as_list"/>
    <testcase time="0.0229999999999997" classname="getClinicalTrials" name="getOneClinicalTrial_creates_expected_data_set"/>
    <testcase time="0.0109999999999992" classname="getClinicalTrials" name="getOneClinicalTrial_also_works_in_edge_case"/>
    <testcase time="0.00300000000000011" classname="getClinicalTrials" name="getOneClinicalTrial_also_works_in_edge_case"/>
    <testcase time="0.00300000000000011" classname="getClinicalTrials" name="getOneClinicalTrial_also_works_in_edge_case"/>
    <testcase time="0.0159999999999982" classname="getClinicalTrials" name="getOneClinicalTrial_gives_a_warning_if_there_are_no_progression_to_death_transitions_at_all"/>
    <testcase time="0.00400000000000134" classname="getClinicalTrials" name="getOneClinicalTrial_gives_a_warning_if_there_are_no_progression_to_death_transitions_at_all"/>
    <testcase time="0.00300000000000011" classname="getClinicalTrials" name="getOneClinicalTrial_gives_a_warning_if_there_are_no_progression_to_death_transitions_at_all"/>
    <testcase time="0.0700000000000003" classname="getClinicalTrials" name="getClinicalTrials_works_as_expected_if_it_creates_1_row_per_patient"/>
    <testcase time="0.000999999999997669" classname="getClinicalTrials" name="getClinicalTrials_works_as_expected_if_it_creates_1_row_per_patient"/>
    <testcase time="0.00300000000000011" classname="getClinicalTrials" name="getClinicalTrials_works_as_expected_if_it_creates_1_row_per_patient"/>
    <testcase time="0.078000000000003" classname="getClinicalTrials" name="getClinicalTrials_works_as_expected_if_accrual_and_dropout_are_lists"/>
    <testcase time="0.00199999999999889" classname="getClinicalTrials" name="getClinicalTrials_works_as_expected_if_accrual_and_dropout_are_lists"/>
    <testcase time="0.00300000000000011" classname="getClinicalTrials" name="getClinicalTrials_works_as_expected_if_accrual_and_dropout_are_lists"/>
    <testcase time="0.0459999999999994" classname="getClinicalTrials" name="getClinicalTrials_works_as_expected_if_it_creates_1_row_per_transition"/>
    <testcase time="0.00100000000000122" classname="getClinicalTrials" name="getClinicalTrials_works_as_expected_if_it_creates_1_row_per_transition"/>
    <testcase time="0.00300000000000011" classname="getClinicalTrials" name="getClinicalTrials_works_as_expected_if_it_creates_1_row_per_transition"/>
    <testcase time="0.0380000000000003" classname="getClinicalTrials" name="getClinicalTrials_works_as_expected_and_generates_data_according_to_Exponential"/>
    <testcase time="0.00300000000000011" classname="getClinicalTrials" name="getClinicalTrials_works_as_expected_and_generates_data_according_to_Exponential"/>
    <testcase time="1.207" classname="getClinicalTrials" name="getClinicalTrials_works_as_expected_and_generates_data_according_to_Weibull"/>
    <testcase time="0.00300000000000011" classname="getClinicalTrials" name="getClinicalTrials_works_as_expected_and_generates_data_according_to_Weibull"/>
    <testcase time="1.61" classname="getClinicalTrials" name="getClinicalTrials_works_as_expected_and_generates_data_according_to_PWC"/>
    <testcase time="0.00400000000000489" classname="getClinicalTrials" name="getClinicalTrials_works_as_expected_and_generates_data_according_to_PWC"/>
  </testsuite>
  <testsuite name="getDatsetWideFormat" timestamp="2023-12-11T09:23:12Z" hostname="a0dc7a6fd6f7" tests="7" skipped="0" failures="0" errors="0" time="0.039">
    <testcase time="0.0219999999999985" classname="getDatsetWideFormat" name="getDatasetWideFormat_works_as_expected"/>
    <testcase time="0.00300000000000011" classname="getDatsetWideFormat" name="getDatasetWideFormat_works_as_expected"/>
    <testcase time="0.00300000000000011" classname="getDatsetWideFormat" name="getDatasetWideFormat_works_as_expected"/>
    <testcase time="0.00300000000000011" classname="getDatsetWideFormat" name="getDatasetWideFormat_works_as_expected"/>
    <testcase time="0.00300000000000011" classname="getDatsetWideFormat" name="getDatasetWideFormat_works_as_expected"/>
    <testcase time="0.00399999999999778" classname="getDatsetWideFormat" name="getDatasetWideFormat_works_as_expected"/>
    <testcase time="0.000999999999997669" classname="getDatsetWideFormat" name="getDatasetWideFormat_works_as_expected"/>
  </testsuite>
  <testsuite name="getSimulatedData" timestamp="2023-12-11T09:23:12Z" hostname="a0dc7a6fd6f7" tests="22" skipped="0" failures="0" errors="0" time="0.113">
    <testcase time="0.0150000000000006" classname="getSimulatedData" name="getOneToTwoRows_works_as_expected"/>
    <testcase time="0.00300000000000011" classname="getSimulatedData" name="getOneToTwoRows_works_as_expected"/>
    <testcase time="0.00300000000000011" classname="getSimulatedData" name="getOneToTwoRows_works_as_expected"/>
    <testcase time="0.00300000000000011" classname="getSimulatedData" name="getOneToTwoRows_works_as_expected"/>
    <testcase time="0.00300000000000011" classname="getSimulatedData" name="getOneToTwoRows_works_as_expected"/>
    <testcase time="0.00400000000000489" classname="getSimulatedData" name="getOneToTwoRows_works_as_expected"/>
    <testcase time="0.00899999999999324" classname="getSimulatedData" name="getSimulatedData_works_as_expected_if_no_random_censoring_is_present"/>
    <testcase time="0.00100000000000477" classname="getSimulatedData" name="getSimulatedData_works_as_expected_if_no_random_censoring_is_present"/>
    <testcase time="0.00300000000000011" classname="getSimulatedData" name="getSimulatedData_works_as_expected_if_no_random_censoring_is_present"/>
    <testcase time="0.00300000000000011" classname="getSimulatedData" name="getSimulatedData_works_as_expected_if_no_random_censoring_is_present"/>
    <testcase time="0.00300000000000011" classname="getSimulatedData" name="getSimulatedData_works_as_expected_if_no_random_censoring_is_present"/>
    <testcase time="0.00999999999999801" classname="getSimulatedData" name="getSimulatedData_works_as_expected_if_random_censoring_is_present"/>
    <testcase time="0.000999999999997669" classname="getSimulatedData" name="getSimulatedData_works_as_expected_if_random_censoring_is_present"/>
    <testcase time="0.00300000000000011" classname="getSimulatedData" name="getSimulatedData_works_as_expected_if_random_censoring_is_present"/>
    <testcase time="0.00300000000000011" classname="getSimulatedData" name="getSimulatedData_works_as_expected_if_random_censoring_is_present"/>
    <testcase time="0.00300000000000011" classname="getSimulatedData" name="getSimulatedData_works_as_expected_if_random_censoring_is_present"/>
    <testcase time="0.0120000000000005" classname="getSimulatedData" name="getSimulatedData_creates_expected_data_set_for_exponential_transitions"/>
    <testcase time="0.0150000000000006" classname="getSimulatedData" name="getSimulatedData_creates_expected_data_set_for_Weibull_transitions"/>
    <testcase time="0.00800000000000267" classname="getSimulatedData" name="getSimulatedData_works_also_without_progression_to_death_transitions"/>
    <testcase time="0.000999999999997669" classname="getSimulatedData" name="getSimulatedData_works_also_without_progression_to_death_transitions"/>
    <testcase time="0.00399999999999778" classname="getSimulatedData" name="getSimulatedData_works_also_without_progression_to_death_transitions"/>
    <testcase time="0.00300000000000011" classname="getSimulatedData" name="getSimulatedData_works_also_without_progression_to_death_transitions"/>
  </testsuite>
  <testsuite name="getSimulatedDataDistib" timestamp="2023-12-11T09:23:12Z" hostname="a0dc7a6fd6f7" tests="3" skipped="0" failures="0" errors="0" time="96.633">
    <testcase time="11.714" classname="getSimulatedDataDistib" name="getSimulatedData_generates_distributions_as_expected_Exponential"/>
    <testcase time="50.437" classname="getSimulatedDataDistib" name="getSimulatedData_generates_distributions_as_expected_Weibull"/>
    <testcase time="34.482" classname="getSimulatedDataDistib" name="getSimulatedData_generates_distributions_as_expected_PW"/>
  </testsuite>
  <testsuite name="hazardFunctions" timestamp="2023-12-11T09:24:49Z" hostname="a0dc7a6fd6f7" tests="7" skipped="0" failures="0" errors="0" time="0.06">
    <testcase time="0.0240000000000009" classname="hazardFunctions" name="ExpHazOS_works_as_expected"/>
    <testcase time="0.00300000000001432" classname="hazardFunctions" name="ExpHazOS_works_as_expected"/>
    <testcase time="0.00799999999998136" classname="hazardFunctions" name="ExpHazOS_works_also_with_vector_of_times_t"/>
    <testcase time="0.007000000000005" classname="hazardFunctions" name="avgHRIntegExpOS_works_as_expected"/>
    <testcase time="0.0040000000000191" classname="hazardFunctions" name="avgHRIntegExpOS_works_as_expected"/>
    <testcase time="0.00899999999998613" classname="hazardFunctions" name="avgHRExpOS_works_as_expected"/>
    <testcase time="0.00499999999999545" classname="hazardFunctions" name="avgHRExpOS_works_as_expected"/>
  </testsuite>
  <testsuite name="piecewiseDistrb" timestamp="2023-12-11T09:24:49Z" hostname="a0dc7a6fd6f7" tests="4" skipped="0" failures="0" errors="0" time="0.031">
    <testcase time="0.00900000000001455" classname="piecewiseDistrb" name="getPCWDistr_works_as_expected_for_constant_hazards_after_time_shift"/>
    <testcase time="0.007000000000005" classname="piecewiseDistrb" name="getPCWDistr_works_as_expected_for_pwc_hazards_without_time_shift"/>
    <testcase time="0.00799999999998136" classname="piecewiseDistrb" name="getPCWDistr_works_as_expected_for_piecewise_constant_hazards_with_time_shift"/>
    <testcase time="0.007000000000005" classname="piecewiseDistrb" name="PCWInversionMethod_works_as_expected"/>
  </testsuite>
  <testsuite name="piecewiseHazards" timestamp="2023-12-11T09:24:49Z" hostname="a0dc7a6fd6f7" tests="2" skipped="0" failures="0" errors="0" time="0.018">
    <testcase time="0.00900000000001455" classname="piecewiseHazards" name="getPWCHazard_works_as_expected"/>
    <testcase time="0.00899999999998613" classname="piecewiseHazards" name="getSumPCW_works_as_expected"/>
  </testsuite>
  <testsuite name="survivalFunctions" timestamp="2023-12-11T09:24:49Z" hostname="a0dc7a6fd6f7" tests="37" skipped="0" failures="0" errors="0" time="0.3">
    <testcase time="0.0109999999999957" classname="survivalFunctions" name="ExpSurvPFS_works_as_expected"/>
    <testcase time="0.00300000000001432" classname="survivalFunctions" name="ExpSurvPFS_works_as_expected"/>
    <testcase time="0.00699999999997658" classname="survivalFunctions" name="ExpSurvPFS_works_also_with_vector_of_times_t"/>
    <testcase time="0.0190000000000055" classname="survivalFunctions" name="ExpSurvOS_works_as_expected"/>
    <testcase time="0.00300000000001432" classname="survivalFunctions" name="ExpSurvOS_works_as_expected"/>
    <testcase time="0.0029999999999859" classname="survivalFunctions" name="ExpSurvOS_works_as_expected"/>
    <testcase time="0.007000000000005" classname="survivalFunctions" name="ExpSurvOS_works_also_with_vector_of_times_t"/>
    <testcase time="0.00800000000000978" classname="survivalFunctions" name="WeibSurvPFS_works_as_expected"/>
    <testcase time="0.0029999999999859" classname="survivalFunctions" name="WeibSurvPFS_works_as_expected"/>
    <testcase time="0.00800000000000978" classname="survivalFunctions" name="integrateVector_works_as_expected"/>
    <testcase time="0.00600000000000023" classname="survivalFunctions" name="WeibOSInteg_works_as_expected_with_scalar_x"/>
    <testcase time="0.0029999999999859" classname="survivalFunctions" name="WeibOSInteg_works_as_expected_with_scalar_x"/>
    <testcase time="0.00600000000000023" classname="survivalFunctions" name="WeibOSInteg_works_as_expected_with_vector_x"/>
    <testcase time="0.00300000000001432" classname="survivalFunctions" name="WeibOSInteg_works_as_expected_with_vector_x"/>
    <testcase time="0.00600000000000023" classname="survivalFunctions" name="WeibOSInteg_works_as_expected_with_scalar_t"/>
    <testcase time="0.0029999999999859" classname="survivalFunctions" name="WeibOSInteg_works_as_expected_with_scalar_t"/>
    <testcase time="0.00900000000001455" classname="survivalFunctions" name="WeibSurvOS_works_as_expected"/>
    <testcase time="0.0029999999999859" classname="survivalFunctions" name="WeibSurvOS_works_as_expected"/>
    <testcase time="0.0040000000000191" classname="survivalFunctions" name="WeibSurvOS_works_as_expected"/>
    <testcase time="0.00799999999998136" classname="survivalFunctions" name="pwA_works_as_expected"/>
    <testcase time="0.007000000000005" classname="survivalFunctions" name="PWCsurvPFS_works_as_expected"/>
    <testcase time="0.00300000000001432" classname="survivalFunctions" name="PWCsurvPFS_works_as_expected"/>
    <testcase time="0.00399999999999068" classname="survivalFunctions" name="PWCsurvPFS_works_as_expected"/>
    <testcase time="0.0209999999999866" classname="survivalFunctions" name="PWCsurvOS_works_as_expected"/>
    <testcase time="0.0040000000000191" classname="survivalFunctions" name="PWCsurvOS_works_as_expected"/>
    <testcase time="0.00499999999999545" classname="survivalFunctions" name="PWCsurvOS_works_as_expected"/>
    <testcase time="0.00600000000000023" classname="survivalFunctions" name="PWCsurvOS_does_not_return_values_larger_than_1"/>
    <testcase time="0.0349999999999966" classname="survivalFunctions" name="PWCsurvOS_is_monotonically_decreasing_and_not_larger_than_1"/>
    <testcase time="0.00300000000001432" classname="survivalFunctions" name="PWCsurvOS_is_monotonically_decreasing_and_not_larger_than_1"/>
    <testcase time="0.0029999999999859" classname="survivalFunctions" name="PWCsurvOS_is_monotonically_decreasing_and_not_larger_than_1"/>
    <testcase time="0.0279999999999916" classname="survivalFunctions" name="PWCsurvOS_gives_equal_results_as_the_numerical_integration"/>
    <testcase time="0.00800000000000978" classname="survivalFunctions" name="PwcOSInt_works_as_expected"/>
    <testcase time="0.00399999999999068" classname="survivalFunctions" name="PwcOSInt_works_as_expected"/>
    <testcase time="0.0040000000000191" classname="survivalFunctions" name="PwcOSInt_works_as_expected"/>
    <testcase time="0.0209999999999866" classname="survivalFunctions" name="singleExpQuantOS_works_as_expected"/>
    <testcase time="0.00900000000001455" classname="survivalFunctions" name="ExpQuantOS_works_as_expected"/>
    <testcase time="0.0120000000000005" classname="survivalFunctions" name="ExpQuantOS_works_also_with_vector_of_quantiles_q"/>
  </testsuite>
  <testsuite name="transitionParameters" timestamp="2023-12-11T09:24:49Z" hostname="a0dc7a6fd6f7" tests="19" skipped="0" failures="0" errors="0" time="0.097">
    <testcase time="0.00999999999999091" classname="transitionParameters" name="exponential_transition_works_as_expected"/>
    <testcase time="0.0029999999999859" classname="transitionParameters" name="exponential_transition_works_as_expected"/>
    <testcase time="0.00300000000001432" classname="transitionParameters" name="exponential_transition_works_as_expected"/>
    <testcase time="0.00399999999999068" classname="transitionParameters" name="exponential_transition_works_as_expected"/>
    <testcase time="0.0040000000000191" classname="transitionParameters" name="exponential_transition_works_as_expected"/>
    <testcase time="0.00499999999999545" classname="transitionParameters" name="exponential_transition_works_as_expected"/>
    <testcase time="0.007000000000005" classname="transitionParameters" name="piecewise_exponential_works_as_expected"/>
    <testcase time="0.0029999999999859" classname="transitionParameters" name="piecewise_exponential_works_as_expected"/>
    <testcase time="0.00300000000001432" classname="transitionParameters" name="piecewise_exponential_works_as_expected"/>
    <testcase time="0.0029999999999859" classname="transitionParameters" name="piecewise_exponential_works_as_expected"/>
    <testcase time="0.00499999999999545" classname="transitionParameters" name="piecewise_exponential_works_as_expected"/>
    <testcase time="0.00499999999999545" classname="transitionParameters" name="piecewise_exponential_works_as_expected"/>
    <testcase time="0.0040000000000191" classname="transitionParameters" name="piecewise_exponential_works_as_expected"/>
    <testcase time="0.00799999999998136" classname="transitionParameters" name="weibull_transition_works_as_expected"/>
    <testcase time="0.00300000000001432" classname="transitionParameters" name="weibull_transition_works_as_expected"/>
    <testcase time="0.0029999999999859" classname="transitionParameters" name="weibull_transition_works_as_expected"/>
    <testcase time="0.00300000000001432" classname="transitionParameters" name="weibull_transition_works_as_expected"/>
    <testcase time="0.0169999999999959" classname="transitionParameters" name="weibull_transition_works_as_expected"/>
    <testcase time="0.00399999999999068" classname="transitionParameters" name="weibull_transition_works_as_expected"/>
  </testsuite>
  <testsuite name="waitTimeSum" timestamp="2023-12-11T09:24:49Z" hostname="a0dc7a6fd6f7" tests="3" skipped="0" failures="0" errors="0" time="0.025">
    <testcase time="0.0100000000000193" classname="waitTimeSum" name="getWaitTimeSum_works_as_expected_for_sum_of_constant_hazards"/>
    <testcase time="0.00699999999997658" classname="waitTimeSum" name="getWaitTimeSum_works_as_expected_for_sum_of_hazards_entry_0_"/>
    <testcase time="0.00800000000000978" classname="waitTimeSum" name="getWaitTimeSum_works_as_expected_for_sum_of_hazards_entry_0_"/>
  </testsuite>
</testsuites>
